IQ-TREE multicore version 1.3.2 for Mac OS X 64-bit built Jun 11 2015
Copyright (c) 2011-2015 Nguyen Lam Tung, Olga Chernomor, Arndt von Haeseler and Bui Quang Minh.

Host:    vetmac06.vet.cam.ac.uk (AVX, 64 GB RAM)
Command: iqtree-omp -nt 1 -s ../../data/vill_2.phy -spp vill_partition_gene_r20.nex -pre vill_2_gene_r20
Seed:    620560 (Using SPRNG - Scalable Parallel Random Number Generator)
Time:    Fri Jun 26 08:32:45 2015
Kernel:  AVX - 1 threads (16 CPU cores detected)

Reading partition model file vill_partition_gene_r20.nex ...
Reading alignment file ../../data/vill_2.phy ... Phylip format detected
Alignment most likely contains DNA/RNA sequences
Alignment has 857 sequences with 6987 columns and 4690 patterns (4415 informative sites)
                 Gap/Ambiguity  Composition  p-value
   1  HOUSE3408_10198    0.00%    passed     96.01%
   2  HOUSE1791_9488     0.00%    passed     93.45%
   3  HOUSE4561_4509     0.00%    passed     99.38%
   4  HOUSE2210_12285    0.00%    passed     96.83%
   5  HOUSE4151_4110     0.00%    passed     72.01%
   6  HOUSE2484_7072     0.00%    passed     93.82%
   7  HOUSE622_11712     0.00%    passed     86.82%
   8  HOUSE615_12834     0.00%    passed     95.11%
   9  HOUSE1232_1216     0.00%    passed     94.84%
  10  HOUSE5258_12687    0.00%    passed     98.27%
  11  HOUSE3301_9471     0.00%    passed     58.81%
  12  HOUSE6019_11850    0.00%    passed     77.29%
  13  HOUSE479_13605     0.00%    passed     77.23%
  14  HOUSE1069_9595     0.00%    passed     87.91%
  15  HOUSE1360_7370     0.00%    passed     53.55%
  16  HOUSE3979_11562    0.00%    passed     67.45%
  17  HOUSE559_531       0.00%    passed     90.21%
  18  HOUSE4237_4186     0.00%    passed     96.35%
  19  HOUSE5318_5298     0.00%    passed     73.87%
  20  HOUSE3886_3843     0.00%    passed     91.63%
  21  HOUSE1439_1425     0.00%    passed     48.70%
  22  HOUSE6019_10215    0.00%    passed     97.88%
  23  HOUSE4995_11419    0.00%    passed     95.49%
  24  HOUSE744_12078     0.00%    passed     94.31%
  25  HOUSE3812_12136    0.00%    passed     99.05%
  26  HOUSE844_831       0.00%    passed     98.76%
  27  HOUSE2161_11026    0.00%    passed     97.39%
  28  HOUSE2816_8929     0.00%    passed     98.89%
  29  HOUSE395_381       0.00%    passed     88.92%
  30  HOUSE400_11823     0.00%    passed     83.94%
  31  HOUSE1303_11606    0.00%    passed     84.27%
  32  HOUSE1670_6517     0.00%    passed     88.32%
  33  HOUSE426_410       0.00%    passed     76.67%
  34  HOUSE4520_4476     0.00%    passed     93.75%
  35  HOUSE1843_1838     0.00%    passed     99.61%
  36  HOUSE1608_12396    0.00%    passed     97.71%
  37  HOUSE3470_3419     0.00%    passed     95.01%
  38  HOUSE5401_5383     0.00%    passed     88.26%
  39  HOUSE1859_1849     0.00%    passed     98.91%
  40  HOUSE128_11191     0.00%    passed     99.47%
  41  HOUSE1273_11605    0.00%    passed     97.95%
  42  HOUSE3202_13323    0.00%    passed     97.13%
  43  HOUSE600_10185     0.00%    passed     91.17%
  44  HOUSE847_835       0.00%    passed     94.21%
  45  HOUSE125_9298      0.00%    passed     79.65%
  46  HOUSE5204_9508     0.00%    passed     96.60%
  47  HOUSE5961_8858     0.00%    passed     88.06%
  48  HOUSE647_609       0.00%    passed     97.35%
  49  HOUSE3086_3062     0.00%    passed     97.68%
  50  HOUSE3654_11422    0.00%    passed     98.57%
  51  HOUSE6019_6111     0.00%    passed     92.88%
  52  HOUSE4490_6607     0.00%    passed     93.23%
  53  HOUSE6019_6095     0.00%    passed     88.81%
  54  HOUSE795_12322     0.00%    passed     94.19%
  55  HOUSE1762_7001     0.00%    passed     89.79%
  56  HOUSE1762_1761     0.00%    passed     90.01%
  57  HOUSE150_132       0.00%    passed     91.38%
  58  HOUSE6019_6141     0.00%    passed     89.97%
  59  HOUSE1570_1553     0.00%    passed     95.39%
  60  HOUSE966_10629     0.00%    passed     97.52%
  61  HOUSE6019_6165     0.00%    passed     96.25%
  62  HOUSE3414_7002     0.00%    passed     97.60%
  63  HOUSE6019_6171     0.00%    passed     97.78%
  64  HOUSE949_930       0.00%    passed     96.48%
  65  HOUSE885_10855     0.00%    passed     99.51%
  66  HOUSE4749_6868     0.00%    passed     96.34%
  67  HOUSE570_10474     0.00%    passed     98.74%
  68  HOUSE2443_6794     0.00%    passed     89.19%
  69  HOUSE6019_6936     0.00%    passed     92.27%
  70  HOUSE6019_7075     0.00%    passed     93.93%
  71  HOUSE362_12890     0.00%    passed     90.60%
  72  HOUSE2620_13235    0.00%    passed     95.77%
  73  HOUSE1989_8752     0.00%    passed     93.45%
  74  HOUSE6019_11113    0.00%    passed     82.93%
  75  HOUSE2823_2816     0.00%    passed     88.09%
  76  HOUSE970_8726      0.00%    passed     94.60%
  77  HOUSE718_9711      0.00%    passed     98.74%
  78  HOUSE4147_4105     0.00%    passed     84.03%
  79  HOUSE5439_9844     0.00%    passed     88.06%
  80  HOUSE2982_7389     0.00%    passed     99.92%
  81  HOUSE2982_7754     0.00%    passed     97.51%
  82  HOUSE1664_1659     0.00%    passed     87.12%
  83  HOUSE5454_5441     0.00%    passed     99.70%
  84  HOUSE5953_7223     0.00%    passed     94.11%
  85  HOUSE269_9846      0.00%    passed     95.38%
  86  HOUSE2027_2027     0.00%    passed     79.26%
  87  HOUSE2303_8583     0.00%    passed     87.78%
  88  HOUSE1915_1911     0.00%    passed     79.19%
  89  HOUSE6019_11491    0.00%    passed     74.65%
  90  HOUSE4034_3994     0.00%    passed     70.90%
  91  HOUSE4034_3995     0.00%    passed     60.59%
  92  HOUSE1251_9296     0.00%    passed     70.98%
  93  HOUSE4935_8314     0.00%    passed     86.02%
  94  HOUSE1534_8978     0.00%    passed     88.97%
  95  HOUSE2969_10222    0.00%    passed     91.57%
  96  HOUSE1387_1369     0.00%    passed     67.79%
  97  HOUSE5742_12521    0.00%    passed     58.14%
  98  HOUSE5516_5506     0.00%    passed     95.45%
  99  HOUSE2594_2604     0.00%    passed     97.93%
 100  HOUSE1155_9734     0.00%    passed     84.57%
 101  HOUSE1843_1839     0.00%    passed     83.05%
 102  HOUSE3940_3897     0.00%    passed     90.91%
 103  HOUSE2684_9879     0.00%    passed     99.71%
 104  HOUSE514_8061      0.00%    passed     98.80%
 105  HOUSE4513_4470     0.00%    passed     99.14%
 106  HOUSE277_251       0.00%    passed     74.74%
 107  HOUSE6019_11028    0.00%    passed     83.03%
 108  HOUSE2170_2190     0.00%    passed     97.36%
 109  HOUSE4251_4207     0.00%    passed     96.36%
 110  HOUSE4251_14175    0.00%    passed     97.74%
 111  HOUSE806_8864      0.00%    passed     97.56%
 112  HOUSE712_684       0.00%    passed     99.37%
 113  HOUSE3706_11872    0.00%    passed     97.50%
 114  HOUSE999_14444     0.00%    passed     99.49%
 115  HOUSE1741_1733     0.00%    passed     96.50%
 116  HOUSE2186_6970     0.00%    passed     98.11%
 117  HOUSE3262_10530    0.00%    passed     99.19%
 118  HOUSE779_9519      0.00%    passed     99.10%
 119  HOUSE4651_4618     0.00%    passed     80.21%
 120  HOUSE739_8853      0.00%    passed     99.13%
 121  HOUSE1909_11404    0.00%    passed     93.54%
 122  HOUSE2245_2269     0.00%    passed     97.91%
 123  HOUSE3192_3144     0.00%    passed     97.94%
 124  HOUSE3298_6399     0.00%    passed     97.51%
 125  HOUSE1446_11197    0.00%    passed     89.36%
 126  HOUSE5895_5875     0.00%    passed     85.80%
 127  HOUSE5485_5473     0.00%    passed     98.28%
 128  HOUSE5989_7086     0.00%    passed     96.16%
 129  HOUSE733_13813     0.00%    passed     95.24%
 130  HOUSE2429_2444     0.00%    passed     83.32%
 131  HOUSE2070_2070     0.00%    passed     92.78%
 132  HOUSE2123_6949     0.00%    passed     96.30%
 133  HOUSE1022_995      0.00%    passed     95.84%
 134  HOUSE5820_10126    0.00%    passed     97.93%
 135  HOUSE4670_10817    0.00%    passed     83.02%
 136  HOUSE2388_9264     0.00%    passed     81.92%
 137  HOUSE2690_11412    0.00%    passed     89.69%
 138  HOUSE6019_11992    0.00%    passed     79.11%
 139  HOUSE2278_2290     0.00%    passed     98.40%
 140  HOUSE2383_2398     0.00%    passed     98.17%
 141  HOUSE1318_6427     0.00%    passed     78.10%
 142  HOUSE416_13098     0.00%    passed     80.22%
 143  HOUSE598_11926     0.00%    passed     81.19%
 144  HOUSE1739_11395    0.00%    passed     88.50%
 145  HOUSE4132_4092     0.00%    passed     82.40%
 146  HOUSE4892_11420    0.00%    passed     77.73%
 147  HOUSE3501_3447     0.00%    passed     85.39%
 148  HOUSE80_9883       0.00%    passed     94.25%
 149  HOUSE841_826       0.00%    passed     96.71%
 150  HOUSE2_10583       0.00%    passed     93.21%
 151  HOUSE2381_2396     0.00%    passed     94.91%
 152  HOUSE3723_14040    0.00%    passed     74.02%
 153  HOUSE2444_10321    0.00%    passed     99.31%
 154  HOUSE5799_8754     0.00%    passed     93.18%
 155  HOUSE1177_9702     0.00%    passed     97.68%
 156  HOUSE5708_5698     0.00%    passed     95.13%
 157  HOUSE6019_10354    0.00%    passed     99.96%
 158  HOUSE169_147       0.00%    passed     97.56%
 159  HOUSE3680_11324    0.00%    passed     99.90%
 160  HOUSE2925_8915     0.00%    passed     95.59%
 161  HOUSE409_394       0.00%    passed     81.44%
 162  HOUSE3931_11709    0.00%    passed     97.31%
 163  HOUSE6019_11177    0.00%    passed     98.15%
 164  HOUSE329_6961      0.00%    passed     94.99%
 165  HOUSE524_503       0.00%    passed     98.54%
 166  HOUSE524_12483     0.00%    passed     97.39%
 167  HOUSE5373_6584     0.00%    passed     94.60%
 168  HOUSE1219_1202     0.00%    passed     96.93%
 169  HOUSE1729_1724     0.00%    passed     95.86%
 170  HOUSE367_359       0.00%    passed     84.84%
 171  HOUSE4935_8402     0.00%    passed     83.74%
 172  HOUSE2956_10091    0.00%    passed     96.44%
 173  HOUSE2895_10730    0.00%    passed     90.05%
 174  HOUSE3127_3095     0.00%    passed     86.12%
 175  HOUSE5610_5600     0.00%    passed     69.10%
 176  HOUSE2524_2541     0.00%    passed     95.64%
 177  HOUSE4154_11079    0.00%    passed     97.05%
 178  HOUSE2864_11006    0.00%    passed     99.33%
 179  HOUSE318_297       0.00%    passed     92.00%
 180  HOUSE6019_7378     0.00%    passed     93.79%
 181  HOUSE5135_8931     0.00%    passed     89.94%
 182  HOUSE3346_3294     0.00%    passed     94.96%
 183  HOUSE3346_12936    0.00%    passed     91.33%
 184  HOUSE728_13026     0.00%    passed     99.83%
 185  HOUSE2929_2922     0.00%    passed     99.78%
 186  HOUSE2929_7928     0.00%    passed     99.04%
 187  HOUSE3052_7643     0.00%    passed     97.83%
 188  HOUSE3052_8807     0.00%    passed     99.70%
 189  HOUSE414_398       0.00%    passed     98.28%
 190  HOUSE4540_4489     0.00%    passed     97.09%
 191  HOUSE2716_12053    0.00%    passed     98.88%
 192  HOUSE4223_9435     0.00%    passed     94.25%
 193  HOUSE808_11536     0.00%    passed     96.14%
 194  HOUSE3666_3606     0.00%    passed     98.92%
 195  HOUSE3879_3835     0.00%    passed     81.79%
 196  HOUSE388_10590     0.00%    passed     87.97%
 197  HOUSE3007_13723    0.00%    passed     92.70%
 198  HOUSE2142_10688    0.00%    passed     61.21%
 199  HOUSE466_9847      0.00%    passed     95.44%
 200  HOUSE2776_2770     0.00%    passed     96.40%
 201  HOUSE4792_4756     0.00%    passed     96.86%
 202  HOUSE1645_10275    0.00%    passed     79.37%
 203  HOUSE6019_14050    0.00%    passed     90.51%
 204  HOUSE3733_3679     0.00%    passed     97.27%
 205  HOUSE3391_3340     0.00%    passed     73.83%
 206  HOUSE1501_11033    0.00%    passed     63.90%
 207  HOUSE2640_7390     0.00%    passed     96.19%
 208  HOUSE2858_7326     0.00%    passed     97.40%
 209  HOUSE5871_5848     0.00%    passed     98.91%
 210  HOUSE741_8010      0.00%    passed     99.34%
 211  HOUSE4412_4374     0.00%    passed     99.08%
 212  HOUSE6019_11435    0.00%    passed     99.86%
 213  HOUSE4634_7502     0.00%    passed     95.70%
 214  HOUSE4634_4599     0.00%    passed     99.24%
 215  HOUSE5592_5587     0.00%    passed     92.17%
 216  HOUSE5569_5564     0.00%    passed     97.19%
 217  HOUSE5139_5103     0.00%    passed     90.37%
 218  HOUSE2602_9991     0.00%    passed     99.86%
 219  HOUSE4600_6215     0.00%    passed     99.37%
 220  HOUSE3280_13020    0.00%    passed     98.42%
 221  HOUSE4755_10432    0.00%    passed     99.91%
 222  HOUSE3653_3598     0.00%    passed     99.85%
 223  HOUSE6019_12069    0.00%    passed     98.39%
 224  HOUSE152_10701     0.00%    passed     98.58%
 225  HOUSE5977_13161    0.00%    passed     99.98%
 226  HOUSE4569_10433    0.00%    passed     99.31%
 227  HOUSE4539_8227     0.00%    passed     97.86%
 228  HOUSE2950_7756     0.00%    passed     93.21%
 229  HOUSE1007_981      0.00%    passed     98.66%
 230  HOUSE1007_980      0.00%    passed     96.30%
 231  HOUSE5652_7118     0.00%    passed     95.60%
 232  HOUSE5652_9013     0.00%    passed     97.36%
 233  HOUSE2289_10869    0.00%    passed     97.72%
 234  HOUSE1312_12984    0.00%    passed     98.00%
 235  HOUSE3050_7810     0.00%    passed     90.36%
 236  HOUSE1125_7312     0.00%    passed     96.47%
 237  HOUSE773_7251      0.00%    passed     98.14%
 238  HOUSE137_12356     0.00%    passed     97.76%
 239  HOUSE4418_4381     0.00%    passed     98.33%
 240  HOUSE2099_2109     0.00%    passed     99.29%
 241  HOUSE5710_5700     0.00%    passed     99.91%
 242  HOUSE4243_4196     0.00%    passed     99.72%
 243  HOUSE4243_8953     0.00%    passed     99.79%
 244  HOUSE716_8460      0.00%    passed     82.09%
 245  HOUSE3710_3651     0.00%    passed     96.77%
 246  HOUSE1410_11634    0.00%    passed     88.43%
 247  HOUSE6019_12101    0.00%    passed     93.76%
 248  HOUSE1015_10843    0.00%    passed     97.16%
 249  HOUSE1015_11838    0.00%    passed     97.43%
 250  HOUSE1998_1989     0.00%    passed     95.71%
 251  HOUSE1998_1988     0.00%    passed     95.07%
 252  HOUSE1003_13027    0.00%    passed     78.84%
 253  HOUSE2020_2014     0.00%    passed     94.20%
 254  HOUSE6019_6183     0.00%    passed     97.12%
 255  HOUSE1278_12769    0.00%    passed     96.42%
 256  HOUSE1761_8309     0.00%    passed     92.30%
 257  HOUSE755_733       0.00%    passed     90.73%
 258  HOUSE2650_8367     0.00%    passed     97.59%
 259  HOUSE486_458       0.00%    passed     99.26%
 260  HOUSE2300_2311     0.00%    passed     94.41%
 261  HOUSE314_295       0.00%    passed     98.37%
 262  HOUSE521_499       0.00%    passed     93.52%
 263  HOUSE2261_11919    0.00%    passed     94.27%
 264  HOUSE534_508       0.00%    passed     82.79%
 265  HOUSE4264_7761     0.00%    passed     93.67%
 266  HOUSE1401_10999    0.00%    passed     98.94%
 267  HOUSE2302_2312     0.00%    passed     89.96%
 268  HOUSE665_7453      0.00%    passed     86.25%
 269  HOUSE2613_12071    0.00%    passed     99.12%
 270  HOUSE2733_8889     0.00%    passed     80.89%
 271  HOUSE4291_4248     0.00%    passed     87.92%
 272  HOUSE1829_1829     0.00%    passed     83.32%
 273  HOUSE1829_1828     0.00%    passed     82.86%
 274  HOUSE1736_1729     0.00%    passed     94.36%
 275  HOUSE1595_14300    0.00%    passed     96.21%
 276  HOUSE6019_7545     0.00%    passed     96.78%
 277  HOUSE730_708       0.00%    passed     91.89%
 278  HOUSE6019_11677    0.00%    passed     91.27%
 279  HOUSE1637_1631     0.00%    passed     91.22%
 280  HOUSE3647_3590     0.00%    passed     92.14%
 281  HOUSE3611_3558     0.00%    passed     81.13%
 282  HOUSE2572_12427    0.00%    passed     93.47%
 283  HOUSE3821_3774     0.00%    passed     97.18%
 284  HOUSE3821_3775     0.00%    passed     95.03%
 285  HOUSE6019_10266    0.00%    passed     77.07%
 286  HOUSE1596_1587     0.00%    passed     99.89%
 287  HOUSE5943_10260    0.00%    passed     97.81%
 288  HOUSE4498_4465     0.00%    passed     99.07%
 289  HOUSE3888_3846     0.00%    passed     96.43%
 290  HOUSE1628_1617     0.00%    passed     83.30%
 291  HOUSE5983_11301    0.00%    passed     65.15%
 292  HOUSE2253_11888    0.00%    passed     99.07%
 293  HOUSE142_124       0.00%    passed     95.05%
 294  HOUSE1589_14404    0.00%    passed     97.54%
 295  HOUSE483_452       0.00%    passed     95.43%
 296  HOUSE4355_4318     0.00%    passed     99.86%
 297  HOUSE1526_1508     0.00%    passed     90.98%
 298  HOUSE5904_5883     0.00%    passed     83.37%
 299  HOUSE2660_2666     0.00%    passed     87.58%
 300  HOUSE5773_5759     0.00%    passed     99.81%
 301  HOUSE2778_11648    0.00%    passed     98.87%
 302  HOUSE2117_10778    0.00%    passed     99.51%
 303  HOUSE4175_10755    0.00%    passed     99.50%
 304  HOUSE4738_6589     0.00%    passed     92.01%
 305  HOUSE6019_6132     0.00%    passed     92.70%
 306  HOUSE2732_8808     0.00%    passed     96.51%
 307  HOUSE2088_2092     0.00%    passed     98.98%
 308  HOUSE557_529       0.00%    passed     97.47%
 309  HOUSE361_349       0.00%    passed     89.10%
 310  HOUSE1210_1191     0.00%    passed     99.09%
 311  HOUSE3607_3555     0.00%    passed     96.48%
 312  HOUSE2974_12215    0.00%    passed     96.60%
 313  HOUSE2296_2304     0.00%    passed     99.49%
 314  HOUSE509_6483      0.00%    passed     99.55%
 315  HOUSE5170_8527     0.00%    passed     97.17%
 316  HOUSE984_966       0.00%    passed     94.93%
 317  HOUSE2026_6511     0.00%    passed     94.74%
 318  HOUSE1968_11790    0.00%    passed     99.53%
 319  HOUSE4811_4781     0.00%    passed     95.67%
 320  HOUSE2703_7455     0.00%    passed     98.83%
 321  HOUSE2596_2607     0.00%    passed     98.34%
 322  HOUSE541_12223     0.00%    passed     97.57%
 323  HOUSE1516_12920    0.00%    passed     98.72%
 324  HOUSE359_11393     0.00%    passed     99.25%
 325  HOUSE3910_3871     0.00%    passed     99.21%
 326  HOUSE5940_10042    0.00%    passed     98.17%
 327  HOUSE1755_6414     0.00%    passed     98.56%
 328  HOUSE5112_5072     0.00%    passed     91.01%
 329  HOUSE695_11017     0.00%    passed     80.67%
 330  HOUSE1364_1344     0.00%    passed     68.61%
 331  HOUSE1364_11131    0.00%    passed     67.50%
 332  HOUSE2092_2100     0.00%    passed     66.43%
 333  HOUSE4707_4678     0.00%    passed     78.54%
 334  HOUSE584_12067     0.00%    passed     99.66%
 335  HOUSE3742_10638    0.00%    passed     97.18%
 336  HOUSE5013_4984     0.00%    passed     99.50%
 337  HOUSE4551_9272     0.00%    passed     55.01%
 338  HOUSE3119_8506     0.00%    passed     77.41%
 339  HOUSE3066_8744     0.00%    passed     72.32%
 340  HOUSE3817_3769     0.00%    passed     98.28%
 341  HOUSE3593_8618     0.00%    passed     89.74%
 342  HOUSE6019_11039    0.00%    passed     98.90%
 343  HOUSE1575_1558     0.00%    passed     99.13%
 344  HOUSE971_11839     0.00%    passed     97.09%
 345  HOUSE671_7942      0.00%    passed     98.57%
 346  HOUSE671_639       0.00%    passed     96.84%
 347  HOUSE4751_6889     0.00%    passed     98.29%
 348  HOUSE3204_3154     0.00%    passed     99.01%
 349  HOUSE1529_8048     0.00%    passed     60.20%
 350  HOUSE2723_12749    0.00%    passed     67.27%
 351  HOUSE1208_1186     0.00%    passed     80.78%
 352  HOUSE2051_13758    0.00%    passed     67.89%
 353  HOUSE5320_5300     0.00%    passed     94.75%
 354  HOUSE6019_10839    0.00%    passed     92.96%
 355  HOUSE782_764       0.00%    passed     95.23%
 356  HOUSE6019_13264    0.00%    passed     94.19%
 357  HOUSE720_9423      0.00%    passed     96.45%
 358  HOUSE720_9365      0.00%    passed     99.30%
 359  HOUSE2146_10821    0.00%    passed     87.53%
 360  HOUSE1757_9999     0.00%    passed     78.77%
 361  HOUSE4023_3985     0.00%    passed     87.56%
 362  HOUSE2218_2243     0.00%    passed     92.51%
 363  HOUSE5061_14150    0.00%    passed     97.43%
 364  HOUSE396_7277      0.00%    passed     95.48%
 365  HOUSE5776_5764     0.00%    passed     94.59%
 366  HOUSE4679_8649     0.00%    passed     96.69%
 367  HOUSE497_474       0.00%    passed     94.54%
 368  HOUSE2765_2764     0.00%    passed     98.66%
 369  HOUSE6019_6136     0.00%    passed     98.05%
 370  HOUSE1868_7374     0.00%    passed     99.25%
 371  HOUSE815_12201     0.00%    passed     97.87%
 372  HOUSE1967_10980    0.00%    passed     77.60%
 373  HOUSE3396_7768     0.00%    passed     99.12%
 374  HOUSE530_506       0.00%    passed     97.48%
 375  HOUSE2704_6459     0.00%    passed     95.48%
 376  HOUSE2991_13627    0.00%    passed     96.89%
 377  HOUSE5072_5038     0.00%    passed     92.62%
 378  HOUSE6019_6175     0.00%    passed     81.70%
 379  HOUSE2330_10372    0.00%    passed     93.05%
 380  HOUSE663_630       0.00%    passed     94.17%
 381  HOUSE1925_1924     0.00%    passed     82.87%
 382  HOUSE1925_1925     0.00%    passed     82.26%
 383  HOUSE2028_9368     0.00%    passed     74.58%
 384  HOUSE4737_4707     0.00%    passed     90.86%
 385  HOUSE3416_12905    0.00%    passed     92.87%
 386  HOUSE372_9469      0.00%    passed     93.94%
 387  HOUSE2098_2107     0.00%    passed     96.90%
 388  HOUSE3328_3278     0.00%    passed     95.66%
 389  HOUSE4127_11598    0.00%    passed     94.83%
 390  HOUSE3411_13791    0.00%    passed     93.03%
 391  HOUSE3411_9636     0.00%    passed     87.99%
 392  HOUSE1520_11450    0.00%    passed     99.33%
 393  HOUSE913_13386     0.00%    passed     95.38%
 394  HOUSE3638_3582     0.00%    passed     84.27%
 395  HOUSE29_8868       0.00%    passed     98.14%
 396  HOUSE4277_4234     0.00%    passed     97.87%
 397  HOUSE4277_12090    0.00%    passed     99.62%
 398  HOUSE2019_2012     0.00%    passed     98.95%
 399  HOUSE2363_11051    0.00%    passed     98.38%
 400  HOUSE13_12         0.00%    passed     98.13%
 401  HOUSE1900_11379    0.00%    passed     98.97%
 402  HOUSE4853_12047    0.00%    passed     98.56%
 403  HOUSE818_794       0.00%    passed     99.30%
 404  HOUSE13_13         0.00%    passed     88.96%
 405  HOUSE1139_10239    0.00%    passed     94.93%
 406  HOUSE2992_7661     0.00%    passed     77.77%
 407  HOUSE2587_11429    0.00%    passed     87.79%
 408  HOUSE760_9688      0.00%    passed     91.27%
 409  HOUSE6019_10055    0.00%    passed     99.03%
 410  HOUSE1305_10786    0.00%    passed     99.94%
 411  HOUSE2188_8500     0.00%    passed     98.03%
 412  HOUSE4352_11381    0.00%    passed     98.66%
 413  HOUSE1768_1770     0.00%    passed     99.08%
 414  HOUSE2786_12014    0.00%    passed     97.00%
 415  HOUSE143_126       0.00%    passed     89.89%
 416  HOUSE143_14240     0.00%    passed     81.53%
 417  HOUSE4077_4036     0.00%    passed     98.98%
 418  HOUSE4077_4037     0.00%    passed     94.61%
 419  HOUSE2258_10781    0.00%    passed     90.65%
 420  HOUSE6019_13634    0.00%    passed     99.85%
 421  HOUSE1574_8398     0.00%    passed     95.26%
 422  HOUSE910_892       0.00%    passed     92.03%
 423  HOUSE4873_12768    0.00%    passed     99.15%
 424  HOUSE3624_7660     0.00%    passed     99.53%
 425  HOUSE4408_11321    0.00%    passed     90.80%
 426  HOUSE3794_3753     0.00%    passed     81.73%
 427  HOUSE1096_11473    0.00%    passed     99.56%
 428  HOUSE1096_11159    0.00%    passed     99.07%
 429  HOUSE1200_7408     0.00%    passed     96.92%
 430  HOUSE1567_1548     0.00%    passed     99.87%
 431  HOUSE1313_1288     0.00%    passed     98.17%
 432  HOUSE494_470       0.00%    passed     99.97%
 433  HOUSE230_9615      0.00%    passed     98.51%
 434  HOUSE4156_4116     0.00%    passed     84.45%
 435  HOUSE5650_8068     0.00%    passed     90.90%
 436  HOUSE4986_4961     0.00%    passed     97.60%
 437  HOUSE2730_7609     0.00%    passed     83.97%
 438  HOUSE897_9907      0.00%    passed     74.17%
 439  HOUSE3563_14130    0.00%    passed     65.29%
 440  HOUSE918_900       0.00%    passed     59.79%
 441  HOUSE6019_11965    0.00%    passed     73.27%
 442  HOUSE2562_11040    0.00%    passed     97.93%
 443  HOUSE209_192       0.00%    passed     79.13%
 444  HOUSE825_11602     0.00%    passed     88.03%
 445  HOUSE3546_10900    0.00%    passed     61.75%
 446  HOUSE3368_7994     0.00%    passed     95.71%
 447  HOUSE2499_2525     0.00%    passed     95.60%
 448  HOUSE5923_12364    0.00%    passed     92.17%
 449  HOUSE1697_12740    0.00%    passed     98.32%
 450  HOUSE2455_8895     0.00%    passed     94.58%
 451  HOUSE5359_10695    0.00%    passed     96.44%
 452  HOUSE1438_10803    0.00%    passed     98.99%
 453  HOUSE820_8029      0.00%    passed     92.63%
 454  HOUSE2050_2052     0.00%    passed     99.62%
 455  HOUSE2912_7210     0.00%    passed     99.43%
 456  HOUSE5650_8759     0.00%    passed     99.47%
 457  HOUSE3184_3142     0.00%    passed     99.41%
 458  HOUSE424_407       0.00%    passed     97.03%
 459  HOUSE797_10456     0.00%    passed     98.62%
 460  HOUSE3264_7514     0.00%    passed     97.08%
 461  HOUSE6019_10010    0.00%    passed     85.20%
 462  HOUSE3259_8914     0.00%    passed     95.57%
 463  HOUSE6019_10050    0.00%    passed     90.61%
 464  HOUSE571_11797     0.00%    passed     90.75%
 465  HOUSE2342_8932     0.00%    passed     98.03%
 466  HOUSE2752_12856    0.00%    passed     99.92%
 467  HOUSE6019_12937    0.00%    passed     99.67%
 468  HOUSE2251_9835     0.00%    passed     96.11%
 469  HOUSE2020_14549    0.00%    passed     98.50%
 470  HOUSE2079_2083     0.00%    passed     98.36%
 471  HOUSE656_620       0.00%    passed     99.65%
 472  HOUSE6019_11273    0.00%    passed     78.35%
 473  HOUSE620_11735     0.00%    passed     93.95%
 474  HOUSE1643_1640     0.00%    passed     94.97%
 475  HOUSE4078_6411     0.00%    passed     94.11%
 476  HOUSE882_9235      0.00%    passed     98.21%
 477  HOUSE4788_4753     0.00%    passed     99.91%
 478  HOUSE5127_5092     0.00%    passed     97.17%
 479  HOUSE4736_8566     0.00%    passed     96.80%
 480  HOUSE4736_7833     0.00%    passed     94.61%
 481  HOUSE4954_13690    0.00%    passed     99.91%
 482  HOUSE932_7770      0.00%    passed     97.34%
 483  HOUSE3002_13261    0.00%    passed     95.01%
 484  HOUSE1342_13398    0.00%    passed     97.49%
 485  HOUSE648_10313     0.00%    passed     95.35%
 486  HOUSE1593_1580     0.00%    passed     95.44%
 487  HOUSE5931_11385    0.00%    passed     98.88%
 488  HOUSE1650_11843    0.00%    passed     98.63%
 489  HOUSE648_611       0.00%    passed     96.49%
 490  HOUSE5992_10085    0.00%    passed     97.31%
 491  HOUSE5992_10497    0.00%    passed     98.43%
 492  HOUSE1901_9390     0.00%    passed     92.74%
 493  HOUSE1493_1472     0.00%    passed     97.69%
 494  HOUSE6019_10579    0.00%    passed     98.92%
 495  HOUSE4384_10015    0.00%    passed     97.97%
 496  HOUSE935_920       0.00%    passed     98.52%
 497  HOUSE2847_2838     0.00%    passed     99.15%
 498  HOUSE2337_12585    0.00%    passed     97.15%
 499  HOUSE5971_9242     0.00%    passed     89.30%
 500  HOUSE478_7535      0.00%    passed     98.67%
 501  HOUSE2945_2936     0.00%    passed     92.59%
 502  HOUSE6019_6054     0.00%    passed     78.69%
 503  HOUSE1585_1570     0.00%    passed     87.41%
 504  HOUSE404_11731     0.00%    passed     76.69%
 505  HOUSE1943_6442     0.00%    passed     83.46%
 506  HOUSE6019_10942    0.00%    passed     89.37%
 507  HOUSE201_11834     0.00%    passed     91.56%
 508  HOUSE1222_9533     0.00%    passed     91.52%
 509  HOUSE1974_9498     0.00%    passed     98.45%
 510  HOUSE2887_11143    0.00%    passed     74.40%
 511  HOUSE1823_1825     0.00%    passed     84.21%
 512  HOUSE3866_10363    0.00%    passed     95.46%
 513  HOUSE4579_6408     0.00%    passed     94.78%
 514  HOUSE2656_8681     0.00%    passed     94.21%
 515  HOUSE226_10449     0.00%    passed     84.03%
 516  HOUSE2470_2492     0.00%    passed     97.53%
 517  HOUSE6019_11961    0.00%    passed     73.34%
 518  HOUSE2365_13048    0.00%    passed     85.56%
 519  HOUSE6019_12574    0.00%    passed     93.37%
 520  HOUSE1990_6977     0.00%    passed     89.02%
 521  HOUSE66_52         0.00%    passed     80.44%
 522  HOUSE2587_10314    0.00%    passed     97.78%
 523  HOUSE1060_12305    0.00%    passed     97.07%
 524  HOUSE1204_9266     0.00%    passed     90.94%
 525  HOUSE196_6875      0.00%    passed     94.51%
 526  HOUSE3947_9839     0.00%    passed     87.42%
 527  HOUSE4397_4363     0.00%    passed     87.97%
 528  HOUSE492_467       0.00%    passed     90.20%
 529  HOUSE2030_9719     0.00%    passed     92.88%
 530  HOUSE3910_3870     0.00%    passed     97.30%
 531  HOUSE2030_13633    0.00%    passed     97.90%
 532  HOUSE166_8755      0.00%    passed     87.08%
 533  HOUSE2611_7760     0.00%    passed     97.41%
 534  HOUSE3329_7887     0.00%    passed     95.36%
 535  HOUSE183_165       0.00%    passed     96.83%
 536  HOUSE1154_6238     0.00%    passed     94.54%
 537  HOUSE7_11390       0.00%    passed     93.86%
 538  HOUSE2624_2630     0.00%    passed     97.47%
 539  HOUSE2619_2624     0.00%    passed     98.37%
 540  HOUSE310_10941     0.00%    passed     99.32%
 541  HOUSE2306_2318     0.00%    passed     95.36%
 542  HOUSE2380_10602    0.00%    passed     91.22%
 543  HOUSE2738_2738     0.00%    passed     95.66%
 544  HOUSE3954_3911     0.00%    passed     79.74%
 545  HOUSE984_6479      0.00%    passed     83.07%
 546  HOUSE1677_10406    0.00%    passed     87.66%
 547  HOUSE2298_2306     0.00%    passed     84.28%
 548  HOUSE2298_9536     0.00%    passed     87.95%
 549  HOUSE669_634       0.00%    passed     92.02%
 550  HOUSE2370_2382     0.00%    passed     76.45%
 551  HOUSE610_11724     0.00%    passed     91.97%
 552  HOUSE6019_6492     0.00%    passed     93.12%
 553  HOUSE3484_9873     0.00%    passed     91.36%
 554  HOUSE2403_10608    0.00%    passed     87.15%
 555  HOUSE2370_2383     0.00%    passed     93.07%
 556  HOUSE1513_1492     0.00%    passed     83.38%
 557  HOUSE620_9194      0.00%    passed     95.53%
 558  HOUSE4316_4271     0.00%    passed     77.94%
 559  HOUSE4456_4423     0.00%    passed     86.19%
 560  HOUSE5612_8879     0.00%    passed     83.03%
 561  HOUSE5969_12374    0.00%    passed     88.33%
 562  HOUSE2702_2714     0.00%    passed     97.18%
 563  HOUSE6019_8116     0.00%    passed     99.02%
 564  HOUSE3128_3096     0.00%    passed     94.31%
 565  HOUSE3601_8164     0.00%    passed     95.44%
 566  HOUSE5524_11930    0.00%    passed     99.02%
 567  HOUSE628_591       0.00%    passed     98.39%
 568  HOUSE4654_12544    0.00%    passed     98.53%
 569  HOUSE3943_3900     0.00%    passed     95.38%
 570  HOUSE2876_12634    0.00%    passed     93.84%
 571  HOUSE2115_13782    0.00%    passed     95.35%
 572  HOUSE6019_13103    0.00%    passed     94.13%
 573  HOUSE2813_11683    0.00%    passed     99.73%
 574  HOUSE5334_5312     0.00%    passed     99.91%
 575  HOUSE4454_10254    0.00%    passed     85.53%
 576  HOUSE2180_6255     0.00%    passed     95.19%
 577  HOUSE5651_5636     0.00%    passed     87.36%
 578  HOUSE244_227       0.00%    passed     79.39%
 579  HOUSE4116_4075     0.00%    passed     72.31%
 580  HOUSE2034_2034     0.00%    passed     67.93%
 581  HOUSE1659_6362     0.00%    passed     89.41%
 582  HOUSE2061_2063     0.00%    passed     77.22%
 583  HOUSE1245_1231     0.00%    passed     88.03%
 584  HOUSE808_787       0.00%    passed     83.65%
 585  HOUSE2921_6391     0.00%    passed     80.09%
 586  HOUSE858_842       0.00%    passed     88.79%
 587  HOUSE2486_2508     0.00%    passed     98.74%
 588  HOUSE1739_6841     0.00%    passed     99.33%
 589  HOUSE17_10392      0.00%    passed     99.47%
 590  HOUSE5541_5536     0.00%    passed     90.37%
 591  HOUSE3142_3104     0.00%    passed     96.67%
 592  HOUSE2264_6521     0.00%    passed     86.08%
 593  HOUSE1883_1872     0.00%    passed     98.25%
 594  HOUSE6019_7713     0.00%    passed     96.69%
 595  HOUSE1623_1609     0.00%    passed     98.41%
 596  HOUSE5287_5264     0.00%    passed     99.82%
 597  HOUSE2490_10329    0.00%    passed     90.33%
 598  HOUSE2670_13518    0.00%    passed     93.78%
 599  HOUSE5765_6522     0.00%    passed     94.61%
 600  HOUSE1807_8866     0.00%    passed     99.65%
 601  HOUSE4175_11018    0.00%    passed     96.08%
 602  HOUSE3745_10484    0.00%    passed     91.91%
 603  HOUSE1289_8935     0.00%    passed     86.32%
 604  HOUSE5096_5062     0.00%    passed     99.88%
 605  HOUSE3229_3184     0.00%    passed     87.89%
 606  HOUSE4616_4574     0.00%    passed     96.83%
 607  HOUSE5452_5438     0.00%    passed     98.10%
 608  HOUSE2772_2769     0.00%    passed     99.20%
 609  HOUSE4309_4263     0.00%    passed     80.37%
 610  HOUSE3871_3829     0.00%    passed     94.36%
 611  HOUSE1715_12852    0.00%    passed     97.25%
 612  HOUSE2183_2204     0.00%    passed     96.06%
 613  HOUSE2967_13061    0.00%    passed     95.67%
 614  HOUSE5425_14105    0.00%    passed     96.14%
 615  HOUSE6019_8925     0.00%    passed     90.32%
 616  HOUSE5405_8509     0.00%    passed     99.69%
 617  HOUSE131_11512     0.00%    passed     96.71%
 618  HOUSE1725_1720     0.00%    passed     95.00%
 619  HOUSE3022_12138    0.00%    passed     93.06%
 620  HOUSE2421_2438     0.00%    passed     97.80%
 621  HOUSE561_11220     0.00%    passed     88.81%
 622  HOUSE2753_7962     0.00%    passed     90.70%
 623  HOUSE2201_9412     0.00%    passed     90.38%
 624  HOUSE128_10568     0.00%    passed     96.37%
 625  HOUSE204_7243      0.00%    passed     95.32%
 626  HOUSE4297_4254     0.00%    passed     96.18%
 627  HOUSE4547_4495     0.00%    passed     96.87%
 628  HOUSE2408_11515    0.00%    passed     87.10%
 629  HOUSE2812_9196     0.00%    passed     94.40%
 630  HOUSE726_8486      0.00%    passed     99.78%
 631  HOUSE239_8368      0.00%    passed     93.37%
 632  HOUSE491_11802     0.00%    passed     98.69%
 633  HOUSE4827_4798     0.00%    passed     91.97%
 634  HOUSE2507_2531     0.00%    passed     76.52%
 635  HOUSE49_36         0.00%    passed     95.30%
 636  HOUSE3435_6328     0.00%    passed     79.63%
 637  HOUSE236_214       0.00%    passed     90.20%
 638  HOUSE236_215       0.00%    passed     93.87%
 639  HOUSE2187_2211     0.00%    passed     93.15%
 640  HOUSE2190_2213     0.00%    passed     74.89%
 641  HOUSE6019_10749    0.00%    passed     95.98%
 642  HOUSE3785_7179     0.00%    passed     96.39%
 643  HOUSE2997_11114    0.00%    passed     87.74%
 644  HOUSE4601_4551     0.00%    passed     86.05%
 645  HOUSE235_213       0.00%    passed     78.47%
 646  HOUSE1421_1408     0.00%    passed     96.01%
 647  HOUSE867_853       0.00%    passed     89.76%
 648  HOUSE2284_2296     0.00%    passed     97.71%
 649  HOUSE2555_2566     0.00%    passed     93.62%
 650  HOUSE4907_4878     0.00%    passed     90.38%
 651  HOUSE5490_11809    0.00%    passed     98.97%
 652  HOUSE6019_6058     0.00%    passed     90.00%
 653  HOUSE2294_10616    0.00%    passed     93.64%
 654  HOUSE3691_13955    0.00%    passed     96.66%
 655  HOUSE5848_5829     0.00%    passed     98.66%
 656  HOUSE5603_5598     0.00%    passed     98.88%
 657  HOUSE1847_10373    0.00%    passed     95.55%
 658  HOUSE3857_9031     0.00%    passed     92.21%
 659  HOUSE6019_13581    0.00%    passed     97.15%
 660  HOUSE409_12170     0.00%    passed     97.56%
 661  HOUSE440_10628     0.00%    passed     97.73%
 662  HOUSE2742_2746     0.00%    passed     96.53%
 663  HOUSE2915_7311     0.00%    passed     85.53%
 664  HOUSE1860_10310    0.00%    passed     83.99%
 665  HOUSE4386_6673     0.00%    passed     81.85%
 666  HOUSE1126_10815    0.00%    passed     78.82%
 667  HOUSE6019_10067    0.00%    passed     81.24%
 668  HOUSE2213_2236     0.00%    passed     69.70%
 669  HOUSE38_6237       0.00%    passed     96.60%
 670  HOUSE38_8381       0.00%    passed     84.07%
 671  HOUSE2166_8390     0.00%    passed     88.51%
 672  HOUSE6019_6146     0.00%    passed     99.58%
 673  HOUSE681_11973     0.00%    passed     99.95%
 674  HOUSE2025_2022     0.00%    passed     99.55%
 675  HOUSE5222_5192     0.00%    passed     97.33%
 676  HOUSE5222_5193     0.00%    passed     95.32%
 677  HOUSE2014_2008     0.00%    passed     93.32%
 678  HOUSE5239_5211     0.00%    passed     95.20%
 679  HOUSE2672_10027    0.00%    passed     99.67%
 680  HOUSE4796_8282     0.00%    passed     93.33%
 681  HOUSE4796_6271     0.00%    passed     96.24%
 682  HOUSE1782_7309     0.00%    passed     99.77%
 683  HOUSE6019_7917     0.00%    passed     93.31%
 684  HOUSE4056_9202     0.00%    passed     94.68%
 685  HOUSE6019_12986    0.00%    passed     97.32%
 686  HOUSE4828_7182     0.00%    passed     98.18%
 687  HOUSE485_8676      0.00%    passed     98.67%
 688  HOUSE3357_3306     0.00%    passed     91.65%
 689  HOUSE2384_7572     0.00%    passed     86.58%
 690  HOUSE4753_12391    0.00%    passed     98.93%
 691  HOUSE135_12306     0.00%    passed     89.84%
 692  HOUSE1138_8822     0.00%    passed     98.15%
 693  HOUSE4141_13478    0.00%    passed     98.56%
 694  HOUSE1673_11698    0.00%    passed     94.39%
 695  HOUSE5259_5234     0.00%    passed     93.94%
 696  HOUSE2517_2535     0.00%    passed     69.34%
 697  HOUSE995_6768      0.00%    passed     94.10%
 698  HOUSE2734_8149     0.00%    passed     88.83%
 699  HOUSE850_10294     0.00%    passed     89.22%
 700  HOUSE1732_10298    0.00%    passed     98.44%
 701  HOUSE2774_8082     0.00%    passed     97.01%
 702  HOUSE5684_8429     0.00%    passed     84.66%
 703  HOUSE2252_6715     0.00%    passed     88.52%
 704  HOUSE5568_5563     0.00%    passed     98.40%
 705  HOUSE6019_6125     0.00%    passed     93.07%
 706  HOUSE6019_7702     0.00%    passed     99.17%
 707  HOUSE5889_7266     0.00%    passed     88.79%
 708  HOUSE5831_5814     0.00%    passed     81.15%
 709  HOUSE176_10916     0.00%    passed     93.79%
 710  HOUSE1496_11201    0.00%    passed     81.40%
 711  HOUSE1496_1477     0.00%    passed     82.19%
 712  HOUSE2351_11164    0.00%    passed     94.18%
 713  HOUSE2351_11817    0.00%    passed     84.12%
 714  HOUSE1699_7748     0.00%    passed     82.24%
 715  HOUSE3507_12050    0.00%    passed     83.38%
 716  HOUSE5519_11693    0.00%    passed     94.78%
 717  HOUSE1523_11793    0.00%    passed     99.83%
 718  HOUSE6019_6043     0.00%    passed     81.48%
 719  HOUSE1666_10893    0.00%    passed     89.54%
 720  HOUSE2442_11308    0.00%    passed     92.83%
 721  HOUSE4204_11604    0.00%    passed     92.46%
 722  HOUSE4204_12005    0.00%    passed     98.63%
 723  HOUSE403_386       0.00%    passed     84.79%
 724  HOUSE5822_14060    0.00%    passed     89.47%
 725  HOUSE1832_1832     0.00%    passed     95.84%
 726  HOUSE4040_4001     0.00%    passed     95.63%
 727  HOUSE1374_1355     0.00%    passed     96.80%
 728  HOUSE4743_8532     0.00%    passed     98.47%
 729  HOUSE6019_6067     0.00%    passed     97.91%
 730  HOUSE1766_1766     0.00%    passed     96.58%
 731  HOUSE1766_1767     0.00%    passed     93.89%
 732  HOUSE264_6989      0.00%    passed     96.79%
 733  HOUSE5902_5881     0.00%    passed     99.62%
 734  HOUSE1834_8028     0.00%    passed     96.93%
 735  HOUSE1987_11066    0.00%    passed     91.20%
 736  HOUSE300_10726     0.00%    passed     99.12%
 737  HOUSE4304_9334     0.00%    passed     98.85%
 738  HOUSE4304_9116     0.00%    passed     99.58%
 739  HOUSE432_11665     0.00%    passed     91.59%
 740  HOUSE5007_9842     0.00%    passed     95.64%
 741  HOUSE4839_12897    0.00%    passed     99.23%
 742  HOUSE956_7935      0.00%    passed     96.15%
 743  HOUSE1024_11153    0.00%    passed     90.62%
 744  HOUSE2469_2490     0.00%    passed     89.39%
 745  HOUSE2107_8600     0.00%    passed     99.06%
 746  HOUSE2405_2427     0.00%    passed     74.74%
 747  HOUSE1261_10625    0.00%    passed     92.92%
 748  HOUSE1149_8375     0.00%    passed     96.57%
 749  HOUSE3426_3376     0.00%    passed     98.98%
 750  HOUSE4831_12405    0.00%    passed     98.12%
 751  HOUSE1149_1112     0.00%    passed     90.77%
 752  HOUSE1437_13342    0.00%    passed     75.71%
 753  HOUSE3775_3734     0.00%    passed     87.47%
 754  HOUSE3787_3742     0.00%    passed     58.94%
 755  HOUSE953_13619     0.00%    passed     74.43%
 756  HOUSE6019_10315    0.00%    passed     64.25%
 757  HOUSE612_13131     0.00%    passed     86.13%
 758  HOUSE2232_6795     0.00%    passed     91.57%
 759  HOUSE2494_11678    0.00%    passed     83.25%
 760  HOUSE6019_12229    0.00%    passed     92.19%
 761  HOUSE4656_7416     0.00%    passed     94.47%
 762  HOUSE1863_9900     0.00%    passed     84.31%
 763  HOUSE835_10734     0.00%    passed     83.66%
 764  HOUSE1741_1732     0.00%    passed     94.81%
 765  HOUSE2850_2842     0.00%    passed     93.75%
 766  HOUSE3087_8814     0.00%    passed     91.68%
 767  HOUSE2239_8632     0.00%    passed     91.74%
 768  HOUSE4949_9793     0.00%    passed     86.52%
 769  HOUSE2373_10937    0.00%    passed     85.68%
 770  HOUSE634_597       0.00%    passed     84.52%
 771  HOUSE5825_5806     0.00%    passed     87.69%
 772  HOUSE713_686       0.00%    passed     85.31%
 773  HOUSE5611_5602     0.00%    passed     95.36%
 774  HOUSE4305_4260     0.00%    passed     90.03%
 775  HOUSE6019_6124     0.00%    passed     90.73%
 776  HOUSE2700_10487    0.00%    passed     91.55%
 777  HOUSE1995_1985     0.00%    passed     67.44%
 778  HOUSE2185_11188    0.00%    passed     91.16%
 779  HOUSE832_815       0.00%    passed     91.51%
 780  HOUSE3120_9993     0.00%    passed     83.78%
 781  HOUSE1562_1543     0.00%    passed     75.47%
 782  HOUSE3826_3780     0.00%    passed     86.05%
 783  HOUSE3826_8011     0.00%    passed     87.44%
 784  HOUSE2077_2078     0.00%    passed     91.11%
 785  HOUSE2077_2079     0.00%    passed     69.19%
 786  HOUSE6019_11869    0.00%    passed     79.04%
 787  HOUSE734_715       0.00%    passed     91.11%
 788  HOUSE4598_9984     0.00%    passed     88.84%
 789  HOUSE511_487       0.00%    passed     92.91%
 790  HOUSE770_12183     0.00%    passed     98.66%
 791  HOUSE5016_12784    0.00%    passed     96.49%
 792  HOUSE2498_2522     0.00%    passed     76.78%
 793  HOUSE3351_12245    0.00%    passed     98.74%
 794  HOUSE355_9760      0.00%    passed     88.70%
 795  HOUSE2600_2611     0.00%    passed     99.93%
 796  HOUSE6019_11047    0.00%    passed     99.16%
 797  HOUSE4549_10391    0.00%    passed     91.78%
 798  HOUSE5428_5409     0.00%    passed     97.97%
 799  HOUSE2196_2221     0.00%    passed     99.52%
 800  HOUSE1361_11388    0.00%    passed     80.76%
 801  HOUSE18_11477      0.00%    passed     93.45%
 802  HOUSE2546_12589    0.00%    passed     99.11%
 803  HOUSE94_14512      0.00%    passed     99.41%
 804  HOUSE809_9864      0.00%    passed     99.16%
 805  HOUSE5071_9118     0.00%    passed     98.48%
 806  HOUSE2477_2501     0.00%    passed     99.54%
 807  HOUSE1748_1741     0.00%    passed     99.14%
 808  HOUSE914_12813     0.00%    passed     93.92%
 809  HOUSE5681_5670     0.00%    passed     95.48%
 810  HOUSE3853_3812     0.00%    passed     97.78%
 811  HOUSE3489_9167     0.00%    passed     96.00%
 812  HOUSE2826_10796    0.00%    passed     98.29%
 813  HOUSE5778_9486     0.00%    passed     97.46%
 814  HOUSE1249_9894     0.00%    passed     98.25%
 815  HOUSE1511_10174    0.00%    passed     97.98%
 816  HOUSE5247_5220     0.00%    passed     91.74%
 817  HOUSE2376_10771    0.00%    passed     84.91%
 818  HOUSE4249_4203     0.00%    passed     92.62%
 819  HOUSE796_7930      0.00%    passed     90.02%
 820  HOUSE3924_3886     0.00%    passed     96.21%
 821  HOUSE3194_6273     0.00%    passed     93.42%
 822  HOUSE3194_6247     0.00%    passed     97.01%
 823  HOUSE936_11427     0.00%    passed     95.98%
 824  HOUSE1239_11737    0.00%    passed     97.50%
 825  HOUSE124_106       0.00%    passed     89.86%
 826  HOUSE2504_2528     0.00%    passed     97.78%
 827  HOUSE2984_2972     0.00%    passed     94.51%
 828  HOUSE6019_6059     0.00%    passed     94.60%
 829  HOUSE5388_10541    0.00%    passed     94.39%
 830  HOUSE4664_6321     0.00%    passed     97.24%
 831  HOUSE2687_11582    0.00%    passed     97.91%
 832  HOUSE4098_10416    0.00%    passed     96.16%
 833  HOUSE4098_4055     0.00%    passed     97.94%
 834  HOUSE254_8957      0.00%    passed     93.91%
 835  HOUSE1219_13756    0.00%    passed     96.14%
 836  HOUSE865_7750      0.00%    passed     95.48%
 837  HOUSE3479_3429     0.00%    passed     93.53%
 838  HOUSE4706_4676     0.00%    passed     97.39%
 839  HOUSE1137_6319     0.00%    passed     96.18%
 840  HOUSE458_11229     0.00%    passed     94.66%
 841  HOUSE4804_4766     0.00%    passed     92.80%
 842  HOUSE1377_10212    0.00%    passed     99.34%
 843  HOUSE5355_10026    0.00%    passed     90.11%
 844  HOUSE2862_2859     0.00%    passed     92.93%
 845  HOUSE1561_11480    0.00%    passed     90.96%
 846  HOUSE6019_6056     0.00%    passed     72.98%
 847  HOUSE1802_10378    0.00%    passed     80.98%
 848  HOUSE1275_7764     0.00%    passed     67.89%
 849  HOUSE1729_1725     0.00%    passed     79.54%
 850  HOUSE5807_8702     0.00%    passed     55.71%
 851  HOUSE821_9112      0.00%    passed     95.54%
 852  HOUSE2164_2182     0.00%    passed     56.74%
 853  HOUSE1228_1213     0.00%    passed     61.67%
 854  HOUSE1236_8970     0.00%    passed     79.66%
 855  HOUSE1627_10933    0.00%    passed     76.11%
 856  HOUSE1157_1124     0.00%    passed     80.83%
 857  HOUSE4226_4175     0.00%    passed     77.34%
****  TOTAL              0.00%  0 sequences failed composition chi2 test (p-value<5%; df=3)

Reading partition gag (model=GTR+R20, aln=, seq=DNA, pos=1-1479) ...
857 sequences and 1479 sites extracted

Reading partition pol (model=GTR+R20, aln=, seq=DNA, pos=1480-4479) ...
857 sequences and 3000 sites extracted

Reading partition env (model=GTR+R20, aln=, seq=DNA, pos=4480-6987) ...
857 sequences and 2508 sites extracted
Degree of missing data: 0.000


Create initial parsimony tree by phylogenetic likelihood library (PLL)... 2.986 seconds

NOTE: 2526 MB RAM is required!
Estimate model parameters (epsilon = 0.100)
Initial log-likelihood: -703529.673
Current log-likelihood at step 1: -693430.656
Current log-likelihood at step 2: -692918.396
Current log-likelihood at step 3: -692444.308
Current log-likelihood at step 4: -692356.152
Current log-likelihood at step 5: -692307.105
Current log-likelihood at step 6: -692274.890
Current log-likelihood at step 7: -692251.118
Current log-likelihood at step 8: -692228.512
Current log-likelihood at step 9: -692223.735
Current log-likelihood at step 10: -692222.642
Current log-likelihood at step 11: -692220.857
Current log-likelihood at step 12: -692218.753
Current log-likelihood at step 13: -692213.112
Current log-likelihood at step 14: -692207.517
Current log-likelihood at step 15: -692205.989
Current log-likelihood at step 16: -692200.312
Current log-likelihood at step 17: -692199.107
Current log-likelihood at step 18: -692197.674
Current log-likelihood at step 19: -692192.337
Current log-likelihood at step 20: -692190.160
Current log-likelihood at step 21: -692187.839
Current log-likelihood at step 22: -692187.559
Current log-likelihood at step 23: -692186.751
Current log-likelihood at step 24: -692186.529
Current log-likelihood at step 25: -692186.187
Current log-likelihood at step 26: -692185.743
Current log-likelihood at step 27: -692179.503
Current log-likelihood at step 28: -692173.436
Current log-likelihood at step 29: -692170.093
Current log-likelihood at step 30: -692169.192
Current log-likelihood at step 31: -692166.406
Current log-likelihood at step 32: -692158.487
Current log-likelihood at step 33: -692158.218
Current log-likelihood at step 34: -692158.062
Current log-likelihood at step 35: -692157.661
Current log-likelihood at step 36: -692157.428
Current log-likelihood at step 37: -692157.141
Current log-likelihood at step 38: -692155.930
Current log-likelihood at step 39: -692155.621
Current log-likelihood at step 40: -692155.432
Current log-likelihood at step 41: -692155.183
Current log-likelihood at step 42: -692154.869
Current log-likelihood at step 43: -692153.124
Current log-likelihood at step 44: -692152.513
Current log-likelihood at step 45: -692152.051
Current log-likelihood at step 46: -692151.381
Current log-likelihood at step 47: -692151.172
Current log-likelihood at step 48: -692150.706
Current log-likelihood at step 49: -692150.508
Current log-likelihood at step 50: -692149.355
Current log-likelihood at step 51: -692132.710
Current log-likelihood at step 52: -692129.943
Current log-likelihood at step 53: -692129.606
Current log-likelihood at step 54: -692128.404
Current log-likelihood at step 55: -692128.268
Current log-likelihood at step 56: -692128.140
Current log-likelihood at step 57: -692128.013
Current log-likelihood at step 58: -692127.889
Current log-likelihood at step 59: -692127.742
Current log-likelihood at step 60: -692127.604
Current log-likelihood at step 61: -692127.470
Current log-likelihood at step 62: -692127.356
Current log-likelihood at step 63: -692127.239
Current log-likelihood at step 64: -692126.089
Current log-likelihood at step 65: -692121.058
Current log-likelihood at step 66: -692119.812
Current log-likelihood at step 67: -692119.711
Current log-likelihood at step 68: -692119.598
Current log-likelihood at step 69: -692118.046
Current log-likelihood at step 70: -692117.790
Current log-likelihood at step 71: -692117.667
Current log-likelihood at step 72: -692117.557
Current log-likelihood at step 73: -692117.464
Partition-specific rates:  0.841 0.864 1.256
Parameters optimization took 72 rounds (7416.181 sec)

7422.345 seconds (logl: -692117.464)
Generating 99 parsimony trees... (0 duplicated parsimony trees)
Time: 285.398
Computing logl of parsimony trees ... 
Average wall time for computing logl of 1 parsimony tree: 10.618

Optimizing top parsimony trees with NNI...
Iteration 1 / LogL: -691993.767 / Time: 2h:26m:52s
Estimate model parameters (epsilon = 0.100)
Initial log-likelihood: -691993.763
Current log-likelihood at step 1: -691993.636
Current log-likelihood at step 2: -691993.520
Current log-likelihood at step 3: -691992.366
Current log-likelihood at step 4: -691992.264
Current log-likelihood at step 5: -691991.441
Current log-likelihood at step 6: -691991.363
Partition-specific rates:  0.835 0.863 1.261
Parameters optimization took 5 rounds (455.620 sec)

459.323 seconds (logl: -691991.363)
BETTER TREE FOUND at iteration 1: -691991.363
Iteration 2 / LogL: -691999.912 / Time: 2h:35m:19s
Iteration 3 / LogL: -691983.324 / Time: 2h:36m:8s
Estimate model parameters (epsilon = 0.100)
Initial log-likelihood: -691983.319
Current log-likelihood at step 1: -691983.256
Partition-specific rates:  0.835 0.863 1.261
Parameters optimization took 0 rounds (67.777 sec)

71.914 seconds (logl: -691983.256)
BETTER TREE FOUND at iteration 3: -691983.256
Iteration 4 / LogL: -691983.258 / Time: 2h:38m:15s
Iteration 5 / LogL: -691983.259 / Time: 2h:39m:3s
Iteration 6 / LogL: -691983.260 / Time: 2h:39m:53s
Iteration 7 / LogL: -691983.254 / Time: 2h:40m:47s
Estimate model parameters (epsilon = 0.100)
Initial log-likelihood: -691983.254
Current log-likelihood at step 1: -691983.181
Partition-specific rates:  0.835 0.863 1.261
Parameters optimization took 0 rounds (71.916 sec)

75.672 seconds (logl: -691983.181)
BETTER SCORE FOUND at iteration 7: -691983.181
Iteration 8 / LogL: -691983.182 / Time: 2h:42m:58s
Iteration 9 / LogL: -691983.176 / Time: 2h:43m:53s
Estimate model parameters (epsilon = 0.100)
Initial log-likelihood: -691983.173
Current log-likelihood at step 1: -691982.911
Current log-likelihood at step 2: -691982.836
Partition-specific rates:  0.836 0.862 1.262
Parameters optimization took 1 rounds (151.541 sec)

155.529 seconds (logl: -691982.836)
BETTER SCORE FOUND at iteration 9: -691982.836
Iteration 10 / LogL: -691982.849 / Time: 2h:47m:23s
Iteration 11 / LogL: -691999.440 / Time: 2h:48m:12s
Iteration 12 / LogL: -691982.849 / Time: 2h:49m:7s
Iteration 13 / LogL: -692007.911 / Time: 2h:50m:1s
Iteration 14 / LogL: -691982.847 / Time: 2h:50m:56s
Iteration 15 / LogL: -691982.845 / Time: 2h:51m:51s
Iteration 16 / LogL: -691978.719 / Time: 2h:52m:46s
Estimate model parameters (epsilon = 0.100)
Initial log-likelihood: -691978.719
Current log-likelihood at step 1: -691978.652
Partition-specific rates:  0.835 0.863 1.262
Parameters optimization took 0 rounds (71.258 sec)

75.172 seconds (logl: -691978.652)
BETTER TREE FOUND at iteration 16: -691978.652
Iteration 17 / LogL: -691982.782 / Time: 2h:54m:52s
Iteration 18 / LogL: -691982.787 / Time: 2h:55m:44s
Iteration 19 / LogL: -691982.788 / Time: 2h:56m:35s
Iteration 20 / LogL: -691999.302 / Time: 2h:57m:26s
Average CPU time for 1 NNI search: 92.838
Finish initializing candidate tree set. Number of distinct locally optimal trees: 12
Current best tree score: -691978.652 / CPU time: 3192.021
Estimate model parameters (epsilon = 0.001)
Initial log-likelihood: -691978.650
Current log-likelihood at step 1: -691978.587
Current log-likelihood at step 2: -691978.525
Current log-likelihood at step 3: -691978.445
Current log-likelihood at step 4: -691978.275
Current log-likelihood at step 5: -691978.205
Current log-likelihood at step 6: -691978.146
Current log-likelihood at step 7: -691978.075
Current log-likelihood at step 8: -691978.008
Current log-likelihood at step 9: -691977.936
Current log-likelihood at step 10: -691977.871
Current log-likelihood at step 11: -691977.805
Current log-likelihood at step 12: -691977.735
Current log-likelihood at step 13: -691977.661
Current log-likelihood at step 14: -691977.598
Current log-likelihood at step 15: -691977.313
Current log-likelihood at step 16: -691977.044
Current log-likelihood at step 17: -691977.004
Current log-likelihood at step 18: -691976.975
Current log-likelihood at step 19: -691976.937
Current log-likelihood at step 20: -691976.904
Current log-likelihood at step 21: -691976.870
Current log-likelihood at step 22: -691976.839
Current log-likelihood at step 23: -691976.806
Current log-likelihood at step 24: -691976.775
Current log-likelihood at step 25: -691976.744
Current log-likelihood at step 26: -691976.714
Current log-likelihood at step 27: -691976.681
Current log-likelihood at step 28: -691976.650
Current log-likelihood at step 29: -691976.618
Current log-likelihood at step 30: -691976.588
Current log-likelihood at step 31: -691976.553
Current log-likelihood at step 32: -691976.522
Current log-likelihood at step 33: -691976.488
Current log-likelihood at step 34: -691976.456
Current log-likelihood at step 35: -691976.421
Current log-likelihood at step 36: -691976.389
Current log-likelihood at step 37: -691976.359
Current log-likelihood at step 38: -691976.312
Current log-likelihood at step 39: -691976.267
Current log-likelihood at step 40: -691976.231
Current log-likelihood at step 41: -691976.200
Current log-likelihood at step 42: -691976.157
Current log-likelihood at step 43: -691976.107
Current log-likelihood at step 44: -691976.060
Current log-likelihood at step 45: -691976.049
Current log-likelihood at step 46: -691975.952
Current log-likelihood at step 47: -691975.934
Current log-likelihood at step 48: -691975.922
Current log-likelihood at step 49: -691975.905
Current log-likelihood at step 50: -691975.893
Current log-likelihood at step 51: -691975.881
Current log-likelihood at step 52: -691975.871
Current log-likelihood at step 53: -691975.859
Current log-likelihood at step 54: -691975.852
Current log-likelihood at step 55: -691975.839
Current log-likelihood at step 56: -691975.828
Current log-likelihood at step 57: -691975.812
Current log-likelihood at step 58: -691975.805
Current log-likelihood at step 59: -691975.785
Current log-likelihood at step 60: -691975.765
Current log-likelihood at step 61: -691975.743
Current log-likelihood at step 62: -691975.724
Current log-likelihood at step 63: -691975.705
Current log-likelihood at step 64: -691975.695
Current log-likelihood at step 65: -691975.685
Current log-likelihood at step 66: -691975.670
Current log-likelihood at step 67: -691975.660
Current log-likelihood at step 68: -691975.638
Current log-likelihood at step 69: -691975.624
Current log-likelihood at step 70: -691975.611
Current log-likelihood at step 71: -691975.598
Current log-likelihood at step 72: -691975.577
Current log-likelihood at step 73: -691975.554
Current log-likelihood at step 74: -691975.534
Current log-likelihood at step 75: -691975.514
Current log-likelihood at step 76: -691975.462
Current log-likelihood at step 77: -691975.399
Current log-likelihood at step 78: -691975.355
Current log-likelihood at step 79: -691975.347
Current log-likelihood at step 80: -691975.340
Current log-likelihood at step 81: -691975.335
Current log-likelihood at step 82: -691975.329
Current log-likelihood at step 83: -691975.320
Current log-likelihood at step 84: -691975.312
Current log-likelihood at step 85: -691975.303
Current log-likelihood at step 86: -691975.295
Current log-likelihood at step 87: -691975.286
Current log-likelihood at step 88: -691975.277
Current log-likelihood at step 89: -691975.268
Current log-likelihood at step 90: -691975.259
Current log-likelihood at step 91: -691975.251
Current log-likelihood at step 92: -691975.235
Current log-likelihood at step 93: -691975.222
Current log-likelihood at step 94: -691975.206
Current log-likelihood at step 95: -691975.176
Current log-likelihood at step 96: -691975.156
Current log-likelihood at step 97: -691975.147
Current log-likelihood at step 98: -691975.139
Current log-likelihood at step 99: -691975.131
Partition-specific rates:  0.834 0.862 1.264
Parameters optimization took 99 rounds (6586.211 sec)

6589.498 seconds (logl: -691975.131)
BETTER TREE FOUND at iteration 27: -691975.131 / CPU time: 18108s
Estimate model parameters (epsilon = 0.001)
Initial log-likelihood: -691974.548
Current log-likelihood at step 1: -691974.540
Current log-likelihood at step 2: -691974.531
Current log-likelihood at step 3: -691974.521
Current log-likelihood at step 4: -691974.512
Current log-likelihood at step 5: -691974.504
Current log-likelihood at step 6: -691974.496
Current log-likelihood at step 7: -691974.489
Current log-likelihood at step 8: -691974.481
Current log-likelihood at step 9: -691974.473
Current log-likelihood at step 10: -691974.464
Current log-likelihood at step 11: -691974.453
Current log-likelihood at step 12: -691974.446
Current log-likelihood at step 13: -691974.437
Current log-likelihood at step 14: -691974.430
Current log-likelihood at step 15: -691974.423
Current log-likelihood at step 16: -691974.414
Current log-likelihood at step 17: -691974.406
Current log-likelihood at step 18: -691974.399
Current log-likelihood at step 19: -691974.393
Current log-likelihood at step 20: -691974.386
Current log-likelihood at step 21: -691974.380
Current log-likelihood at step 22: -691974.374
Current log-likelihood at step 23: -691974.368
Current log-likelihood at step 24: -691974.362
Current log-likelihood at step 25: -691974.358
Current log-likelihood at step 26: -691974.350
Current log-likelihood at step 27: -691974.345
Current log-likelihood at step 28: -691974.330
Current log-likelihood at step 29: -691974.319
Current log-likelihood at step 30: -691974.309
Current log-likelihood at step 31: -691974.303
Current log-likelihood at step 32: -691974.297
Current log-likelihood at step 33: -691974.291
Current log-likelihood at step 34: -691974.283
Current log-likelihood at step 35: -691974.276
Current log-likelihood at step 36: -691974.268
Current log-likelihood at step 37: -691974.259
Current log-likelihood at step 38: -691971.950
Current log-likelihood at step 39: -691971.934
Current log-likelihood at step 40: -691971.921
Current log-likelihood at step 41: -691971.915
Current log-likelihood at step 42: -691971.909
Current log-likelihood at step 43: -691971.904
Current log-likelihood at step 44: -691971.899
Current log-likelihood at step 45: -691971.893
Current log-likelihood at step 46: -691971.888
Current log-likelihood at step 47: -691971.883
Current log-likelihood at step 48: -691971.878
Current log-likelihood at step 49: -691971.873
Current log-likelihood at step 50: -691971.868
Current log-likelihood at step 51: -691971.862
Current log-likelihood at step 52: -691971.857
Current log-likelihood at step 53: -691971.852
Current log-likelihood at step 54: -691971.847
Current log-likelihood at step 55: -691971.842
Current log-likelihood at step 56: -691971.837
Current log-likelihood at step 57: -691971.832
Current log-likelihood at step 58: -691971.827
Current log-likelihood at step 59: -691971.822
Current log-likelihood at step 60: -691971.817
Current log-likelihood at step 61: -691971.812
Current log-likelihood at step 62: -691971.807
Current log-likelihood at step 63: -691971.802
Current log-likelihood at step 64: -691971.797
Current log-likelihood at step 65: -691971.792
Current log-likelihood at step 66: -691971.786
Current log-likelihood at step 67: -691971.781
Current log-likelihood at step 68: -691971.776
Current log-likelihood at step 69: -691971.771
Current log-likelihood at step 70: -691971.766
Current log-likelihood at step 71: -691971.761
Current log-likelihood at step 72: -691971.756
Current log-likelihood at step 73: -691971.752
Current log-likelihood at step 74: -691971.747
Current log-likelihood at step 75: -691971.742
Current log-likelihood at step 76: -691971.738
Current log-likelihood at step 77: -691971.733
Current log-likelihood at step 78: -691971.729
Current log-likelihood at step 79: -691971.724
Current log-likelihood at step 80: -691971.720
Current log-likelihood at step 81: -691971.716
Current log-likelihood at step 82: -691971.711
Current log-likelihood at step 83: -691971.707
Current log-likelihood at step 84: -691971.703
Current log-likelihood at step 85: -691971.698
Current log-likelihood at step 86: -691971.694
Current log-likelihood at step 87: -691971.690
Current log-likelihood at step 88: -691971.686
Current log-likelihood at step 89: -691971.678
Current log-likelihood at step 90: -691971.673
Current log-likelihood at step 91: -691971.664
Current log-likelihood at step 92: -691971.659
Current log-likelihood at step 93: -691971.647
Current log-likelihood at step 94: -691971.636
Current log-likelihood at step 95: -691971.629
Current log-likelihood at step 96: -691971.619
Current log-likelihood at step 97: -691971.610
Current log-likelihood at step 98: -691971.601
Current log-likelihood at step 99: -691971.593
Partition-specific rates:  0.836 0.856 1.269
Parameters optimization took 99 rounds (6580.775 sec)

6584.137 seconds (logl: -691971.593)
BETTER TREE FOUND at iteration 29: -691971.593 / CPU time: 24936s
Iteration 30 / LogL: -691979.146 / Time: 6h:59m:18s (23h:51m:7s left)
Estimate model parameters (epsilon = 0.001)
Initial log-likelihood: -691971.190
Current log-likelihood at step 1: -691971.182
Current log-likelihood at step 2: -691971.175
Current log-likelihood at step 3: -691971.170
Current log-likelihood at step 4: -691971.162
Current log-likelihood at step 5: -691971.151
Current log-likelihood at step 6: -691971.143
Current log-likelihood at step 7: -691971.138
Current log-likelihood at step 8: -691971.133
Current log-likelihood at step 9: -691971.127
Current log-likelihood at step 10: -691971.122
Current log-likelihood at step 11: -691971.117
Current log-likelihood at step 12: -691971.112
Current log-likelihood at step 13: -691971.106
Current log-likelihood at step 14: -691971.101
Current log-likelihood at step 15: -691971.096
Current log-likelihood at step 16: -691971.090
Current log-likelihood at step 17: -691971.085
Current log-likelihood at step 18: -691971.080
Current log-likelihood at step 19: -691971.074
Current log-likelihood at step 20: -691971.069
Current log-likelihood at step 21: -691971.064
Current log-likelihood at step 22: -691971.058
Current log-likelihood at step 23: -691971.053
Current log-likelihood at step 24: -691971.048
Current log-likelihood at step 25: -691971.042
Current log-likelihood at step 26: -691971.037
Current log-likelihood at step 27: -691971.031
Current log-likelihood at step 28: -691971.026
Current log-likelihood at step 29: -691971.020
Current log-likelihood at step 30: -691971.015
Current log-likelihood at step 31: -691971.009
Current log-likelihood at step 32: -691971.003
Current log-likelihood at step 33: -691970.998
Current log-likelihood at step 34: -691970.992
Current log-likelihood at step 35: -691970.987
Current log-likelihood at step 36: -691970.981
Current log-likelihood at step 37: -691970.976
Current log-likelihood at step 38: -691970.971
Current log-likelihood at step 39: -691970.965
Current log-likelihood at step 40: -691970.960
Current log-likelihood at step 41: -691970.954
Current log-likelihood at step 42: -691970.949
Current log-likelihood at step 43: -691970.944
Current log-likelihood at step 44: -691970.938
Current log-likelihood at step 45: -691970.933
Current log-likelihood at step 46: -691970.928
Current log-likelihood at step 47: -691970.922
Current log-likelihood at step 48: -691970.917
Current log-likelihood at step 49: -691970.912
Current log-likelihood at step 50: -691970.906
Current log-likelihood at step 51: -691970.901
Current log-likelihood at step 52: -691970.896
Current log-likelihood at step 53: -691970.891
Current log-likelihood at step 54: -691970.885
Current log-likelihood at step 55: -691970.880
Current log-likelihood at step 56: -691970.874
Current log-likelihood at step 57: -691970.869
Current log-likelihood at step 58: -691970.863
Current log-likelihood at step 59: -691970.858
Current log-likelihood at step 60: -691970.853
Current log-likelihood at step 61: -691970.848
Current log-likelihood at step 62: -691970.842
Current log-likelihood at step 63: -691970.837
Current log-likelihood at step 64: -691970.831
Current log-likelihood at step 65: -691970.825
Current log-likelihood at step 66: -691970.814
Current log-likelihood at step 67: -691970.807
Current log-likelihood at step 68: -691970.797
Current log-likelihood at step 69: -691969.530
Current log-likelihood at step 70: -691969.504
Current log-likelihood at step 71: -691969.479
Current log-likelihood at step 72: -691969.459
Current log-likelihood at step 73: -691969.441
Current log-likelihood at step 74: -691969.427
Current log-likelihood at step 75: -691969.420
Current log-likelihood at step 76: -691969.401
Current log-likelihood at step 77: -691969.389
Current log-likelihood at step 78: -691969.378
Current log-likelihood at step 79: -691969.369
Current log-likelihood at step 80: -691969.355
Current log-likelihood at step 81: -691969.342
Current log-likelihood at step 82: -691969.332
Current log-likelihood at step 83: -691969.325
Current log-likelihood at step 84: -691969.311
Current log-likelihood at step 85: -691969.304
Current log-likelihood at step 86: -691969.291
Current log-likelihood at step 87: -691969.283
Current log-likelihood at step 88: -691969.272
Current log-likelihood at step 89: -691969.264
Current log-likelihood at step 90: -691969.253
Current log-likelihood at step 91: -691969.245
Current log-likelihood at step 92: -691969.236
Current log-likelihood at step 93: -691969.228
Current log-likelihood at step 94: -691969.218
Current log-likelihood at step 95: -691969.209
Current log-likelihood at step 96: -691969.201
Current log-likelihood at step 97: -691969.194
Current log-likelihood at step 98: -691969.184
Current log-likelihood at step 99: -691969.175
Partition-specific rates:  0.837 0.851 1.274
Parameters optimization took 99 rounds (6510.216 sec)

6513.587 seconds (logl: -691969.175)
BETTER TREE FOUND at iteration 31: -691969.175 / CPU time: 31677s
Estimate model parameters (epsilon = 0.001)
Initial log-likelihood: -691969.171
Current log-likelihood at step 1: -691969.163
Current log-likelihood at step 2: -691969.155
Current log-likelihood at step 3: -691969.147
Current log-likelihood at step 4: -691969.139
Current log-likelihood at step 5: -691969.131
Current log-likelihood at step 6: -691969.124
Current log-likelihood at step 7: -691969.115
Current log-likelihood at step 8: -691969.107
Current log-likelihood at step 9: -691969.099
Current log-likelihood at step 10: -691969.091
Current log-likelihood at step 11: -691969.082
Current log-likelihood at step 12: -691969.074
Current log-likelihood at step 13: -691969.066
Current log-likelihood at step 14: -691969.059
Current log-likelihood at step 15: -691969.050
Current log-likelihood at step 16: -691969.042
Current log-likelihood at step 17: -691969.035
Current log-likelihood at step 18: -691969.028
Current log-likelihood at step 19: -691969.019
Current log-likelihood at step 20: -691969.011
Current log-likelihood at step 21: -691969.004
Current log-likelihood at step 22: -691968.997
Current log-likelihood at step 23: -691968.989
Current log-likelihood at step 24: -691968.981
Current log-likelihood at step 25: -691968.975
Current log-likelihood at step 26: -691968.968
Current log-likelihood at step 27: -691968.960
Current log-likelihood at step 28: -691968.952
Current log-likelihood at step 29: -691968.946
Current log-likelihood at step 30: -691968.939
Current log-likelihood at step 31: -691968.932
Current log-likelihood at step 32: -691968.924
Current log-likelihood at step 33: -691968.921
Current log-likelihood at step 34: -691968.913
Current log-likelihood at step 35: -691968.905
Current log-likelihood at step 36: -691968.897
Current log-likelihood at step 37: -691968.889
Current log-likelihood at step 38: -691968.881
Current log-likelihood at step 39: -691968.873
Current log-likelihood at step 40: -691968.865
Current log-likelihood at step 41: -691968.857
Current log-likelihood at step 42: -691968.849
Current log-likelihood at step 43: -691968.842
Current log-likelihood at step 44: -691968.832
Current log-likelihood at step 45: -691968.108
Current log-likelihood at step 46: -691968.100
Current log-likelihood at step 47: -691968.091
Current log-likelihood at step 48: -691968.084
Current log-likelihood at step 49: -691968.078
Current log-likelihood at step 50: -691968.068
Current log-likelihood at step 51: -691968.060
Current log-likelihood at step 52: -691968.057
Current log-likelihood at step 53: -691968.044
Current log-likelihood at step 54: -691968.033
Current log-likelihood at step 55: -691968.018
Current log-likelihood at step 56: -691968.006
Current log-likelihood at step 57: -691967.994
Current log-likelihood at step 58: -691967.983
Current log-likelihood at step 59: -691967.972
Current log-likelihood at step 60: -691967.966
Current log-likelihood at step 61: -691967.957
Current log-likelihood at step 62: -691967.949
Current log-likelihood at step 63: -691967.939
Current log-likelihood at step 64: -691967.931
Current log-likelihood at step 65: -691967.922
Current log-likelihood at step 66: -691967.914
Current log-likelihood at step 67: -691967.907
Current log-likelihood at step 68: -691967.902
Current log-likelihood at step 69: -691967.890
Current log-likelihood at step 70: -691967.883
Current log-likelihood at step 71: -691967.875
Current log-likelihood at step 72: -691967.869
Current log-likelihood at step 73: -691967.859
Current log-likelihood at step 74: -691967.851
Current log-likelihood at step 75: -691967.844
Current log-likelihood at step 76: -691967.837
Current log-likelihood at step 77: -691967.831
Current log-likelihood at step 78: -691967.825
Current log-likelihood at step 79: -691967.818
Current log-likelihood at step 80: -691967.811
Current log-likelihood at step 81: -691967.805
Current log-likelihood at step 82: -691967.798
Current log-likelihood at step 83: -691967.792
Current log-likelihood at step 84: -691967.785
Current log-likelihood at step 85: -691967.779
Current log-likelihood at step 86: -691967.773
Current log-likelihood at step 87: -691967.767
Current log-likelihood at step 88: -691967.761
Current log-likelihood at step 89: -691967.754
Current log-likelihood at step 90: -691967.747
Current log-likelihood at step 91: -691967.740
Current log-likelihood at step 92: -691967.733
Current log-likelihood at step 93: -691967.727
Current log-likelihood at step 94: -691967.722
Current log-likelihood at step 95: -691967.714
Current log-likelihood at step 96: -691967.707
Current log-likelihood at step 97: -691967.700
Current log-likelihood at step 98: -691967.694
Current log-likelihood at step 99: -691967.688
Partition-specific rates:  0.837 0.849 1.276
Parameters optimization took 99 rounds (6463.251 sec)

6466.554 seconds (logl: -691967.688)
BETTER TREE FOUND at iteration 37: -691967.688 / CPU time: 38895s
Iteration 40 / LogL: -691967.756 / Time: 10h:56m:51s (27h:13m:30s left)
Estimate model parameters (epsilon = 0.001)
Initial log-likelihood: -691967.683
Current log-likelihood at step 1: -691967.675
Current log-likelihood at step 2: -691967.670
Current log-likelihood at step 3: -691967.666
Current log-likelihood at step 4: -691967.660
Current log-likelihood at step 5: -691967.656
Current log-likelihood at step 6: -691967.652
Current log-likelihood at step 7: -691967.647
Current log-likelihood at step 8: -691967.643
Current log-likelihood at step 9: -691967.638
Current log-likelihood at step 10: -691967.634
Current log-likelihood at step 11: -691967.630
Current log-likelihood at step 12: -691967.625
Current log-likelihood at step 13: -691967.620
Current log-likelihood at step 14: -691967.616
Current log-likelihood at step 15: -691967.611
Current log-likelihood at step 16: -691967.606
Current log-likelihood at step 17: -691967.601
Current log-likelihood at step 18: -691967.597
Current log-likelihood at step 19: -691967.592
Current log-likelihood at step 20: -691967.587
Current log-likelihood at step 21: -691967.582
Current log-likelihood at step 22: -691967.578
Current log-likelihood at step 23: -691967.573
Current log-likelihood at step 24: -691967.568
Current log-likelihood at step 25: -691967.564
Current log-likelihood at step 26: -691967.559
Current log-likelihood at step 27: -691967.554
Current log-likelihood at step 28: -691967.550
Current log-likelihood at step 29: -691967.545
Current log-likelihood at step 30: -691967.541
Current log-likelihood at step 31: -691967.536
Current log-likelihood at step 32: -691967.531
Current log-likelihood at step 33: -691967.527
Current log-likelihood at step 34: -691967.522
Current log-likelihood at step 35: -691967.519
Current log-likelihood at step 36: -691967.512
Current log-likelihood at step 37: -691967.507
Current log-likelihood at step 38: -691967.502
Current log-likelihood at step 39: -691967.497
Current log-likelihood at step 40: -691967.492
Current log-likelihood at step 41: -691967.488
Current log-likelihood at step 42: -691967.482
Current log-likelihood at step 43: -691967.476
Current log-likelihood at step 44: -691967.471
Current log-likelihood at step 45: -691967.465
Current log-likelihood at step 46: -691967.463
Current log-likelihood at step 47: -691967.456
Current log-likelihood at step 48: -691967.447
Current log-likelihood at step 49: -691967.438
Current log-likelihood at step 50: -691967.428
Current log-likelihood at step 51: -691967.418
Current log-likelihood at step 52: -691967.004
Current log-likelihood at step 53: -691966.996
Current log-likelihood at step 54: -691966.987
Current log-likelihood at step 55: -691966.979
Current log-likelihood at step 56: -691966.967
Current log-likelihood at step 57: -691966.956
Current log-likelihood at step 58: -691966.947
Current log-likelihood at step 59: -691966.943
Current log-likelihood at step 60: -691966.925
Current log-likelihood at step 61: -691966.916
Current log-likelihood at step 62: -691966.906
Current log-likelihood at step 63: -691966.899
Current log-likelihood at step 64: -691966.893
Current log-likelihood at step 65: -691966.879
Current log-likelihood at step 66: -691966.870
Current log-likelihood at step 67: -691966.864
Current log-likelihood at step 68: -691966.854
Current log-likelihood at step 69: -691966.845
Current log-likelihood at step 70: -691966.834
Current log-likelihood at step 71: -691966.828
Current log-likelihood at step 72: -691966.821
Current log-likelihood at step 73: -691966.814
Current log-likelihood at step 74: -691966.807
Current log-likelihood at step 75: -691966.800
Current log-likelihood at step 76: -691966.793
Current log-likelihood at step 77: -691966.787
Current log-likelihood at step 78: -691966.780
Current log-likelihood at step 79: -691966.773
Current log-likelihood at step 80: -691966.767
Current log-likelihood at step 81: -691966.760
Current log-likelihood at step 82: -691966.753
Current log-likelihood at step 83: -691966.747
Current log-likelihood at step 84: -691966.740
Current log-likelihood at step 85: -691966.733
Current log-likelihood at step 86: -691966.727
Current log-likelihood at step 87: -691966.720
Current log-likelihood at step 88: -691966.713
Current log-likelihood at step 89: -691966.707
Current log-likelihood at step 90: -691966.700
Current log-likelihood at step 91: -691966.693
Current log-likelihood at step 92: -691966.687
Current log-likelihood at step 93: -691966.680
Current log-likelihood at step 94: -691966.673
Current log-likelihood at step 95: -691966.667
Current log-likelihood at step 96: -691966.660
Current log-likelihood at step 97: -691966.654
Current log-likelihood at step 98: -691966.647
Current log-likelihood at step 99: -691966.641
Partition-specific rates:  0.837 0.847 1.279
Parameters optimization took 99 rounds (6487.375 sec)

6490.679 seconds (logl: -691966.641)
BETTER TREE FOUND at iteration 45: -691966.641 / CPU time: 46374s
Iteration 50 / LogL: -691966.642 / Time: 13h:6m:39s (25h:24m:59s left)
Estimate model parameters (epsilon = 0.001)
Initial log-likelihood: -691966.640
Current log-likelihood at step 1: -691966.631
Current log-likelihood at step 2: -691966.623
Current log-likelihood at step 3: -691966.619
Current log-likelihood at step 4: -691966.616
Current log-likelihood at step 5: -691966.613
Current log-likelihood at step 6: -691966.609
Current log-likelihood at step 7: -691966.606
Current log-likelihood at step 8: -691966.603
Current log-likelihood at step 9: -691966.599
Current log-likelihood at step 10: -691966.596
Current log-likelihood at step 11: -691966.592
Current log-likelihood at step 12: -691966.589
Current log-likelihood at step 13: -691966.586
Current log-likelihood at step 14: -691966.582
Current log-likelihood at step 15: -691966.579
Current log-likelihood at step 16: -691966.576
Current log-likelihood at step 17: -691966.572
Current log-likelihood at step 18: -691966.569
Current log-likelihood at step 19: -691966.566
Current log-likelihood at step 20: -691966.562
Current log-likelihood at step 21: -691966.559
Current log-likelihood at step 22: -691966.556
Current log-likelihood at step 23: -691966.552
Current log-likelihood at step 24: -691966.549
Current log-likelihood at step 25: -691966.546
Current log-likelihood at step 26: -691966.542
Current log-likelihood at step 27: -691966.539
Current log-likelihood at step 28: -691966.536
Current log-likelihood at step 29: -691966.533
Current log-likelihood at step 30: -691966.529
Current log-likelihood at step 31: -691966.526
Current log-likelihood at step 32: -691966.523
Current log-likelihood at step 33: -691966.520
Current log-likelihood at step 34: -691966.516
Current log-likelihood at step 35: -691966.513
Current log-likelihood at step 36: -691966.510
Current log-likelihood at step 37: -691966.507
Current log-likelihood at step 38: -691966.504
Current log-likelihood at step 39: -691966.500
Current log-likelihood at step 40: -691966.496
Current log-likelihood at step 41: -691966.492
Current log-likelihood at step 42: -691966.488
Current log-likelihood at step 43: -691966.482
Current log-likelihood at step 44: -691966.472
Current log-likelihood at step 45: -691966.467
Current log-likelihood at step 46: -691966.462
Current log-likelihood at step 47: -691965.462
Current log-likelihood at step 48: -691965.442
Current log-likelihood at step 49: -691965.435
Current log-likelihood at step 50: -691965.429
Current log-likelihood at step 51: -691965.423
Current log-likelihood at step 52: -691965.418
Current log-likelihood at step 53: -691965.412
Current log-likelihood at step 54: -691965.407
Current log-likelihood at step 55: -691965.402
Current log-likelihood at step 56: -691965.396
Current log-likelihood at step 57: -691965.391
Current log-likelihood at step 58: -691965.386
Current log-likelihood at step 59: -691965.380
Current log-likelihood at step 60: -691965.376
Current log-likelihood at step 61: -691965.370
Current log-likelihood at step 62: -691965.365
Current log-likelihood at step 63: -691965.360
Current log-likelihood at step 64: -691965.354
Current log-likelihood at step 65: -691965.349
Current log-likelihood at step 66: -691965.344
Current log-likelihood at step 67: -691965.340
Current log-likelihood at step 68: -691965.335
Current log-likelihood at step 69: -691965.330
Current log-likelihood at step 70: -691965.325
Current log-likelihood at step 71: -691965.321
Current log-likelihood at step 72: -691965.316
Current log-likelihood at step 73: -691965.311
Current log-likelihood at step 74: -691965.307
Current log-likelihood at step 75: -691965.302
Current log-likelihood at step 76: -691965.297
Current log-likelihood at step 77: -691965.293
Current log-likelihood at step 78: -691965.288
Current log-likelihood at step 79: -691965.284
Current log-likelihood at step 80: -691965.279
Current log-likelihood at step 81: -691965.275
Current log-likelihood at step 82: -691965.271
Current log-likelihood at step 83: -691965.266
Current log-likelihood at step 84: -691965.262
Current log-likelihood at step 85: -691965.258
Current log-likelihood at step 86: -691965.254
Current log-likelihood at step 87: -691965.249
Current log-likelihood at step 88: -691965.245
Current log-likelihood at step 89: -691965.241
Current log-likelihood at step 90: -691965.237
Current log-likelihood at step 91: -691965.232
Current log-likelihood at step 92: -691965.228
Current log-likelihood at step 93: -691965.224
Current log-likelihood at step 94: -691965.220
Current log-likelihood at step 95: -691965.215
Current log-likelihood at step 96: -691965.209
Current log-likelihood at step 97: -691965.202
Current log-likelihood at step 98: -691965.196
Current log-likelihood at step 99: -691965.190
Partition-specific rates:  0.838 0.844 1.282
Parameters optimization took 99 rounds (6476.827 sec)

6480.101 seconds (logl: -691965.190)
BETTER TREE FOUND at iteration 54: -691965.190 / CPU time: 53982s
Iteration 60 / LogL: -691966.204 / Time: 15h:15m:59s (24h:19m:14s left)
Iteration 70 / LogL: -691965.201 / Time: 15h:36m:28s (18h:59m:56s left)
Iteration 80 / LogL: -691965.265 / Time: 15h:58m:9s (14h:57m:26s left)
Estimate model parameters (epsilon = 0.001)
Initial log-likelihood: -691965.190
Current log-likelihood at step 1: -691965.184
Current log-likelihood at step 2: -691965.180
Current log-likelihood at step 3: -691965.177
Current log-likelihood at step 4: -691965.171
Current log-likelihood at step 5: -691965.161
Current log-likelihood at step 6: -691965.154
Current log-likelihood at step 7: -691965.148
Current log-likelihood at step 8: -691965.142
Current log-likelihood at step 9: -691965.137
Current log-likelihood at step 10: -691965.134
Current log-likelihood at step 11: -691965.128
Current log-likelihood at step 12: -691965.121
Current log-likelihood at step 13: -691965.115
Current log-likelihood at step 14: -691965.109
Current log-likelihood at step 15: -691965.103
Current log-likelihood at step 16: -691965.097
Current log-likelihood at step 17: -691965.091
Current log-likelihood at step 18: -691965.085
Current log-likelihood at step 19: -691965.076
Current log-likelihood at step 20: -691964.753
Current log-likelihood at step 21: -691964.748
Current log-likelihood at step 22: -691964.743
Current log-likelihood at step 23: -691964.740
Current log-likelihood at step 24: -691964.732
Current log-likelihood at step 25: -691964.726
Current log-likelihood at step 26: -691964.723
Current log-likelihood at step 27: -691964.716
Current log-likelihood at step 28: -691964.466
Current log-likelihood at step 29: -691964.458
Current log-likelihood at step 30: -691964.450
Current log-likelihood at step 31: -691964.443
Current log-likelihood at step 32: -691964.435
Current log-likelihood at step 33: -691964.428
Current log-likelihood at step 34: -691964.422
Current log-likelihood at step 35: -691964.417
Current log-likelihood at step 36: -691964.408
Current log-likelihood at step 37: -691964.400
Current log-likelihood at step 38: -691964.393
Current log-likelihood at step 39: -691964.387
Current log-likelihood at step 40: -691964.380
Current log-likelihood at step 41: -691964.374
Current log-likelihood at step 42: -691964.370
Current log-likelihood at step 43: -691964.364
Current log-likelihood at step 44: -691964.358
Current log-likelihood at step 45: -691964.351
Current log-likelihood at step 46: -691964.347
Current log-likelihood at step 47: -691964.342
Current log-likelihood at step 48: -691964.340
Current log-likelihood at step 49: -691964.330
Current log-likelihood at step 50: -691964.251
Current log-likelihood at step 51: -691964.245
Current log-likelihood at step 52: -691964.239
Current log-likelihood at step 53: -691964.233
Current log-likelihood at step 54: -691964.227
Current log-likelihood at step 55: -691964.222
Current log-likelihood at step 56: -691964.220
Current log-likelihood at step 57: -691964.212
Current log-likelihood at step 58: -691964.204
Current log-likelihood at step 59: -691964.197
Current log-likelihood at step 60: -691964.190
Current log-likelihood at step 61: -691964.186
Current log-likelihood at step 62: -691964.180
Current log-likelihood at step 63: -691964.172
Current log-likelihood at step 64: -691964.168
Current log-likelihood at step 65: -691964.162
Current log-likelihood at step 66: -691964.155
Current log-likelihood at step 67: -691964.149
Current log-likelihood at step 68: -691964.144
Current log-likelihood at step 69: -691964.138
Current log-likelihood at step 70: -691964.133
Current log-likelihood at step 71: -691964.128
Current log-likelihood at step 72: -691964.123
Current log-likelihood at step 73: -691964.118
Current log-likelihood at step 74: -691964.114
Current log-likelihood at step 75: -691964.111
Current log-likelihood at step 76: -691964.106
Current log-likelihood at step 77: -691963.663
Current log-likelihood at step 78: -691963.652
Current log-likelihood at step 79: -691963.644
Current log-likelihood at step 80: -691963.630
Current log-likelihood at step 81: -691963.614
Current log-likelihood at step 82: -691963.599
Current log-likelihood at step 83: -691963.523
Current log-likelihood at step 84: -691963.513
Current log-likelihood at step 85: -691963.500
Current log-likelihood at step 86: -691963.490
Current log-likelihood at step 87: -691963.481
Current log-likelihood at step 88: -691963.475
Current log-likelihood at step 89: -691963.471
Current log-likelihood at step 90: -691963.467
Current log-likelihood at step 91: -691963.462
Current log-likelihood at step 92: -691963.457
Current log-likelihood at step 93: -691963.451
Current log-likelihood at step 94: -691963.446
Current log-likelihood at step 95: -691963.263
Current log-likelihood at step 96: -691963.252
Current log-likelihood at step 97: -691963.237
Current log-likelihood at step 98: -691963.223
Current log-likelihood at step 99: -691963.205
Partition-specific rates:  0.840 0.839 1.287
Parameters optimization took 99 rounds (6530.327 sec)

6533.556 seconds (logl: -691963.205)
UPDATE BEST LOG-LIKELIHOOD: -691963.205 / CPU time: 64001s
Iteration 90 / LogL: -691963.207 / Time: 18h:8m:35s (13h:2m:44s left)
Iteration 100 / LogL: -691968.619 / Time: 18h:30m:25s (10h:5m:38s left)
Estimate model parameters (epsilon = 0.001)
Initial log-likelihood: -691963.199
Current log-likelihood at step 1: -691963.189
Current log-likelihood at step 2: -691963.178
Current log-likelihood at step 3: -691963.171
Current log-likelihood at step 4: -691963.164
Current log-likelihood at step 5: -691963.158
Current log-likelihood at step 6: -691963.153
Current log-likelihood at step 7: -691963.148
Current log-likelihood at step 8: -691963.141
Current log-likelihood at step 9: -691963.135
Current log-likelihood at step 10: -691963.130
Current log-likelihood at step 11: -691963.125
Current log-likelihood at step 12: -691963.122
Current log-likelihood at step 13: -691963.118
Current log-likelihood at step 14: -691963.115
Current log-likelihood at step 15: -691963.112
Current log-likelihood at step 16: -691963.110
Current log-likelihood at step 17: -691963.104
Current log-likelihood at step 18: -691963.092
Current log-likelihood at step 19: -691963.076
Current log-likelihood at step 20: -691963.070
Current log-likelihood at step 21: -691963.067
Current log-likelihood at step 22: -691963.063
Current log-likelihood at step 23: -691963.060
Current log-likelihood at step 24: -691963.057
Current log-likelihood at step 25: -691963.053
Current log-likelihood at step 26: -691963.050
Current log-likelihood at step 27: -691963.047
Current log-likelihood at step 28: -691963.044
Current log-likelihood at step 29: -691963.041
Current log-likelihood at step 30: -691963.038
Current log-likelihood at step 31: -691963.035
Current log-likelihood at step 32: -691963.032
Current log-likelihood at step 33: -691963.029
Current log-likelihood at step 34: -691963.026
Current log-likelihood at step 35: -691963.022
Current log-likelihood at step 36: -691963.019
Current log-likelihood at step 37: -691963.016
Current log-likelihood at step 38: -691963.013
Current log-likelihood at step 39: -691963.010
Current log-likelihood at step 40: -691963.007
Current log-likelihood at step 41: -691963.004
Current log-likelihood at step 42: -691963.001
Current log-likelihood at step 43: -691962.998
Current log-likelihood at step 44: -691962.995
Current log-likelihood at step 45: -691962.992
Current log-likelihood at step 46: -691962.989
Current log-likelihood at step 47: -691962.986
Current log-likelihood at step 48: -691962.983
Current log-likelihood at step 49: -691962.980
Current log-likelihood at step 50: -691962.977
Current log-likelihood at step 51: -691962.974
Current log-likelihood at step 52: -691962.971
Current log-likelihood at step 53: -691962.968
Current log-likelihood at step 54: -691962.965
Current log-likelihood at step 55: -691962.962
Current log-likelihood at step 56: -691962.959
Current log-likelihood at step 57: -691962.956
Current log-likelihood at step 58: -691962.953
Current log-likelihood at step 59: -691962.950
Current log-likelihood at step 60: -691962.947
Current log-likelihood at step 61: -691962.944
Current log-likelihood at step 62: -691962.942
Current log-likelihood at step 63: -691962.939
Current log-likelihood at step 64: -691962.936
Current log-likelihood at step 65: -691962.933
Current log-likelihood at step 66: -691962.930
Current log-likelihood at step 67: -691962.927
Current log-likelihood at step 68: -691962.924
Current log-likelihood at step 69: -691962.921
Current log-likelihood at step 70: -691962.918
Current log-likelihood at step 71: -691962.916
Current log-likelihood at step 72: -691962.913
Current log-likelihood at step 73: -691962.910
Current log-likelihood at step 74: -691962.907
Current log-likelihood at step 75: -691962.904
Current log-likelihood at step 76: -691962.901
Current log-likelihood at step 77: -691962.898
Current log-likelihood at step 78: -691962.896
Current log-likelihood at step 79: -691962.893
Current log-likelihood at step 80: -691962.890
Current log-likelihood at step 81: -691962.887
Current log-likelihood at step 82: -691962.884
Current log-likelihood at step 83: -691962.881
Current log-likelihood at step 84: -691962.878
Current log-likelihood at step 85: -691962.876
Current log-likelihood at step 86: -691962.873
Current log-likelihood at step 87: -691962.870
Current log-likelihood at step 88: -691962.867
Current log-likelihood at step 89: -691962.864
Current log-likelihood at step 90: -691962.862
Current log-likelihood at step 91: -691962.859
Current log-likelihood at step 92: -691962.856
Current log-likelihood at step 93: -691962.853
Current log-likelihood at step 94: -691962.850
Current log-likelihood at step 95: -691962.848
Current log-likelihood at step 96: -691962.845
Current log-likelihood at step 97: -691962.842
Current log-likelihood at step 98: -691962.839
Current log-likelihood at step 99: -691962.836
Partition-specific rates:  0.840 0.838 1.288
Parameters optimization took 99 rounds (6401.801 sec)

6405.239 seconds (logl: -691962.836)
UPDATE BEST LOG-LIKELIHOOD: -691962.836 / CPU time: 73463s
Iteration 110 / LogL: -691962.852 / Time: 20h:38m:28s (8h:19m:54s left)
Iteration 120 / LogL: -691976.459 / Time: 20h:59m:33s (5h:59m:51s left)
Iteration 130 / LogL: -691963.643 / Time: 21h:20m:43s (3h:58m:15s left)
Iteration 140 / LogL: -691962.847 / Time: 21h:42m:3s (2h:11m:8s left)
Iteration 150 / LogL: -691962.844 / Time: 22h:3m:59s (0h:35m:32s left)
Performs final model parameters optimization
Estimate model parameters (epsilon = 0.001)
Initial log-likelihood: -691962.836
Current log-likelihood at step 1: -691962.834
Current log-likelihood at step 2: -691962.831
Current log-likelihood at step 3: -691962.828
Current log-likelihood at step 4: -691962.825
Current log-likelihood at step 5: -691962.823
Current log-likelihood at step 6: -691962.820
Current log-likelihood at step 7: -691962.817
Current log-likelihood at step 8: -691962.814
Current log-likelihood at step 9: -691962.811
Current log-likelihood at step 10: -691962.809
Current log-likelihood at step 11: -691962.806
Current log-likelihood at step 12: -691962.803
Current log-likelihood at step 13: -691962.800
Current log-likelihood at step 14: -691962.798
Current log-likelihood at step 15: -691962.795
Current log-likelihood at step 16: -691962.792
Current log-likelihood at step 17: -691962.786
Current log-likelihood at step 18: -691962.784
Current log-likelihood at step 19: -691962.781
Current log-likelihood at step 20: -691962.779
Current log-likelihood at step 21: -691962.776
Current log-likelihood at step 22: -691962.773
Current log-likelihood at step 23: -691962.771
Current log-likelihood at step 24: -691962.768
Current log-likelihood at step 25: -691962.766
Current log-likelihood at step 26: -691962.762
Current log-likelihood at step 27: -691962.758
Current log-likelihood at step 28: -691962.753
Current log-likelihood at step 29: -691962.749
Current log-likelihood at step 30: -691962.746
Current log-likelihood at step 31: -691962.743
Current log-likelihood at step 32: -691962.739
Current log-likelihood at step 33: -691962.735
Current log-likelihood at step 34: -691962.732
Current log-likelihood at step 35: -691962.728
Current log-likelihood at step 36: -691962.725
Current log-likelihood at step 37: -691962.721
Current log-likelihood at step 38: -691962.718
Current log-likelihood at step 39: -691962.715
Current log-likelihood at step 40: -691962.711
Current log-likelihood at step 41: -691962.708
Current log-likelihood at step 42: -691962.705
Current log-likelihood at step 43: -691962.701
Current log-likelihood at step 44: -691962.698
Current log-likelihood at step 45: -691962.695
Current log-likelihood at step 46: -691962.692
Current log-likelihood at step 47: -691962.689
Current log-likelihood at step 48: -691962.685
Current log-likelihood at step 49: -691962.682
Current log-likelihood at step 50: -691962.679
Current log-likelihood at step 51: -691962.676
Current log-likelihood at step 52: -691962.673
Current log-likelihood at step 53: -691962.669
Current log-likelihood at step 54: -691962.666
Current log-likelihood at step 55: -691962.663
Current log-likelihood at step 56: -691962.660
Current log-likelihood at step 57: -691962.657
Current log-likelihood at step 58: -691962.654
Current log-likelihood at step 59: -691962.651
Current log-likelihood at step 60: -691962.648
Current log-likelihood at step 61: -691962.645
Current log-likelihood at step 62: -691962.642
Current log-likelihood at step 63: -691962.639
Current log-likelihood at step 64: -691962.636
Current log-likelihood at step 65: -691962.632
Current log-likelihood at step 66: -691962.629
Current log-likelihood at step 67: -691962.626
Current log-likelihood at step 68: -691962.623
Current log-likelihood at step 69: -691962.620
Current log-likelihood at step 70: -691962.617
Current log-likelihood at step 71: -691962.614
Current log-likelihood at step 72: -691962.611
Current log-likelihood at step 73: -691962.608
Current log-likelihood at step 74: -691962.605
Current log-likelihood at step 75: -691962.602
Current log-likelihood at step 76: -691962.599
Current log-likelihood at step 77: -691962.596
Current log-likelihood at step 78: -691962.594
Current log-likelihood at step 79: -691962.591
Current log-likelihood at step 80: -691962.588
Current log-likelihood at step 81: -691962.585
Current log-likelihood at step 82: -691962.582
Current log-likelihood at step 83: -691962.579
Current log-likelihood at step 84: -691962.576
Current log-likelihood at step 85: -691962.573
Current log-likelihood at step 86: -691962.570
Current log-likelihood at step 87: -691962.567
Current log-likelihood at step 88: -691962.564
Current log-likelihood at step 89: -691962.561
Current log-likelihood at step 90: -691962.558
Current log-likelihood at step 91: -691962.556
Current log-likelihood at step 92: -691962.553
Current log-likelihood at step 93: -691962.550
Current log-likelihood at step 94: -691962.547
Current log-likelihood at step 95: -691962.544
Current log-likelihood at step 96: -691962.541
Current log-likelihood at step 97: -691962.538
Current log-likelihood at step 98: -691962.535
Current log-likelihood at step 99: -691962.533
Partition-specific rates:  0.840 0.838 1.289
Parameters optimization took 99 rounds (6396.529 sec)

6400.253 seconds (logl: -691962.533)
BEST SCORE FOUND : -691962.533
Total tree length: 21.657

CPU time used for tree search: 72048.753 sec (20h:0m:48s)
Wall-clock time used for tree search: 72537.176 sec (20h:8m:57s)
Total CPU time used: 85858.902 sec (23h:50m:58s)
Total wall-clock time used: 86365.035 sec (23h:59m:25s)

Analysis results written to: 
  IQ-TREE report:                vill_2_gene_r20.iqtree
  Maximum-likelihood tree:       vill_2_gene_r20.treefile
  Screen log file:               vill_2_gene_r20.log

Date and Time: Sat Jun 27 08:32:11 2015
