IQ-TREE multicore version 1.3.2 for Mac OS X 64-bit built Jun 11 2015
Copyright (c) 2011-2015 Nguyen Lam Tung, Olga Chernomor, Arndt von Haeseler and Bui Quang Minh.

Host:    vetmac06.vet.cam.ac.uk (AVX, 64 GB RAM)
Command: iqtree-omp -nt 1 -s ../../data/vill_3.phy -spp vill_partition_gene_r20.nex -pre vill_3_gene_r20
Seed:    558830 (Using SPRNG - Scalable Parallel Random Number Generator)
Time:    Sat Jun 27 08:32:11 2015
Kernel:  AVX - 1 threads (16 CPU cores detected)

Reading partition model file vill_partition_gene_r20.nex ...
Reading alignment file ../../data/vill_3.phy ... Phylip format detected
Alignment most likely contains DNA/RNA sequences
Alignment has 777 sequences with 6987 columns and 4695 patterns (4418 informative sites)
                 Gap/Ambiguity  Composition  p-value
   1  HOUSE5432_5414     0.00%    passed     99.27%
   2  HOUSE5432_7295     0.00%    passed     84.40%
   3  HOUSE567_11349     0.00%    passed     70.99%
   4  HOUSE4132_4092     0.00%    passed     94.71%
   5  HOUSE1739_11395    0.00%    passed     98.42%
   6  HOUSE1739_12109    0.00%    passed     98.27%
   7  HOUSE2642_8395     0.00%    passed     98.10%
   8  HOUSE4208_8264     0.00%    passed     99.60%
   9  HOUSE856_840       0.00%    passed     98.39%
  10  HOUSE1936_12985    0.00%    passed     99.30%
  11  HOUSE1191_10690    0.00%    passed     94.88%
  12  HOUSE1215_10547    0.00%    passed     99.94%
  13  HOUSE1534_12265    0.00%    passed     99.57%
  14  HOUSE2444_10321    0.00%    passed     99.65%
  15  HOUSE1408_1391     0.00%    passed     95.33%
  16  HOUSE1869_1858     0.00%    passed     99.52%
  17  HOUSE4256_8590     0.00%    passed     97.59%
  18  HOUSE4256_4215     0.00%    passed     99.78%
  19  HOUSE3501_3447     0.00%    passed     95.69%
  20  HOUSE6019_11779    0.00%    passed     95.24%
  21  HOUSE136_6945      0.00%    passed     92.47%
  22  HOUSE841_827       0.00%    passed     97.77%
  23  HOUSE3098_10960    0.00%    passed     46.27%
  24  HOUSE3098_8737     0.00%    passed     67.53%
  25  HOUSE3723_7084     0.00%    passed     99.50%
  26  HOUSE2381_2396     0.00%    passed     98.72%
  27  HOUSE3480_3431     0.00%    passed     95.83%
  28  HOUSE2278_2290     0.00%    passed     94.20%
  29  HOUSE2400_2420     0.00%    passed     98.43%
  30  HOUSE1997_1987     0.00%    passed     96.57%
  31  HOUSE361_348       0.00%    passed     98.96%
  32  HOUSE728_12140     0.00%    passed     99.07%
  33  HOUSE5402_9994     0.00%    passed     99.86%
  34  HOUSE5402_9942     0.00%    passed     99.84%
  35  HOUSE5839_12011    0.00%    passed     99.23%
  36  HOUSE685_651       0.00%    passed     76.69%
  37  HOUSE2655_2658     0.00%    passed     74.34%
  38  HOUSE768_10740     0.00%    passed     87.24%
  39  HOUSE679_647       0.00%    passed     76.75%
  40  HOUSE1238_6302     0.00%    passed     98.49%
  41  HOUSE1238_1224     0.00%    passed     86.65%
  42  HOUSE151_135       0.00%    passed     98.88%
  43  HOUSE4665_10708    0.00%    passed     99.78%
  44  HOUSE2735_2737     0.00%    passed     92.39%
  45  HOUSE3086_3062     0.00%    passed     99.14%
  46  HOUSE2860_2856     0.00%    passed     93.54%
  47  HOUSE5566_5560     0.00%    passed     98.00%
  48  HOUSE4490_6607     0.00%    passed     99.07%
  49  HOUSE1570_1553     0.00%    passed     96.26%
  50  HOUSE2385_2402     0.00%    passed     87.45%
  51  HOUSE1135_10074    0.00%    passed     96.12%
  52  HOUSE5964_7641     0.00%    passed     96.72%
  53  HOUSE5964_13321    0.00%    passed     95.13%
  54  HOUSE6019_10266    0.00%    passed     91.62%
  55  HOUSE1180_11218    0.00%    passed     94.25%
  56  HOUSE3309_9180     0.00%    passed     98.13%
  57  HOUSE949_930       0.00%    passed     96.91%
  58  HOUSE2641_9609     0.00%    passed     99.49%
  59  HOUSE6019_7075     0.00%    passed     98.25%
  60  HOUSE1321_6948     0.00%    passed     99.74%
  61  HOUSE1989_1976     0.00%    passed     91.94%
  62  HOUSE1664_1658     0.00%    passed     94.74%
  63  HOUSE5439_9844     0.00%    passed     60.68%
  64  HOUSE1916_1912     0.00%    passed     94.91%
  65  HOUSE5488_5476     0.00%    passed     95.71%
  66  HOUSE2746_2750     0.00%    passed     99.89%
  67  HOUSE269_9846      0.00%    passed     97.85%
  68  HOUSE419_10130     0.00%    passed     97.46%
  69  HOUSE1915_11183    0.00%    passed     97.88%
  70  HOUSE1915_1911     0.00%    passed     99.77%
  71  HOUSE2027_2027     0.00%    passed     97.77%
  72  HOUSE2303_8583     0.00%    passed     98.42%
  73  HOUSE8_6           0.00%    passed     97.72%
  74  HOUSE2806_11363    0.00%    passed     99.59%
  75  HOUSE4034_3995     0.00%    passed     97.94%
  76  HOUSE170_149       0.00%    passed     99.14%
  77  HOUSE2006_1999     0.00%    passed     85.40%
  78  HOUSE59_45         0.00%    passed     92.85%
  79  HOUSE1534_8978     0.00%    passed     95.70%
  80  HOUSE2818_11510    0.00%    passed     96.30%
  81  HOUSE5742_12521    0.00%    passed     84.64%
  82  HOUSE5742_13534    0.00%    passed     87.94%
  83  HOUSE1246_10308    0.00%    passed     98.99%
  84  HOUSE935_921       0.00%    passed     99.16%
  85  HOUSE2742_2746     0.00%    passed     96.33%
  86  HOUSE2742_2747     0.00%    passed     98.64%
  87  HOUSE748_13146     0.00%    passed     75.85%
  88  HOUSE3523_3470     0.00%    passed     77.65%
  89  HOUSE38_8381       0.00%    passed     94.09%
  90  HOUSE2166_8390     0.00%    passed     94.24%
  91  HOUSE4050_13348    0.00%    passed     97.97%
  92  HOUSE147_11610     0.00%    passed     88.80%
  93  HOUSE643_8328      0.00%    passed     87.20%
  94  HOUSE4943_12796    0.00%    passed     89.54%
  95  HOUSE1795_8714     0.00%    passed     97.50%
  96  HOUSE4526_8855     0.00%    passed     92.17%
  97  HOUSE4338_11236    0.00%    passed     99.19%
  98  HOUSE2387_14000    0.00%    passed     94.60%
  99  HOUSE2387_2405     0.00%    passed     94.09%
 100  HOUSE3871_3829     0.00%    passed     97.38%
 101  HOUSE4309_4262     0.00%    passed     99.07%
 102  HOUSE4531_4484     0.00%    passed     99.36%
 103  HOUSE479_13383     0.00%    passed     99.99%
 104  HOUSE6019_8925     0.00%    passed     97.95%
 105  HOUSE2462_2482     0.00%    passed     96.27%
 106  HOUSE75_11069      0.00%    passed     99.79%
 107  HOUSE1201_1175     0.00%    passed     94.71%
 108  HOUSE4616_4574     0.00%    passed     96.35%
 109  HOUSE4616_4575     0.00%    passed     87.83%
 110  HOUSE4317_10181    0.00%    passed     96.17%
 111  HOUSE336_321       0.00%    passed     98.83%
 112  HOUSE2966_10152    0.00%    passed     98.52%
 113  HOUSE1017_11013    0.00%    passed     96.80%
 114  HOUSE1017_989      0.00%    passed     98.90%
 115  HOUSE5654_10679    0.00%    passed     92.86%
 116  HOUSE5731_10664    0.00%    passed     99.53%
 117  HOUSE5731_13953    0.00%    passed     99.46%
 118  HOUSE5705_10340    0.00%    passed     97.93%
 119  HOUSE5705_11773    0.00%    passed     98.14%
 120  HOUSE6019_6005     0.00%    passed     99.30%
 121  HOUSE3536_12220    0.00%    passed     98.68%
 122  HOUSE2421_2439     0.00%    passed     90.16%
 123  HOUSE3437_9459     0.00%    passed     98.78%
 124  HOUSE4362_4324     0.00%    passed     98.99%
 125  HOUSE4168_9854     0.00%    passed     95.75%
 126  HOUSE512_488       0.00%    passed     99.02%
 127  HOUSE158_7889      0.00%    passed     99.45%
 128  HOUSE5088_5058     0.00%    passed     95.58%
 129  HOUSE2187_2211     0.00%    passed     84.50%
 130  HOUSE828_10692     0.00%    passed     92.92%
 131  HOUSE828_10297     0.00%    passed     86.91%
 132  HOUSE1800_1805     0.00%    passed     86.06%
 133  HOUSE4924_4899     0.00%    passed     81.39%
 134  HOUSE3406_3358     0.00%    passed     97.17%
 135  HOUSE675_645       0.00%    passed     97.62%
 136  HOUSE4575_4523     0.00%    passed     97.09%
 137  HOUSE6019_11433    0.00%    passed     99.51%
 138  HOUSE3970_7533     0.00%    passed     99.96%
 139  HOUSE390_9096      0.00%    passed     97.23%
 140  HOUSE1992_10468    0.00%    passed     96.19%
 141  HOUSE4418_12248    0.00%    passed     94.38%
 142  HOUSE2284_9952     0.00%    passed     94.34%
 143  HOUSE1384_10660    0.00%    passed     93.69%
 144  HOUSE726_8486      0.00%    passed     74.41%
 145  HOUSE4827_14067    0.00%    passed     78.46%
 146  HOUSE156_143       0.00%    passed     90.67%
 147  HOUSE3943_3901     0.00%    passed     98.32%
 148  HOUSE227_10539     0.00%    passed     97.53%
 149  HOUSE3464_3413     0.00%    passed     95.21%
 150  HOUSE4116_4075     0.00%    passed     98.56%
 151  HOUSE4292_8433     0.00%    passed     99.43%
 152  HOUSE1177_11854    0.00%    passed     98.86%
 153  HOUSE2476_6827     0.00%    passed     93.54%
 154  HOUSE2397_12437    0.00%    passed     97.80%
 155  HOUSE2061_11311    0.00%    passed     99.30%
 156  HOUSE1303_1280     0.00%    passed     99.36%
 157  HOUSE4454_10254    0.00%    passed     98.87%
 158  HOUSE579_10398     0.00%    passed     96.85%
 159  HOUSE2813_11683    0.00%    passed     99.17%
 160  HOUSE5334_5313     0.00%    passed     99.98%
 161  HOUSE246_13567     0.00%    passed     99.62%
 162  HOUSE1807_8866     0.00%    passed     99.48%
 163  HOUSE2763_10288    0.00%    passed     97.81%
 164  HOUSE4175_11018    0.00%    passed     93.58%
 165  HOUSE3241_8515     0.00%    passed     74.51%
 166  HOUSE3292_7249     0.00%    passed     99.45%
 167  HOUSE3292_10220    0.00%    passed     99.86%
 168  HOUSE621_7602      0.00%    passed     99.75%
 169  HOUSE6019_6154     0.00%    passed     99.92%
 170  HOUSE778_758       0.00%    passed     96.80%
 171  HOUSE1650_11843    0.00%    passed     94.53%
 172  HOUSE4706_10081    0.00%    passed     98.35%
 173  HOUSE2540_11359    0.00%    passed     85.68%
 174  HOUSE3924_3887     0.00%    passed     88.45%
 175  HOUSE4204_11604    0.00%    passed     90.82%
 176  HOUSE2838_9148     0.00%    passed     87.46%
 177  HOUSE2626_10196    0.00%    passed     93.82%
 178  HOUSE2626_2635     0.00%    passed     89.23%
 179  HOUSE2383_2399     0.00%    passed     97.49%
 180  HOUSE2984_2972     0.00%    passed     97.33%
 181  HOUSE2480_11432    0.00%    passed     87.33%
 182  HOUSE3203_3152     0.00%    passed     89.31%
 183  HOUSE4360_4320     0.00%    passed     98.34%
 184  HOUSE6019_10447    0.00%    passed     98.40%
 185  HOUSE2756_11207    0.00%    passed     99.20%
 186  HOUSE731_12502     0.00%    passed     98.52%
 187  HOUSE2836_6438     0.00%    passed     99.41%
 188  HOUSE1765_1764     0.00%    passed     90.52%
 189  HOUSE1393_12054    0.00%    passed     95.92%
 190  HOUSE2456_10445    0.00%    passed     99.35%
 191  HOUSE5259_5234     0.00%    passed     88.19%
 192  HOUSE2456_10717    0.00%    passed     97.03%
 193  HOUSE1959_8556     0.00%    passed     99.41%
 194  HOUSE2545_8663     0.00%    passed     80.46%
 195  HOUSE1974_9301     0.00%    passed     89.94%
 196  HOUSE2535_2552     0.00%    passed     99.87%
 197  HOUSE1668_6685     0.00%    passed     98.44%
 198  HOUSE4459_4428     0.00%    passed     68.05%
 199  HOUSE764_9043      0.00%    passed     98.50%
 200  HOUSE2774_7829     0.00%    passed     96.48%
 201  HOUSE1341_7109     0.00%    passed     92.49%
 202  HOUSE970_11059     0.00%    passed     99.15%
 203  HOUSE2632_12477    0.00%    passed     82.02%
 204  HOUSE2517_2534     0.00%    passed     98.85%
 205  HOUSE1643_12216    0.00%    passed     99.89%
 206  HOUSE1120_1090     0.00%    passed     99.34%
 207  HOUSE4242_8541     0.00%    passed     86.98%
 208  HOUSE4937_12018    0.00%    passed     96.83%
 209  HOUSE2837_2832     0.00%    passed     98.36%
 210  HOUSE162_145       0.00%    passed     99.41%
 211  HOUSE4941_12336    0.00%    passed     94.40%
 212  HOUSE1140_1107     0.00%    passed     97.95%
 213  HOUSE4378_4341     0.00%    passed     77.61%
 214  HOUSE4378_7726     0.00%    passed     96.79%
 215  HOUSE1138_8822     0.00%    passed     95.99%
 216  HOUSE135_12306     0.00%    passed     96.43%
 217  HOUSE2008_11103    0.00%    passed     91.48%
 218  HOUSE2624_8096     0.00%    passed     85.62%
 219  HOUSE4263_4222     0.00%    passed     87.56%
 220  HOUSE580_12722     0.00%    passed     79.96%
 221  HOUSE1366_1346     0.00%    passed     99.58%
 222  HOUSE4373_8909     0.00%    passed     99.71%
 223  HOUSE3841_3798     0.00%    passed     81.87%
 224  HOUSE63_10512      0.00%    passed     96.36%
 225  HOUSE1566_1546     0.00%    passed     86.41%
 226  HOUSE3328_9944     0.00%    passed     81.17%
 227  HOUSE5156_6359     0.00%    passed     93.54%
 228  HOUSE2196_10322    0.00%    passed     88.39%
 229  HOUSE761_740       0.00%    passed     77.19%
 230  HOUSE3853_3812     0.00%    passed     78.27%
 231  HOUSE5681_5670     0.00%    passed     70.93%
 232  HOUSE914_12813     0.00%    passed     87.12%
 233  HOUSE3965_8205     0.00%    passed     91.55%
 234  HOUSE5843_9714     0.00%    passed     99.14%
 235  HOUSE708_10797     0.00%    passed     88.12%
 236  HOUSE809_9864      0.00%    passed     96.34%
 237  HOUSE1521_11962    0.00%    passed     99.95%
 238  HOUSE1748_1741     0.00%    passed     99.42%
 239  HOUSE2587_10314    0.00%    passed     98.81%
 240  HOUSE475_8113      0.00%    passed     98.48%
 241  HOUSE104_91        0.00%    passed     95.17%
 242  HOUSE4775_6648     0.00%    passed     96.25%
 243  HOUSE4040_4001     0.00%    passed     99.94%
 244  HOUSE6019_8828     0.00%    passed     87.38%
 245  HOUSE1485_1465     0.00%    passed     96.70%
 246  HOUSE1248_7238     0.00%    passed     93.93%
 247  HOUSE264_6989      0.00%    passed     95.77%
 248  HOUSE1788_1792     0.00%    passed     98.16%
 249  HOUSE5122_10736    0.00%    passed     93.09%
 250  HOUSE898_8746      0.00%    passed     96.43%
 251  HOUSE4743_8532     0.00%    passed     92.50%
 252  HOUSE2807_2801     0.00%    passed     98.55%
 253  HOUSE2659_2665     0.00%    passed     69.82%
 254  HOUSE2217_12092    0.00%    passed     96.70%
 255  HOUSE176_10916     0.00%    passed     91.16%
 256  HOUSE5443_5429     0.00%    passed     69.10%
 257  HOUSE5831_5814     0.00%    passed     83.55%
 258  HOUSE1799_8331     0.00%    passed     86.25%
 259  HOUSE2165_2184     0.00%    passed     98.37%
 260  HOUSE300_8716      0.00%    passed     86.89%
 261  HOUSE5007_9842     0.00%    passed     91.83%
 262  HOUSE349_10844     0.00%    passed     94.67%
 263  HOUSE4482_8561     0.00%    passed     97.11%
 264  HOUSE4304_9334     0.00%    passed     96.41%
 265  HOUSE1680_1679     0.00%    passed     98.51%
 266  HOUSE2055_11710    0.00%    passed     90.06%
 267  HOUSE1465_8553     0.00%    passed     92.12%
 268  HOUSE3700_3640     0.00%    passed     99.91%
 269  HOUSE920_904       0.00%    passed     92.49%
 270  HOUSE2032_12383    0.00%    passed     93.64%
 271  HOUSE5174_5143     0.00%    passed     97.03%
 272  HOUSE1119_10443    0.00%    passed     99.06%
 273  HOUSE1119_9982     0.00%    passed     92.38%
 274  HOUSE282_259       0.00%    passed     80.95%
 275  HOUSE1614_1604     0.00%    passed     99.81%
 276  HOUSE1614_1605     0.00%    passed     98.55%
 277  HOUSE1699_7748     0.00%    passed     99.21%
 278  HOUSE482_9749      0.00%    passed     68.09%
 279  HOUSE3426_3376     0.00%    passed     86.06%
 280  HOUSE6019_9795     0.00%    passed     81.86%
 281  HOUSE3426_3377     0.00%    passed     88.37%
 282  HOUSE1516_10293    0.00%    passed     92.81%
 283  HOUSE333_10963     0.00%    passed     76.64%
 284  HOUSE2077_2078     0.00%    passed     90.46%
 285  HOUSE5433_5417     0.00%    passed     67.86%
 286  HOUSE958_10748     0.00%    passed     69.54%
 287  HOUSE1827_8163     0.00%    passed     91.05%
 288  HOUSE1224_1209     0.00%    passed     31.58%
 289  HOUSE1578_7762     0.00%    passed     70.92%
 290  HOUSE2952_2943     0.00%    passed     60.22%
 291  HOUSE2232_6795     0.00%    passed     92.25%
 292  HOUSE1668_7048     0.00%    passed     60.77%
 293  HOUSE5825_5806     0.00%    passed     55.35%
 294  HOUSE1784_11094    0.00%    passed     82.38%
 295  HOUSE2660_10543    0.00%    passed     73.71%
 296  HOUSE2660_9585     0.00%    passed     76.51%
 297  HOUSE835_10734     0.00%    passed     53.60%
 298  HOUSE3087_8814     0.00%    passed     77.31%
 299  HOUSE2918_2917     0.00%    passed     90.23%
 300  HOUSE5866_5844     0.00%    passed     83.64%
 301  HOUSE6019_6092     0.00%    passed     92.62%
 302  HOUSE725_10396     0.00%    passed     87.86%
 303  HOUSE2373_10937    0.00%    passed     86.60%
 304  HOUSE807_11723     0.00%    passed     82.46%
 305  HOUSE4949_10600    0.00%    passed     91.66%
 306  HOUSE36_29         0.00%    passed     99.80%
 307  HOUSE4305_4260     0.00%    passed     99.85%
 308  HOUSE713_686       0.00%    passed     99.38%
 309  HOUSE4248_8288     0.00%    passed     93.50%
 310  HOUSE462_435       0.00%    passed     92.81%
 311  HOUSE2905_2900     0.00%    passed     90.85%
 312  HOUSE873_9843      0.00%    passed     84.43%
 313  HOUSE2185_10592    0.00%    passed     71.99%
 314  HOUSE2103_9483     0.00%    passed     95.42%
 315  HOUSE5483_6339     0.00%    passed     94.54%
 316  HOUSE4730_12657    0.00%    passed     87.53%
 317  HOUSE1146_10012    0.00%    passed     85.43%
 318  HOUSE4598_9984     0.00%    passed     95.84%
 319  HOUSE2984_11050    0.00%    passed     99.15%
 320  HOUSE2498_2522     0.00%    passed     87.83%
 321  HOUSE3351_10706    0.00%    passed     74.02%
 322  HOUSE2885_9227     0.00%    passed     94.67%
 323  HOUSE3381_10305    0.00%    passed     99.08%
 324  HOUSE2777_2772     0.00%    passed     98.12%
 325  HOUSE1191_6324     0.00%    passed     61.40%
 326  HOUSE1772_1777     0.00%    passed     95.90%
 327  HOUSE478_7544      0.00%    passed     83.76%
 328  HOUSE4736_7833     0.00%    passed     88.34%
 329  HOUSE2232_6747     0.00%    passed     93.12%
 330  HOUSE5244_5216     0.00%    passed     80.25%
 331  HOUSE1791_9488     0.00%    passed     98.01%
 332  HOUSE223_11865     0.00%    passed     99.24%
 333  HOUSE2441_2456     0.00%    passed     82.16%
 334  HOUSE1342_12222    0.00%    passed     79.30%
 335  HOUSE5992_10085    0.00%    passed     97.36%
 336  HOUSE1769_6573     0.00%    passed     97.96%
 337  HOUSE648_10313     0.00%    passed     94.76%
 338  HOUSE648_611       0.00%    passed     99.29%
 339  HOUSE764_745       0.00%    passed     96.51%
 340  HOUSE1194_10719    0.00%    passed     99.81%
 341  HOUSE2625_2632     0.00%    passed     93.88%
 342  HOUSE14_10826      0.00%    passed     78.43%
 343  HOUSE3122_7171     0.00%    passed     62.27%
 344  HOUSE5339_5319     0.00%    passed     93.17%
 345  HOUSE6019_6054     0.00%    passed     94.91%
 346  HOUSE2159_8690     0.00%    passed     99.86%
 347  HOUSE2047_2049     0.00%    passed     96.97%
 348  HOUSE201_12287     0.00%    passed     99.42%
 349  HOUSE5864_5842     0.00%    passed     97.59%
 350  HOUSE4192_7511     0.00%    passed     99.57%
 351  HOUSE5672_10725    0.00%    passed     95.97%
 352  HOUSE1590_11513    0.00%    passed     94.93%
 353  HOUSE202_183       0.00%    passed     84.82%
 354  HOUSE202_14163     0.00%    passed     91.71%
 355  HOUSE2298_9536     0.00%    passed     89.77%
 356  HOUSE669_634       0.00%    passed     95.99%
 357  HOUSE669_635       0.00%    passed     71.14%
 358  HOUSE492_467       0.00%    passed     75.45%
 359  HOUSE3492_9963     0.00%    passed     87.43%
 360  HOUSE4122_10713    0.00%    passed     69.27%
 361  HOUSE6019_11961    0.00%    passed     57.83%
 362  HOUSE2356_10904    0.00%    passed     78.15%
 363  HOUSE2186_11787    0.00%    passed     85.55%
 364  HOUSE2186_11368    0.00%    passed     89.22%
 365  HOUSE6019_12574    0.00%    passed     58.94%
 366  HOUSE5819_8651     0.00%    passed     60.74%
 367  HOUSE3947_9839     0.00%    passed     80.67%
 368  HOUSE4630_4595     0.00%    passed     81.39%
 369  HOUSE672_11957     0.00%    passed     96.27%
 370  HOUSE1192_13610    0.00%    passed     88.78%
 371  HOUSE166_8755      0.00%    passed     72.19%
 372  HOUSE1274_1255     0.00%    passed     89.07%
 373  HOUSE3698_3638     0.00%    passed     95.60%
 374  HOUSE2611_7760     0.00%    passed     95.56%
 375  HOUSE3329_9904     0.00%    passed     99.84%
 376  HOUSE2853_9785     0.00%    passed     94.23%
 377  HOUSE536_11687     0.00%    passed     97.80%
 378  HOUSE2853_2847     0.00%    passed     96.84%
 379  HOUSE2380_11533    0.00%    passed     98.16%
 380  HOUSE3829_6621     0.00%    passed     99.26%
 381  HOUSE1212_1194     0.00%    passed     94.77%
 382  HOUSE3954_3911     0.00%    passed     94.92%
 383  HOUSE4675_4640     0.00%    passed     79.82%
 384  HOUSE4675_4641     0.00%    passed     95.51%
 385  HOUSE620_8516      0.00%    passed     70.00%
 386  HOUSE3663_10546    0.00%    passed     95.23%
 387  HOUSE3663_10201    0.00%    passed     94.99%
 388  HOUSE5115_5077     0.00%    passed     98.99%
 389  HOUSE2266_9100     0.00%    passed     98.43%
 390  HOUSE2600_13737    0.00%    passed     76.29%
 391  HOUSE2702_2715     0.00%    passed     85.83%
 392  HOUSE5489_5479     0.00%    passed     86.88%
 393  HOUSE2702_2714     0.00%    passed     66.00%
 394  HOUSE2739_7521     0.00%    passed     86.08%
 395  HOUSE628_591       0.00%    passed     96.26%
 396  HOUSE253_233       0.00%    passed     84.99%
 397  HOUSE3253_10419    0.00%    passed     79.32%
 398  HOUSE6019_10428    0.00%    passed     58.11%
 399  HOUSE1396_8254     0.00%    passed     87.29%
 400  HOUSE3291_3252     0.00%    passed     86.44%
 401  HOUSE6019_12046    0.00%    passed     61.08%
 402  HOUSE90_13622      0.00%    passed     81.93%
 403  HOUSE4757_7594     0.00%    passed     55.87%
 404  HOUSE6019_7151     0.00%    passed     60.35%
 405  HOUSE627_589       0.00%    passed     69.57%
 406  HOUSE314_7291      0.00%    passed     77.06%
 407  HOUSE2261_12093    0.00%    passed     77.39%
 408  HOUSE3217_10218    0.00%    passed     89.26%
 409  HOUSE5693_5678     0.00%    passed     85.63%
 410  HOUSE1595_1585     0.00%    passed     82.20%
 411  HOUSE1448_11745    0.00%    passed     58.08%
 412  HOUSE5637_12807    0.00%    passed     68.43%
 413  HOUSE830_810       0.00%    passed     75.23%
 414  HOUSE2733_2734     0.00%    passed     53.22%
 415  HOUSE1483_12295    0.00%    passed     45.82%
 416  HOUSE209_193       0.00%    passed     67.17%
 417  HOUSE1829_1829     0.00%    passed     69.08%
 418  HOUSE4200_6377     0.00%    passed     92.02%
 419  HOUSE1637_1630     0.00%    passed     82.19%
 420  HOUSE1136_8875     0.00%    passed     73.66%
 421  HOUSE3647_7016     0.00%    passed     72.18%
 422  HOUSE3113_3086     0.00%    passed     88.49%
 423  HOUSE3883_3838     0.00%    passed     68.87%
 424  HOUSE3821_3774     0.00%    passed     85.75%
 425  HOUSE3821_3775     0.00%    passed     72.31%
 426  HOUSE2359_2373     0.00%    passed     58.64%
 427  HOUSE4219_4166     0.00%    passed     54.89%
 428  HOUSE4219_4167     0.00%    passed     78.20%
 429  HOUSE2767_9335     0.00%    passed     93.69%
 430  HOUSE362_8872      0.00%    passed     70.53%
 431  HOUSE4809_13838    0.00%    passed     79.15%
 432  HOUSE2253_11888    0.00%    passed     70.69%
 433  HOUSE3515_3463     0.00%    passed     68.29%
 434  HOUSE2182_6280     0.00%    passed     87.33%
 435  HOUSE4355_4318     0.00%    passed     95.23%
 436  HOUSE5904_5883     0.00%    passed     82.72%
 437  HOUSE5904_5882     0.00%    passed     94.96%
 438  HOUSE5708_5698     0.00%    passed     98.18%
 439  HOUSE1283_13559    0.00%    passed     99.31%
 440  HOUSE6019_12423    0.00%    passed     97.78%
 441  HOUSE6019_12530    0.00%    passed     97.90%
 442  HOUSE4423_4386     0.00%    passed     91.93%
 443  HOUSE1382_1361     0.00%    passed     99.40%
 444  HOUSE1182_1152     0.00%    passed     97.51%
 445  HOUSE4711_4682     0.00%    passed     99.97%
 446  HOUSE6019_11177    0.00%    passed     99.57%
 447  HOUSE3931_11709    0.00%    passed     98.30%
 448  HOUSE1219_1202     0.00%    passed     99.99%
 449  HOUSE524_503       0.00%    passed     98.71%
 450  HOUSE1143_12081    0.00%    passed     99.52%
 451  HOUSE1729_1724     0.00%    passed     99.53%
 452  HOUSE1729_1725     0.00%    passed     95.88%
 453  HOUSE5513_5504     0.00%    passed     93.44%
 454  HOUSE759_737       0.00%    passed     95.68%
 455  HOUSE701_12123     0.00%    passed     96.52%
 456  HOUSE4935_8402     0.00%    passed     98.90%
 457  HOUSE2904_9487     0.00%    passed     98.59%
 458  HOUSE430_10312     0.00%    passed     95.66%
 459  HOUSE2524_2540     0.00%    passed     99.19%
 460  HOUSE2524_2541     0.00%    passed     97.10%
 461  HOUSE6019_7378     0.00%    passed     97.25%
 462  HOUSE5135_8911     0.00%    passed     87.45%
 463  HOUSE556_526       0.00%    passed     93.30%
 464  HOUSE1775_1780     0.00%    passed     96.02%
 465  HOUSE3205_10342    0.00%    passed     93.66%
 466  HOUSE5920_11862    0.00%    passed     96.03%
 467  HOUSE4716_4688     0.00%    passed     94.82%
 468  HOUSE6019_6031     0.00%    passed     95.83%
 469  HOUSE3052_7643     0.00%    passed     98.15%
 470  HOUSE414_398       0.00%    passed     98.36%
 471  HOUSE39_13094      0.00%    passed     91.12%
 472  HOUSE4767_4730     0.00%    passed     92.89%
 473  HOUSE365_9277      0.00%    passed     98.24%
 474  HOUSE6019_10642    0.00%    passed     94.88%
 475  HOUSE3879_3835     0.00%    passed     88.75%
 476  HOUSE4500_4466     0.00%    passed     93.27%
 477  HOUSE3442_6732     0.00%    passed     95.96%
 478  HOUSE3007_10016    0.00%    passed     95.20%
 479  HOUSE2353_10003    0.00%    passed     82.83%
 480  HOUSE2142_10688    0.00%    passed     69.53%
 481  HOUSE2394_2415     0.00%    passed     79.99%
 482  HOUSE2776_2770     0.00%    passed     88.47%
 483  HOUSE1435_9424     0.00%    passed     98.91%
 484  HOUSE1309_8790     0.00%    passed     91.14%
 485  HOUSE2254_6480     0.00%    passed     74.27%
 486  HOUSE220_201       0.00%    passed     92.90%
 487  HOUSE4732_4704     0.00%    passed     64.66%
 488  HOUSE219_11832     0.00%    passed     78.34%
 489  HOUSE5564_12429    0.00%    passed     87.30%
 490  HOUSE952_10827     0.00%    passed     98.61%
 491  HOUSE803_7632      0.00%    passed     99.69%
 492  HOUSE2106_2121     0.00%    passed     98.86%
 493  HOUSE1018_8200     0.00%    passed     96.40%
 494  HOUSE868_8657      0.00%    passed     94.04%
 495  HOUSE5139_5102     0.00%    passed     99.93%
 496  HOUSE194_174       0.00%    passed     92.36%
 497  HOUSE5164_5130     0.00%    passed     96.50%
 498  HOUSE2602_2614     0.00%    passed     99.08%
 499  HOUSE5657_11575    0.00%    passed     99.80%
 500  HOUSE2658_10857    0.00%    passed     98.97%
 501  HOUSE6019_14403    0.00%    passed     87.78%
 502  HOUSE6_10601       0.00%    passed     98.62%
 503  HOUSE724_702       0.00%    passed     96.31%
 504  HOUSE6019_11455    0.00%    passed     92.69%
 505  HOUSE1427_1415     0.00%    passed     92.96%
 506  HOUSE3246_3206     0.00%    passed     94.52%
 507  HOUSE1940_1937     0.00%    passed     94.90%
 508  HOUSE3750_3703     0.00%    passed     99.50%
 509  HOUSE4519_8437     0.00%    passed     97.57%
 510  HOUSE1546_1531     0.00%    passed     96.87%
 511  HOUSE2950_7642     0.00%    passed     80.56%
 512  HOUSE4529_4483     0.00%    passed     99.69%
 513  HOUSE5805_5791     0.00%    passed     99.79%
 514  HOUSE5805_5790     0.00%    passed     99.28%
 515  HOUSE1966_1961     0.00%    passed     99.77%
 516  HOUSE3050_11649    0.00%    passed     98.50%
 517  HOUSE1358_11320    0.00%    passed     99.93%
 518  HOUSE142_10479     0.00%    passed     98.00%
 519  HOUSE5871_5848     0.00%    passed     99.41%
 520  HOUSE4634_7502     0.00%    passed     96.21%
 521  HOUSE4634_4599     0.00%    passed     99.35%
 522  HOUSE5592_5587     0.00%    passed     81.34%
 523  HOUSE5592_13552    0.00%    passed     87.56%
 524  HOUSE5569_5565     0.00%    passed     98.49%
 525  HOUSE121_9665      0.00%    passed     89.78%
 526  HOUSE1965_13019    0.00%    passed     97.76%
 527  HOUSE1855_1844     0.00%    passed     96.35%
 528  HOUSE2981_2967     0.00%    passed     98.98%
 529  HOUSE1144_11083    0.00%    passed     98.70%
 530  HOUSE3023_3014     0.00%    passed     88.47%
 531  HOUSE1498_1481     0.00%    passed     93.88%
 532  HOUSE5158_13057    0.00%    passed     85.15%
 533  HOUSE1487_1467     0.00%    passed     99.24%
 534  HOUSE3264_7514     0.00%    passed     99.91%
 535  HOUSE3957_7997     0.00%    passed     99.72%
 536  HOUSE1697_12740    0.00%    passed     95.08%
 537  HOUSE5179_5148     0.00%    passed     98.42%
 538  HOUSE224_12492     0.00%    passed     98.70%
 539  HOUSE4878_4850     0.00%    passed     88.59%
 540  HOUSE2238_9481     0.00%    passed     98.66%
 541  HOUSE3474_3425     0.00%    passed     91.84%
 542  HOUSE1438_11257    0.00%    passed     81.74%
 543  HOUSE2686_2703     0.00%    passed     97.76%
 544  HOUSE1140_12343    0.00%    passed     90.42%
 545  HOUSE447_9530      0.00%    passed     78.21%
 546  HOUSE5038_5011     0.00%    passed     89.54%
 547  HOUSE1920_1916     0.00%    passed     84.19%
 548  HOUSE2974_12161    0.00%    passed     98.68%
 549  HOUSE1210_1191     0.00%    passed     89.15%
 550  HOUSE4645_4610     0.00%    passed     74.23%
 551  HOUSE4645_8768     0.00%    passed     74.02%
 552  HOUSE1583_8869     0.00%    passed     99.08%
 553  HOUSE5545_7979     0.00%    passed     99.77%
 554  HOUSE5545_5541     0.00%    passed     99.09%
 555  HOUSE3467_3414     0.00%    passed     85.29%
 556  HOUSE1197_7907     0.00%    passed     85.70%
 557  HOUSE3119_8597     0.00%    passed     97.15%
 558  HOUSE4002_13016    0.00%    passed     94.46%
 559  HOUSE5013_4985     0.00%    passed     96.67%
 560  HOUSE428_11309     0.00%    passed     84.81%
 561  HOUSE6019_10359    0.00%    passed     66.06%
 562  HOUSE414_399       0.00%    passed     94.82%
 563  HOUSE695_11017     0.00%    passed     89.92%
 564  HOUSE1968_11790    0.00%    passed     99.61%
 565  HOUSE1968_12993    0.00%    passed     98.02%
 566  HOUSE477_446       0.00%    passed     94.66%
 567  HOUSE2917_8320     0.00%    passed     86.22%
 568  HOUSE1350_10581    0.00%    passed     72.48%
 569  HOUSE697_8498      0.00%    passed     95.10%
 570  HOUSE1658_1651     0.00%    passed     99.82%
 571  HOUSE1755_8118     0.00%    passed     97.40%
 572  HOUSE772_10998     0.00%    passed     96.63%
 573  HOUSE3726_12132    0.00%    passed     93.20%
 574  HOUSE3910_3870     0.00%    passed     99.37%
 575  HOUSE5194_8980     0.00%    passed     97.16%
 576  HOUSE2849_2841     0.00%    passed     96.56%
 577  HOUSE748_729       0.00%    passed     92.62%
 578  HOUSE4052_4009     0.00%    passed     94.31%
 579  HOUSE1575_1558     0.00%    passed     98.10%
 580  HOUSE200_8594      0.00%    passed     92.77%
 581  HOUSE1529_12627    0.00%    passed     94.40%
 582  HOUSE2792_2784     0.00%    passed     97.98%
 583  HOUSE2792_2785     0.00%    passed     97.44%
 584  HOUSE1253_11361    0.00%    passed     98.74%
 585  HOUSE1253_11402    0.00%    passed     94.17%
 586  HOUSE4441_4405     0.00%    passed     98.80%
 587  HOUSE3035_3023     0.00%    passed     99.87%
 588  HOUSE1868_7374     0.00%    passed     90.62%
 589  HOUSE815_12201     0.00%    passed     96.37%
 590  HOUSE815_11933     0.00%    passed     97.46%
 591  HOUSE2357_2368     0.00%    passed     96.51%
 592  HOUSE284_6569      0.00%    passed     88.81%
 593  HOUSE284_13823     0.00%    passed     95.91%
 594  HOUSE5920_5904     0.00%    passed     93.94%
 595  HOUSE4933_4905     0.00%    passed     98.21%
 596  HOUSE6019_6039     0.00%    passed     92.31%
 597  HOUSE4514_12160    0.00%    passed     96.62%
 598  HOUSE1977_6760     0.00%    passed     95.65%
 599  HOUSE6019_11435    0.00%    passed     98.03%
 600  HOUSE783_7395      0.00%    passed     84.18%
 601  HOUSE2704_6459     0.00%    passed     98.30%
 602  HOUSE3550_9961     0.00%    passed     89.20%
 603  HOUSE3550_12930    0.00%    passed     93.26%
 604  HOUSE720_9423      0.00%    passed     97.99%
 605  HOUSE720_9365      0.00%    passed     99.36%
 606  HOUSE6019_9801     0.00%    passed     93.08%
 607  HOUSE1099_1070     0.00%    passed     99.17%
 608  HOUSE6019_10441    0.00%    passed     99.46%
 609  HOUSE5561_8650     0.00%    passed     96.28%
 610  HOUSE6019_13271    0.00%    passed     87.01%
 611  HOUSE3758_13639    0.00%    passed     92.11%
 612  HOUSE6019_12808    0.00%    passed     96.54%
 613  HOUSE297_270       0.00%    passed     96.65%
 614  HOUSE1592_1579     0.00%    passed     98.52%
 615  HOUSE2146_11853    0.00%    passed     98.99%
 616  HOUSE1029_6283     0.00%    passed     99.79%
 617  HOUSE943_8635      0.00%    passed     96.02%
 618  HOUSE4115_4072     0.00%    passed     91.02%
 619  HOUSE4115_9639     0.00%    passed     98.88%
 620  HOUSE1294_11929    0.00%    passed     95.62%
 621  HOUSE5128_8951     0.00%    passed     96.02%
 622  HOUSE541_12223     0.00%    passed     94.80%
 623  HOUSE335_14092     0.00%    passed     95.53%
 624  HOUSE3133_7766     0.00%    passed     86.77%
 625  HOUSE2564_2574     0.00%    passed     98.24%
 626  HOUSE4679_8649     0.00%    passed     99.91%
 627  HOUSE825_13403     0.00%    passed     96.11%
 628  HOUSE2622_11286    0.00%    passed     83.46%
 629  HOUSE1314_1291     0.00%    passed     90.60%
 630  HOUSE2209_11085    0.00%    passed     98.12%
 631  HOUSE3411_9597     0.00%    passed     98.45%
 632  HOUSE3411_9636     0.00%    passed     99.51%
 633  HOUSE4127_11598    0.00%    passed     99.26%
 634  HOUSE2326_2344     0.00%    passed     99.86%
 635  HOUSE2098_2107     0.00%    passed     86.50%
 636  HOUSE372_9469      0.00%    passed     88.15%
 637  HOUSE6019_7624     0.00%    passed     92.50%
 638  HOUSE183_165       0.00%    passed     97.53%
 639  HOUSE5267_10377    0.00%    passed     88.04%
 640  HOUSE4737_4706     0.00%    passed     95.69%
 641  HOUSE4929_11331    0.00%    passed     97.23%
 642  HOUSE3416_3367     0.00%    passed     76.93%
 643  HOUSE1269_1252     0.00%    passed     80.56%
 644  HOUSE1518_9824     0.00%    passed     92.41%
 645  HOUSE1518_13806    0.00%    passed     91.30%
 646  HOUSE4152_12173    0.00%    passed     87.91%
 647  HOUSE1657_6810     0.00%    passed     99.97%
 648  HOUSE29_8868       0.00%    passed     99.24%
 649  HOUSE3341_3291     0.00%    passed     88.65%
 650  HOUSE922_11744     0.00%    passed     87.60%
 651  HOUSE2841_11382    0.00%    passed     99.10%
 652  HOUSE1871_9770     0.00%    passed     97.64%
 653  HOUSE2346_2357     0.00%    passed     96.98%
 654  HOUSE2019_2012     0.00%    passed     82.13%
 655  HOUSE2019_2013     0.00%    passed     99.17%
 656  HOUSE605_572       0.00%    passed     94.46%
 657  HOUSE605_573       0.00%    passed     95.33%
 658  HOUSE1567_1549     0.00%    passed     89.66%
 659  HOUSE6019_9915     0.00%    passed     83.01%
 660  HOUSE4853_12047    0.00%    passed     83.16%
 661  HOUSE6019_6121     0.00%    passed     91.09%
 662  HOUSE1652_9401     0.00%    passed     80.10%
 663  HOUSE6019_6016     0.00%    passed     98.79%
 664  HOUSE373_6349      0.00%    passed     79.84%
 665  HOUSE660_624       0.00%    passed     90.57%
 666  HOUSE168_7047      0.00%    passed     95.55%
 667  HOUSE2587_11429    0.00%    passed     99.31%
 668  HOUSE1139_10239    0.00%    passed     96.48%
 669  HOUSE2784_11210    0.00%    passed     99.86%
 670  HOUSE6019_10055    0.00%    passed     97.97%
 671  HOUSE5096_10793    0.00%    passed     99.52%
 672  HOUSE3519_6453     0.00%    passed     99.83%
 673  HOUSE2210_13074    0.00%    passed     98.69%
 674  HOUSE2651_7927     0.00%    passed     99.85%
 675  HOUSE6019_9929     0.00%    passed     96.22%
 676  HOUSE5024_12471    0.00%    passed     97.10%
 677  HOUSE2258_10781    0.00%    passed     94.77%
 678  HOUSE6019_10721    0.00%    passed     90.65%
 679  HOUSE299_10251     0.00%    passed     96.27%
 680  HOUSE5249_14120    0.00%    passed     97.22%
 681  HOUSE647_13173     0.00%    passed     91.78%
 682  HOUSE1845_11645    0.00%    passed     97.66%
 683  HOUSE2659_14252    0.00%    passed     95.09%
 684  HOUSE3276_7983     0.00%    passed     74.17%
 685  HOUSE3546_10900    0.00%    passed     99.46%
 686  HOUSE2932_8795     0.00%    passed     95.08%
 687  HOUSE209_192       0.00%    passed     98.76%
 688  HOUSE229_7494      0.00%    passed     99.39%
 689  HOUSE213_14281     0.00%    passed     99.29%
 690  HOUSE5897_8287     0.00%    passed     98.61%
 691  HOUSE5897_8587     0.00%    passed     97.20%
 692  HOUSE5380_5360     0.00%    passed     95.20%
 693  HOUSE6019_6130     0.00%    passed     97.77%
 694  HOUSE767_749       0.00%    passed     98.53%
 695  HOUSE1821_7411     0.00%    passed     88.18%
 696  HOUSE2340_2353     0.00%    passed     98.49%
 697  HOUSE1965_8748     0.00%    passed     85.09%
 698  HOUSE6019_6043     0.00%    passed     49.92%
 699  HOUSE2172_2194     0.00%    passed     76.99%
 700  HOUSE311_11254     0.00%    passed     90.10%
 701  HOUSE1802_12194    0.00%    passed     73.76%
 702  HOUSE5807_8702     0.00%    passed     95.00%
 703  HOUSE6019_8456     0.00%    passed     92.27%
 704  HOUSE5807_5793     0.00%    passed     99.49%
 705  HOUSE1228_1213     0.00%    passed     80.22%
 706  HOUSE76_61         0.00%    passed     91.76%
 707  HOUSE3553_10809    0.00%    passed     84.07%
 708  HOUSE391_377       0.00%    passed     85.51%
 709  HOUSE1064_1036     0.00%    passed     87.33%
 710  HOUSE1109_8806     0.00%    passed     79.98%
 711  HOUSE1218_12850    0.00%    passed     73.52%
 712  HOUSE3322_12079    0.00%    passed     82.60%
 713  HOUSE5237_5206     0.00%    passed     73.01%
 714  HOUSE4119_4078     0.00%    passed     95.93%
 715  HOUSE1013_7318     0.00%    passed     85.44%
 716  HOUSE1743_10787    0.00%    passed     79.04%
 717  HOUSE6019_13322    0.00%    passed     88.75%
 718  HOUSE4374_4339     0.00%    passed     81.80%
 719  HOUSE3408_6536     0.00%    passed     81.65%
 720  HOUSE2586_8941     0.00%    passed     93.83%
 721  HOUSE1791_1797     0.00%    passed     90.83%
 722  HOUSE2930_13091    0.00%    passed     91.66%
 723  HOUSE2191_10833    0.00%    passed     78.13%
 724  HOUSE2101_11964    0.00%    passed     86.40%
 725  HOUSE258_8534      0.00%    passed     83.99%
 726  HOUSE622_587       0.00%    passed     68.23%
 727  HOUSE2484_7072     0.00%    passed     85.97%
 728  HOUSE2447_2463     0.00%    passed     96.51%
 729  HOUSE722_12925     0.00%    passed     92.30%
 730  HOUSE2400_11676    0.00%    passed     97.36%
 731  HOUSE1805_13807    0.00%    passed     85.82%
 732  HOUSE3301_10549    0.00%    passed     97.10%
 733  HOUSE1232_1216     0.00%    passed     81.56%
 734  HOUSE5265_8370     0.00%    passed     98.79%
 735  HOUSE5952_7379     0.00%    passed     91.45%
 736  HOUSE559_531       0.00%    passed     90.37%
 737  HOUSE108_10569     0.00%    passed     84.95%
 738  HOUSE1167_10057    0.00%    passed     97.74%
 739  HOUSE243_225       0.00%    passed     98.43%
 740  HOUSE1439_1425     0.00%    passed     87.26%
 741  HOUSE5449_5437     0.00%    passed     95.04%
 742  HOUSE1601_9706     0.00%    passed     78.01%
 743  HOUSE4948_9345     0.00%    passed     93.23%
 744  HOUSE514_8061      0.00%    passed     87.04%
 745  HOUSE3634_11570    0.00%    passed     74.47%
 746  HOUSE6019_11992    0.00%    passed     99.07%
 747  HOUSE5242_7013     0.00%    passed     98.94%
 748  HOUSE1106_1079     0.00%    passed     82.98%
 749  HOUSE1741_1733     0.00%    passed     87.62%
 750  HOUSE2299_2309     0.00%    passed     97.71%
 751  HOUSE872_6967      0.00%    passed     93.65%
 752  HOUSE872_6443      0.00%    passed     96.61%
 753  HOUSE3706_11872    0.00%    passed     98.30%
 754  HOUSE4251_4207     0.00%    passed     97.08%
 755  HOUSE3463_3411     0.00%    passed     95.85%
 756  HOUSE779_9519      0.00%    passed     99.59%
 757  HOUSE4670_8190     0.00%    passed     99.10%
 758  HOUSE2175_10619    0.00%    passed     87.83%
 759  HOUSE1293_1266     0.00%    passed     79.99%
 760  HOUSE3958_10853    0.00%    passed     68.05%
 761  HOUSE1378_9212     0.00%    passed     92.04%
 762  HOUSE115_12413     0.00%    passed     69.92%
 763  HOUSE5_9973        0.00%    passed     79.03%
 764  HOUSE245_8318      0.00%    passed     79.84%
 765  HOUSE197_6279      0.00%    passed     98.28%
 766  HOUSE6019_10402    0.00%    passed     98.03%
 767  HOUSE2070_6681     0.00%    passed     94.39%
 768  HOUSE240_8883      0.00%    passed     98.58%
 769  HOUSE4776_4738     0.00%    passed     99.31%
 770  HOUSE6019_10010    0.00%    passed     99.95%
 771  HOUSE2161_11026    0.00%    passed     99.18%
 772  HOUSE166_12873     0.00%    passed     99.84%
 773  HOUSE1909_11404    0.00%    passed     99.51%
 774  HOUSE3298_6399     0.00%    passed     99.88%
 775  HOUSE1446_11197    0.00%    passed     99.41%
 776  HOUSE3567_8095     0.00%    passed     98.40%
 777  HOUSE1446_8530     0.00%    passed     99.44%
****  TOTAL              0.00%  0 sequences failed composition chi2 test (p-value<5%; df=3)

Reading partition gag (model=GTR+R20, aln=, seq=DNA, pos=1-1479) ...
777 sequences and 1479 sites extracted

Reading partition pol (model=GTR+R20, aln=, seq=DNA, pos=1480-4479) ...
777 sequences and 3000 sites extracted

Reading partition env (model=GTR+R20, aln=, seq=DNA, pos=4480-6987) ...
777 sequences and 2508 sites extracted
Degree of missing data: 0.000


Create initial parsimony tree by phylogenetic likelihood library (PLL)... 2.117 seconds

NOTE: 2292 MB RAM is required!
Estimate model parameters (epsilon = 0.100)
Initial log-likelihood: -660970.875
Current log-likelihood at step 1: -651750.109
Current log-likelihood at step 2: -650765.978
Current log-likelihood at step 3: -650531.059
Current log-likelihood at step 4: -650486.196
Current log-likelihood at step 5: -650336.033
Current log-likelihood at step 6: -650284.547
Current log-likelihood at step 7: -650256.677
Current log-likelihood at step 8: -650201.836
Current log-likelihood at step 9: -650120.817
Current log-likelihood at step 10: -650106.926
Current log-likelihood at step 11: -650058.720
Current log-likelihood at step 12: -650045.603
Current log-likelihood at step 13: -650028.799
Current log-likelihood at step 14: -650018.474
Current log-likelihood at step 15: -650011.776
Current log-likelihood at step 16: -650009.897
Current log-likelihood at step 17: -650009.662
Current log-likelihood at step 18: -650004.564
Current log-likelihood at step 19: -650003.463
Current log-likelihood at step 20: -650002.835
Current log-likelihood at step 21: -650002.762
Partition-specific rates:  0.857 0.822 1.297
Parameters optimization took 20 rounds (2583.304 sec)

2588.704 seconds (logl: -650002.762)
Generating 99 parsimony trees... (0 duplicated parsimony trees)
Time: 244.407
Computing logl of parsimony trees ... 
Average wall time for computing logl of 1 parsimony tree: 9.667

Optimizing top parsimony trees with NNI...
Iteration 1 / LogL: -649673.281 / Time: 1h:4m:5s
Estimate model parameters (epsilon = 0.100)
Initial log-likelihood: -649673.278
Current log-likelihood at step 1: -649673.204
Partition-specific rates:  0.857 0.822 1.297
Parameters optimization took 0 rounds (59.541 sec)

63.280 seconds (logl: -649673.204)
BETTER TREE FOUND at iteration 1: -649673.204
Iteration 2 / LogL: -649660.208 / Time: 1h:6m:0s
Estimate model parameters (epsilon = 0.100)
Initial log-likelihood: -649660.199
Current log-likelihood at step 1: -649660.133
Partition-specific rates:  0.857 0.822 1.297
Parameters optimization took 0 rounds (59.766 sec)

63.516 seconds (logl: -649660.133)
BETTER TREE FOUND at iteration 2: -649660.133
Iteration 3 / LogL: -649660.136 / Time: 1h:7m:55s
Iteration 4 / LogL: -649674.697 / Time: 1h:8m:40s
Iteration 5 / LogL: -649661.666 / Time: 1h:9m:32s
Iteration 6 / LogL: -649664.235 / Time: 1h:10m:23s
Iteration 7 / LogL: -649660.137 / Time: 1h:11m:15s
Iteration 8 / LogL: -649660.135 / Time: 1h:12m:6s
Iteration 9 / LogL: -649664.227 / Time: 1h:12m:57s
Iteration 10 / LogL: -649660.136 / Time: 1h:13m:48s
Iteration 11 / LogL: -649670.606 / Time: 1h:14m:34s
Iteration 12 / LogL: -649660.136 / Time: 1h:15m:26s
Iteration 13 / LogL: -649674.663 / Time: 1h:16m:16s
Iteration 14 / LogL: -649669.046 / Time: 1h:17m:12s
Iteration 15 / LogL: -649669.053 / Time: 1h:18m:4s
Iteration 16 / LogL: -649669.048 / Time: 1h:18m:55s
Iteration 17 / LogL: -649660.137 / Time: 1h:19m:46s
Iteration 18 / LogL: -649670.653 / Time: 1h:20m:37s
Iteration 19 / LogL: -649660.135 / Time: 1h:21m:28s
Iteration 20 / LogL: -649664.654 / Time: 1h:22m:19s
Average CPU time for 1 NNI search: 56.129
Finish initializing candidate tree set. Number of distinct locally optimal trees: 9
Current best tree score: -649660.133 / CPU time: 2322.698
Estimate model parameters (epsilon = 0.001)
Initial log-likelihood: -649660.132
Current log-likelihood at step 1: -649660.086
Current log-likelihood at step 2: -649659.995
Current log-likelihood at step 3: -649659.895
Current log-likelihood at step 4: -649659.806
Current log-likelihood at step 5: -649659.600
Current log-likelihood at step 6: -649659.528
Current log-likelihood at step 7: -649659.473
Current log-likelihood at step 8: -649659.399
Current log-likelihood at step 9: -649659.237
Current log-likelihood at step 10: -649659.193
Current log-likelihood at step 11: -649651.819
Current log-likelihood at step 12: -649650.901
Current log-likelihood at step 13: -649650.809
Current log-likelihood at step 14: -649650.743
Current log-likelihood at step 15: -649650.543
Current log-likelihood at step 16: -649650.303
Current log-likelihood at step 17: -649650.108
Current log-likelihood at step 18: -649649.730
Current log-likelihood at step 19: -649648.993
Current log-likelihood at step 20: -649648.962
Current log-likelihood at step 21: -649648.917
Current log-likelihood at step 22: -649648.658
Current log-likelihood at step 23: -649648.464
Current log-likelihood at step 24: -649648.313
Current log-likelihood at step 25: -649648.260
Current log-likelihood at step 26: -649648.196
Current log-likelihood at step 27: -649648.068
Current log-likelihood at step 28: -649648.015
Current log-likelihood at step 29: -649647.967
Current log-likelihood at step 30: -649647.921
Current log-likelihood at step 31: -649647.880
Current log-likelihood at step 32: -649647.847
Current log-likelihood at step 33: -649647.809
Current log-likelihood at step 34: -649647.778
Current log-likelihood at step 35: -649647.746
Current log-likelihood at step 36: -649647.715
Current log-likelihood at step 37: -649647.688
Current log-likelihood at step 38: -649647.660
Current log-likelihood at step 39: -649647.632
Current log-likelihood at step 40: -649647.601
Current log-likelihood at step 41: -649647.573
Current log-likelihood at step 42: -649647.542
Current log-likelihood at step 43: -649647.514
Current log-likelihood at step 44: -649647.485
Current log-likelihood at step 45: -649647.454
Current log-likelihood at step 46: -649647.431
Current log-likelihood at step 47: -649647.392
Current log-likelihood at step 48: -649647.370
Current log-likelihood at step 49: -649647.350
Current log-likelihood at step 50: -649647.330
Current log-likelihood at step 51: -649647.311
Current log-likelihood at step 52: -649647.289
Current log-likelihood at step 53: -649647.261
Current log-likelihood at step 54: -649647.233
Current log-likelihood at step 55: -649647.207
Current log-likelihood at step 56: -649647.176
Current log-likelihood at step 57: -649647.150
Current log-likelihood at step 58: -649647.121
Current log-likelihood at step 59: -649647.085
Current log-likelihood at step 60: -649647.052
Current log-likelihood at step 61: -649647.028
Current log-likelihood at step 62: -649647.011
Current log-likelihood at step 63: -649646.997
Current log-likelihood at step 64: -649646.983
Current log-likelihood at step 65: -649646.966
Current log-likelihood at step 66: -649646.949
Current log-likelihood at step 67: -649646.935
Current log-likelihood at step 68: -649646.920
Current log-likelihood at step 69: -649646.906
Current log-likelihood at step 70: -649646.889
Current log-likelihood at step 71: -649646.869
Current log-likelihood at step 72: -649646.842
Current log-likelihood at step 73: -649646.815
Current log-likelihood at step 74: -649646.777
Current log-likelihood at step 75: -649646.765
Current log-likelihood at step 76: -649646.751
Current log-likelihood at step 77: -649646.741
Current log-likelihood at step 78: -649646.725
Current log-likelihood at step 79: -649646.712
Current log-likelihood at step 80: -649646.698
Current log-likelihood at step 81: -649646.686
Current log-likelihood at step 82: -649646.674
Current log-likelihood at step 83: -649646.659
Current log-likelihood at step 84: -649645.639
Current log-likelihood at step 85: -649645.623
Current log-likelihood at step 86: -649645.102
Current log-likelihood at step 87: -649644.961
Current log-likelihood at step 88: -649644.939
Current log-likelihood at step 89: -649644.922
Current log-likelihood at step 90: -649644.900
Current log-likelihood at step 91: -649644.883
Current log-likelihood at step 92: -649644.866
Current log-likelihood at step 93: -649644.851
Current log-likelihood at step 94: -649644.843
Current log-likelihood at step 95: -649644.825
Current log-likelihood at step 96: -649639.391
Current log-likelihood at step 97: -649638.514
Current log-likelihood at step 98: -649637.844
Current log-likelihood at step 99: -649637.752
Partition-specific rates:  0.827 0.813 1.325
Parameters optimization took 99 rounds (6139.332 sec)

6142.449 seconds (logl: -649637.752)
UPDATE BEST LOG-LIKELIHOOD: -649637.752 / CPU time: 11169s
Estimate model parameters (epsilon = 0.001)
Initial log-likelihood: -649637.751
Current log-likelihood at step 1: -649637.719
Current log-likelihood at step 2: -649637.700
Current log-likelihood at step 3: -649637.616
Current log-likelihood at step 4: -649637.606
Current log-likelihood at step 5: -649637.602
Current log-likelihood at step 6: -649637.587
Current log-likelihood at step 7: -649637.573
Current log-likelihood at step 8: -649637.546
Current log-likelihood at step 9: -649637.521
Current log-likelihood at step 10: -649637.512
Current log-likelihood at step 11: -649637.506
Current log-likelihood at step 12: -649637.498
Current log-likelihood at step 13: -649637.491
Current log-likelihood at step 14: -649637.484
Current log-likelihood at step 15: -649637.476
Current log-likelihood at step 16: -649637.468
Current log-likelihood at step 17: -649637.462
Current log-likelihood at step 18: -649637.457
Current log-likelihood at step 19: -649637.451
Current log-likelihood at step 20: -649637.446
Current log-likelihood at step 21: -649637.440
Current log-likelihood at step 22: -649637.435
Current log-likelihood at step 23: -649637.429
Current log-likelihood at step 24: -649637.425
Current log-likelihood at step 25: -649637.417
Current log-likelihood at step 26: -649637.405
Current log-likelihood at step 27: -649637.393
Current log-likelihood at step 28: -649637.388
Current log-likelihood at step 29: -649637.384
Current log-likelihood at step 30: -649637.379
Current log-likelihood at step 31: -649637.375
Current log-likelihood at step 32: -649637.369
Current log-likelihood at step 33: -649637.363
Current log-likelihood at step 34: -649637.342
Current log-likelihood at step 35: -649637.338
Current log-likelihood at step 36: -649637.333
Current log-likelihood at step 37: -649637.326
Current log-likelihood at step 38: -649637.321
Current log-likelihood at step 39: -649637.317
Current log-likelihood at step 40: -649637.311
Current log-likelihood at step 41: -649637.305
Current log-likelihood at step 42: -649637.300
Current log-likelihood at step 43: -649637.294
Current log-likelihood at step 44: -649637.289
Current log-likelihood at step 45: -649637.280
Current log-likelihood at step 46: -649637.273
Current log-likelihood at step 47: -649637.266
Current log-likelihood at step 48: -649637.260
Current log-likelihood at step 49: -649637.255
Current log-likelihood at step 50: -649637.249
Current log-likelihood at step 51: -649637.245
Current log-likelihood at step 52: -649637.240
Current log-likelihood at step 53: -649637.234
Current log-likelihood at step 54: -649637.215
Current log-likelihood at step 55: -649637.197
Current log-likelihood at step 56: -649637.192
Current log-likelihood at step 57: -649637.185
Current log-likelihood at step 58: -649637.178
Current log-likelihood at step 59: -649637.170
Current log-likelihood at step 60: -649637.162
Current log-likelihood at step 61: -649637.154
Current log-likelihood at step 62: -649637.146
Current log-likelihood at step 63: -649636.135
Current log-likelihood at step 64: -649636.125
Current log-likelihood at step 65: -649636.114
Current log-likelihood at step 66: -649636.108
Current log-likelihood at step 67: -649636.100
Current log-likelihood at step 68: -649636.092
Current log-likelihood at step 69: -649636.085
Current log-likelihood at step 70: -649636.077
Current log-likelihood at step 71: -649636.070
Current log-likelihood at step 72: -649636.063
Current log-likelihood at step 73: -649636.056
Current log-likelihood at step 74: -649636.050
Current log-likelihood at step 75: -649636.042
Current log-likelihood at step 76: -649636.036
Current log-likelihood at step 77: -649636.031
Current log-likelihood at step 78: -649636.025
Current log-likelihood at step 79: -649636.018
Current log-likelihood at step 80: -649636.011
Current log-likelihood at step 81: -649636.004
Current log-likelihood at step 82: -649635.998
Current log-likelihood at step 83: -649635.993
Current log-likelihood at step 84: -649635.987
Current log-likelihood at step 85: -649635.982
Current log-likelihood at step 86: -649635.977
Current log-likelihood at step 87: -649635.972
Current log-likelihood at step 88: -649635.967
Current log-likelihood at step 89: -649635.962
Current log-likelihood at step 90: -649635.957
Current log-likelihood at step 91: -649635.952
Current log-likelihood at step 92: -649635.947
Current log-likelihood at step 93: -649635.942
Current log-likelihood at step 94: -649635.937
Current log-likelihood at step 95: -649635.932
Current log-likelihood at step 96: -649635.928
Current log-likelihood at step 97: -649635.923
Current log-likelihood at step 98: -649635.918
Current log-likelihood at step 99: -649635.913
Partition-specific rates:  0.820 0.815 1.328
Parameters optimization took 99 rounds (5853.694 sec)

5856.882 seconds (logl: -649635.913)
UPDATE BEST LOG-LIKELIHOOD: -649635.913 / CPU time: 17699s
Iteration 30 / LogL: -649644.834 / Time: 5h:2m:17s (12h:19m:56s left)
Estimate model parameters (epsilon = 0.001)
Initial log-likelihood: -649635.912
Current log-likelihood at step 1: -649635.908
Current log-likelihood at step 2: -649635.903
Current log-likelihood at step 3: -649635.899
Current log-likelihood at step 4: -649635.894
Current log-likelihood at step 5: -649635.890
Current log-likelihood at step 6: -649635.886
Current log-likelihood at step 7: -649635.882
Current log-likelihood at step 8: -649635.878
Current log-likelihood at step 9: -649635.876
Current log-likelihood at step 10: -649635.870
Current log-likelihood at step 11: -649635.864
Current log-likelihood at step 12: -649635.851
Current log-likelihood at step 13: -649635.504
Current log-likelihood at step 14: -649635.497
Current log-likelihood at step 15: -649635.484
Current log-likelihood at step 16: -649635.465
Current log-likelihood at step 17: -649635.439
Current log-likelihood at step 18: -649635.422
Current log-likelihood at step 19: -649635.415
Current log-likelihood at step 20: -649635.409
Current log-likelihood at step 21: -649635.403
Current log-likelihood at step 22: -649635.398
Current log-likelihood at step 23: -649635.393
Current log-likelihood at step 24: -649635.388
Current log-likelihood at step 25: -649635.384
Current log-likelihood at step 26: -649635.381
Current log-likelihood at step 27: -649635.376
Current log-likelihood at step 28: -649635.371
Current log-likelihood at step 29: -649635.367
Current log-likelihood at step 30: -649635.363
Current log-likelihood at step 31: -649635.358
Current log-likelihood at step 32: -649635.350
Current log-likelihood at step 33: -649635.345
Current log-likelihood at step 34: -649635.341
Current log-likelihood at step 35: -649635.337
Current log-likelihood at step 36: -649635.331
Current log-likelihood at step 37: -649635.297
Current log-likelihood at step 38: -649635.273
Current log-likelihood at step 39: -649635.267
Current log-likelihood at step 40: -649635.247
Current log-likelihood at step 41: -649635.227
Current log-likelihood at step 42: -649635.212
Current log-likelihood at step 43: -649635.194
Current log-likelihood at step 44: -649635.190
Current log-likelihood at step 45: -649635.185
Current log-likelihood at step 46: -649635.180
Current log-likelihood at step 47: -649635.175
Current log-likelihood at step 48: -649635.169
Current log-likelihood at step 49: -649635.164
Current log-likelihood at step 50: -649635.160
Current log-likelihood at step 51: -649635.152
Current log-likelihood at step 52: -649635.146
Current log-likelihood at step 53: -649635.140
Current log-likelihood at step 54: -649635.135
Current log-likelihood at step 55: -649635.128
Current log-likelihood at step 56: -649634.520
Current log-likelihood at step 57: -649634.491
Current log-likelihood at step 58: -649634.369
Current log-likelihood at step 59: -649634.363
Current log-likelihood at step 60: -649634.351
Current log-likelihood at step 61: -649634.343
Current log-likelihood at step 62: -649634.336
Current log-likelihood at step 63: -649634.329
Current log-likelihood at step 64: -649634.323
Current log-likelihood at step 65: -649634.318
Current log-likelihood at step 66: -649634.314
Current log-likelihood at step 67: -649634.308
Current log-likelihood at step 68: -649634.290
Current log-likelihood at step 69: -649634.273
Current log-likelihood at step 70: -649634.270
Current log-likelihood at step 71: -649634.265
Current log-likelihood at step 72: -649634.259
Current log-likelihood at step 73: -649634.256
Current log-likelihood at step 74: -649634.250
Current log-likelihood at step 75: -649634.244
Current log-likelihood at step 76: -649634.239
Current log-likelihood at step 77: -649634.234
Current log-likelihood at step 78: -649634.229
Current log-likelihood at step 79: -649634.225
Current log-likelihood at step 80: -649634.219
Current log-likelihood at step 81: -649634.214
Current log-likelihood at step 82: -649634.209
Current log-likelihood at step 83: -649634.204
Current log-likelihood at step 84: -649634.201
Current log-likelihood at step 85: -649634.195
Current log-likelihood at step 86: -649632.690
Current log-likelihood at step 87: -649632.643
Current log-likelihood at step 88: -649632.638
Current log-likelihood at step 89: -649632.633
Current log-likelihood at step 90: -649632.629
Current log-likelihood at step 91: -649632.624
Current log-likelihood at step 92: -649632.620
Current log-likelihood at step 93: -649632.616
Current log-likelihood at step 94: -649632.613
Current log-likelihood at step 95: -649632.608
Current log-likelihood at step 96: -649632.603
Current log-likelihood at step 97: -649632.597
Current log-likelihood at step 98: -649632.582
Current log-likelihood at step 99: -649632.575
Partition-specific rates:  0.814 0.811 1.335
Parameters optimization took 99 rounds (5829.731 sec)

5832.891 seconds (logl: -649632.575)
UPDATE BEST LOG-LIKELIHOOD: -649632.575 / CPU time: 24570s
Iteration 40 / LogL: -649632.588 / Time: 7h:0m:54s (10h:58m:14s left)
Iteration 50 / LogL: -649632.581 / Time: 7h:20m:33s (7h:38m:27s left)
Iteration 60 / LogL: -649632.967 / Time: 7h:41m:14s (5h:20m:28s left)
Iteration 70 / LogL: -649634.116 / Time: 8h:0m:42s (3h:35m:56s left)
Iteration 80 / LogL: -649632.987 / Time: 8h:21m:7s (2h:13m:11s left)
Iteration 90 / LogL: -649641.495 / Time: 8h:41m:6s (1h:4m:23s left)
Iteration 100 / LogL: -649632.581 / Time: 9h:0m:52s (0h:5m:27s left)
Performs final model parameters optimization
Estimate model parameters (epsilon = 0.001)
Initial log-likelihood: -649632.575
Current log-likelihood at step 1: -649632.562
Current log-likelihood at step 2: -649632.551
Current log-likelihood at step 3: -649632.543
Current log-likelihood at step 4: -649632.539
Current log-likelihood at step 5: -649632.537
Current log-likelihood at step 6: -649632.532
Current log-likelihood at step 7: -649632.515
Current log-likelihood at step 8: -649632.509
Current log-likelihood at step 9: -649632.495
Current log-likelihood at step 10: -649632.484
Current log-likelihood at step 11: -649632.474
Current log-likelihood at step 12: -649632.470
Current log-likelihood at step 13: -649632.466
Current log-likelihood at step 14: -649632.462
Current log-likelihood at step 15: -649632.459
Current log-likelihood at step 16: -649632.456
Current log-likelihood at step 17: -649632.452
Current log-likelihood at step 18: -649632.432
Current log-likelihood at step 19: -649632.414
Current log-likelihood at step 20: -649632.411
Current log-likelihood at step 21: -649632.403
Current log-likelihood at step 22: -649632.399
Current log-likelihood at step 23: -649632.395
Current log-likelihood at step 24: -649632.391
Current log-likelihood at step 25: -649632.386
Current log-likelihood at step 26: -649632.379
Current log-likelihood at step 27: -649632.373
Current log-likelihood at step 28: -649632.352
Current log-likelihood at step 29: -649632.336
Current log-likelihood at step 30: -649632.323
Current log-likelihood at step 31: -649632.313
Current log-likelihood at step 32: -649632.308
Current log-likelihood at step 33: -649632.300
Current log-likelihood at step 34: -649632.294
Current log-likelihood at step 35: -649632.286
Current log-likelihood at step 36: -649632.281
Current log-likelihood at step 37: -649632.270
Current log-likelihood at step 38: -649632.260
Current log-likelihood at step 39: -649631.504
Current log-likelihood at step 40: -649631.496
Current log-likelihood at step 41: -649631.486
Current log-likelihood at step 42: -649631.479
Current log-likelihood at step 43: -649631.474
Current log-likelihood at step 44: -649631.461
Current log-likelihood at step 45: -649631.244
Current log-likelihood at step 46: -649631.221
Current log-likelihood at step 47: -649631.207
Current log-likelihood at step 48: -649631.197
Current log-likelihood at step 49: -649631.187
Current log-likelihood at step 50: -649631.172
Current log-likelihood at step 51: -649628.700
Current log-likelihood at step 52: -649628.497
Current log-likelihood at step 53: -649628.481
Current log-likelihood at step 54: -649628.469
Current log-likelihood at step 55: -649628.420
Current log-likelihood at step 56: -649628.404
Current log-likelihood at step 57: -649628.390
Current log-likelihood at step 58: -649628.380
Current log-likelihood at step 59: -649628.359
Current log-likelihood at step 60: -649628.321
Current log-likelihood at step 61: -649628.304
Current log-likelihood at step 62: -649628.290
Current log-likelihood at step 63: -649628.280
Current log-likelihood at step 64: -649628.273
Current log-likelihood at step 65: -649628.265
Current log-likelihood at step 66: -649628.258
Current log-likelihood at step 67: -649628.251
Current log-likelihood at step 68: -649628.241
Current log-likelihood at step 69: -649628.231
Current log-likelihood at step 70: -649628.222
Current log-likelihood at step 71: -649628.214
Current log-likelihood at step 72: -649628.205
Current log-likelihood at step 73: -649628.197
Current log-likelihood at step 74: -649628.189
Current log-likelihood at step 75: -649628.183
Current log-likelihood at step 76: -649628.171
Current log-likelihood at step 77: -649628.155
Current log-likelihood at step 78: -649628.142
Current log-likelihood at step 79: -649627.552
Current log-likelihood at step 80: -649627.233
Current log-likelihood at step 81: -649627.213
Current log-likelihood at step 82: -649626.760
Current log-likelihood at step 83: -649626.736
Current log-likelihood at step 84: -649626.719
Current log-likelihood at step 85: -649626.711
Current log-likelihood at step 86: -649626.704
Current log-likelihood at step 87: -649626.691
Current log-likelihood at step 88: -649626.679
Current log-likelihood at step 89: -649626.667
Current log-likelihood at step 90: -649626.661
Current log-likelihood at step 91: -649626.655
Current log-likelihood at step 92: -649626.652
Current log-likelihood at step 93: -649626.647
Current log-likelihood at step 94: -649626.644
Current log-likelihood at step 95: -649626.640
Current log-likelihood at step 96: -649626.636
Current log-likelihood at step 97: -649626.623
Current log-likelihood at step 98: -649626.610
Current log-likelihood at step 99: -649626.596
Partition-specific rates:  0.808 0.803 1.349
Parameters optimization took 99 rounds (5959.120 sec)

5962.783 seconds (logl: -649626.596)
BEST SCORE FOUND : -649626.596
Total tree length: 20.918

CPU time used for tree search: 29732.966 sec (8h:15m:32s)
Wall-clock time used for tree search: 29984.234 sec (8h:19m:44s)
Total CPU time used: 38276.769 sec (10h:37m:56s)
Total wall-clock time used: 38539.789 sec (10h:42m:19s)

Analysis results written to: 
  IQ-TREE report:                vill_3_gene_r20.iqtree
  Maximum-likelihood tree:       vill_3_gene_r20.treefile
  Screen log file:               vill_3_gene_r20.log

Date and Time: Sat Jun 27 19:14:32 2015
