IQ-TREE multicore version 1.3.2 for Mac OS X 64-bit built Jun 11 2015
Copyright (c) 2011-2015 Nguyen Lam Tung, Olga Chernomor, Arndt von Haeseler and Bui Quang Minh.

Host:    vetmac06.vet.cam.ac.uk (AVX, 64 GB RAM)
Command: iqtree-omp -nt 1 -s ../../data/vill_1.phy -spp vill_partition_gene_r20.nex -pre vill_1_gene_r20
Seed:    239532 (Using SPRNG - Scalable Parallel Random Number Generator)
Time:    Thu Jun 25 13:17:27 2015
Kernel:  AVX - 1 threads (16 CPU cores detected)

Reading partition model file vill_partition_gene_r20.nex ...
Reading alignment file ../../data/vill_1.phy ... Phylip format detected
Alignment most likely contains DNA/RNA sequences
Alignment has 957 sequences with 6987 columns and 4800 patterns (4602 informative sites)
                 Gap/Ambiguity  Composition  p-value
   1  HOUSE1663_11837    0.00%    passed     97.33%
   2  HOUSE148_131       0.00%    passed     90.59%
   3  HOUSE4835_8202     0.00%    passed     94.22%
   4  HOUSE293_16042     0.00%    passed     77.79%
   5  HOUSE864_6523      0.00%    passed     99.91%
   6  HOUSE6019_12221    0.00%    passed     95.71%
   7  HOUSE5784_5773     0.00%    passed     94.59%
   8  HOUSE6019_15165    0.00%    passed     94.27%
   9  HOUSE1845_14864    0.00%    passed     92.77%
  10  HOUSE3095_10961    0.00%    passed     96.17%
  11  HOUSE4188_10139    0.00%    passed     93.53%
  12  HOUSE2040_13341    0.00%    passed     99.79%
  13  HOUSE3964_3920     0.00%    passed     95.09%
  14  HOUSE1216_15703    0.00%    passed     97.97%
  15  HOUSE2449_14959    0.00%    passed     95.92%
  16  HOUSE2341_11384    0.00%    passed     86.43%
  17  HOUSE2341_12160    0.00%    passed     78.44%
  18  HOUSE960_943       0.00%    passed     99.45%
  19  HOUSE1051_13018    0.00%    passed     99.91%
  20  HOUSE421_16491     0.00%    passed     99.93%
  21  HOUSE5526_14093    0.00%    passed     99.29%
  22  HOUSE3330_8137     0.00%    passed     98.64%
  23  HOUSE3330_7947     0.00%    passed     97.39%
  24  HOUSE3320_14009    0.00%    passed     94.98%
  25  HOUSE1738_12485    0.00%    passed     99.35%
  26  HOUSE5259_8263     0.00%    passed     98.54%
  27  HOUSE2782_10419    0.00%    passed     99.58%
  28  HOUSE4334_9446     0.00%    passed     92.33%
  29  HOUSE1388_13364    0.00%    passed     97.71%
  30  HOUSE4611_4565     0.00%    passed     99.97%
  31  HOUSE1179_10746    0.00%    passed     92.57%
  32  HOUSE2325_14124    0.00%    passed     99.53%
  33  HOUSE2066_2067     0.00%    passed     98.33%
  34  HOUSE2953_14256    0.00%    passed     99.36%
  35  HOUSE3896_15252    0.00%    passed     97.58%
  36  HOUSE5824_5805     0.00%    passed     95.45%
  37  HOUSE898_14844     0.00%    passed     98.09%
  38  HOUSE1515_7663     0.00%    passed     98.27%
  39  HOUSE5608_10067    0.00%    passed     98.49%
  40  HOUSE6019_15240    0.00%    passed     99.75%
  41  HOUSE1193_7126     0.00%    passed     85.59%
  42  HOUSE1193_7378     0.00%    passed     96.28%
  43  HOUSE748_9452      0.00%    passed     98.10%
  44  HOUSE5712_11004    0.00%    passed     97.84%
  45  HOUSE527_11279     0.00%    passed     99.10%
  46  HOUSE1232_1216     0.00%    passed     98.52%
  47  HOUSE1724_9517     0.00%    passed     84.17%
  48  HOUSE2412_13245    0.00%    passed     99.54%
  49  HOUSE5492_5483     0.00%    passed     99.93%
  50  HOUSE2208_10439    0.00%    passed     96.88%
  51  HOUSE3767_9960     0.00%    passed     98.05%
  52  HOUSE145_11192     0.00%    passed     94.70%
  53  HOUSE6019_15454    0.00%    passed     93.06%
  54  HOUSE1218_15056    0.00%    passed     95.30%
  55  HOUSE355_343       0.00%    passed     95.33%
  56  HOUSE4756_15612    0.00%    passed     98.78%
  57  HOUSE4756_15868    0.00%    passed     99.87%
  58  HOUSE6019_13209    0.00%    passed     99.61%
  59  HOUSE4643_8580     0.00%    passed     99.66%
  60  HOUSE178_157       0.00%    passed     99.94%
  61  HOUSE4490_9017     0.00%    passed     93.06%
  62  HOUSE6018_16087    0.00%    passed     97.42%
  63  HOUSE2772_12126    0.00%    passed     69.29%
  64  HOUSE1955_14250    0.00%    passed     83.53%
  65  HOUSE1247_7354     0.00%    passed     98.62%
  66  HOUSE4572_4518     0.00%    passed     61.23%
  67  HOUSE1571_14467    0.00%    passed     73.13%
  68  HOUSE2332_11049    0.00%    passed     89.12%
  69  HOUSE5481_10153    0.00%    passed     84.02%
  70  HOUSE6019_11578    0.00%    passed     89.30%
  71  HOUSE2681_9376     0.00%    passed     75.12%
  72  HOUSE407_11083     0.00%    passed     87.24%
  73  HOUSE407_10884     0.00%    passed     96.63%
  74  HOUSE1757_11792    0.00%    passed     83.67%
  75  HOUSE5454_5440     0.00%    passed     89.40%
  76  HOUSE2285_11434    0.00%    passed     91.18%
  77  HOUSE2964_10981    0.00%    passed     83.61%
  78  HOUSE4544_11958    0.00%    passed     69.01%
  79  HOUSE3641_3586     0.00%    passed     80.58%
  80  HOUSE3641_3587     0.00%    passed     97.23%
  81  HOUSE2630_15491    0.00%    passed     83.94%
  82  HOUSE3956_3914     0.00%    passed     85.47%
  83  HOUSE1005_978      0.00%    passed     98.32%
  84  HOUSE3990_9768     0.00%    passed     97.98%
  85  HOUSE4989_7635     0.00%    passed     92.16%
  86  HOUSE5975_10280    0.00%    passed     94.39%
  87  HOUSE4883_13524    0.00%    passed     96.69%
  88  HOUSE462_434       0.00%    passed     96.58%
  89  HOUSE1157_13936    0.00%    passed     95.62%
  90  HOUSE4940_8134     0.00%    passed     95.17%
  91  HOUSE4940_13010    0.00%    passed     86.87%
  92  HOUSE1496_13901    0.00%    passed     94.29%
  93  HOUSE1374_1355     0.00%    passed     99.75%
  94  HOUSE831_12282     0.00%    passed     82.94%
  95  HOUSE1578_11104    0.00%    passed     97.73%
  96  HOUSE1578_10960    0.00%    passed     89.56%
  97  HOUSE2795_14644    0.00%    passed     95.68%
  98  HOUSE2792_11397    0.00%    passed     99.80%
  99  HOUSE2204_9719     0.00%    passed     95.77%
 100  HOUSE6019_11671    0.00%    passed     89.54%
 101  HOUSE1826_13061    0.00%    passed     97.95%
 102  HOUSE260_240       0.00%    passed     91.26%
 103  HOUSE1216_10023    0.00%    passed     99.63%
 104  HOUSE1399_15382    0.00%    passed     87.71%
 105  HOUSE2384_15130    0.00%    passed     92.65%
 106  HOUSE2912_2910     0.00%    passed     98.92%
 107  HOUSE2557_11795    0.00%    passed     94.61%
 108  HOUSE3306_15869    0.00%    passed     95.97%
 109  HOUSE6019_11167    0.00%    passed     87.61%
 110  HOUSE1805_13632    0.00%    passed     94.77%
 111  HOUSE246_229       0.00%    passed     90.51%
 112  HOUSE5611_5602     0.00%    passed     83.87%
 113  HOUSE748_14769     0.00%    passed     85.12%
 114  HOUSE1822_10819    0.00%    passed     94.18%
 115  HOUSE2382_13669    0.00%    passed     96.69%
 116  HOUSE4378_14231    0.00%    passed     94.80%
 117  HOUSE1654_14922    0.00%    passed     93.48%
 118  HOUSE502_10590     0.00%    passed     98.81%
 119  HOUSE5962_5938     0.00%    passed     96.48%
 120  HOUSE5962_5939     0.00%    passed     98.84%
 121  HOUSE4988_11451    0.00%    passed     89.37%
 122  HOUSE1513_1493     0.00%    passed     97.81%
 123  HOUSE1138_14011    0.00%    passed     99.58%
 124  HOUSE745_726       0.00%    passed     98.11%
 125  HOUSE4362_8300     0.00%    passed     88.09%
 126  HOUSE743_11304     0.00%    passed     92.23%
 127  HOUSE4527_8284     0.00%    passed     82.86%
 128  HOUSE2327_10136    0.00%    passed     98.95%
 129  HOUSE6019_6165     0.00%    passed     99.76%
 130  HOUSE4077_4037     0.00%    passed     93.36%
 131  HOUSE6019_10816    0.00%    passed     95.70%
 132  HOUSE2857_13985    0.00%    passed     92.30%
 133  HOUSE6019_14285    0.00%    passed     97.78%
 134  HOUSE4970_4949     0.00%    passed     71.73%
 135  HOUSE2873_11295    0.00%    passed     83.95%
 136  HOUSE5658_13526    0.00%    passed     99.76%
 137  HOUSE4883_9685     0.00%    passed     98.75%
 138  HOUSE3169_9919     0.00%    passed     89.34%
 139  HOUSE2900_11117    0.00%    passed     62.36%
 140  HOUSE2065_15511    0.00%    passed     96.69%
 141  HOUSE797_14267     0.00%    passed     94.57%
 142  HOUSE2488_2513     0.00%    passed     87.24%
 143  HOUSE2488_6927     0.00%    passed     90.05%
 144  HOUSE4360_8973     0.00%    passed     87.27%
 145  HOUSE3085_3061     0.00%    passed     79.65%
 146  HOUSE6019_16063    0.00%    passed     82.41%
 147  HOUSE2581_7019     0.00%    passed     92.22%
 148  HOUSE3831_12675    0.00%    passed     80.40%
 149  HOUSE5724_13782    0.00%    passed     95.01%
 150  HOUSE1380_11841    0.00%    passed     94.36%
 151  HOUSE3520_3469     0.00%    passed     82.80%
 152  HOUSE1215_11276    0.00%    passed     61.71%
 153  HOUSE3532_8459     0.00%    passed     64.61%
 154  HOUSE1914_9912     0.00%    passed     90.26%
 155  HOUSE2679_12652    0.00%    passed     90.91%
 156  HOUSE2814_12931    0.00%    passed     99.93%
 157  HOUSE6019_13313    0.00%    passed     99.82%
 158  HOUSE2814_2809     0.00%    passed     99.70%
 159  HOUSE4009_3966     0.00%    passed     59.16%
 160  HOUSE5732_9879     0.00%    passed     97.36%
 161  HOUSE5732_9999     0.00%    passed     73.73%
 162  HOUSE4514_4472     0.00%    passed     73.44%
 163  HOUSE4514_9330     0.00%    passed     88.83%
 164  HOUSE1144_10766    0.00%    passed     72.99%
 165  HOUSE3248_3210     0.00%    passed     87.35%
 166  HOUSE4748_9468     0.00%    passed     90.90%
 167  HOUSE2103_10933    0.00%    passed     64.05%
 168  HOUSE6019_6120     0.00%    passed     80.72%
 169  HOUSE124_14884     0.00%    passed     69.84%
 170  HOUSE1498_11360    0.00%    passed     52.94%
 171  HOUSE1815_14638    0.00%    passed     75.45%
 172  HOUSE1831_12609    0.00%    passed     55.54%
 173  HOUSE2395_13347    0.00%    passed     76.69%
 174  HOUSE3455_12781    0.00%    passed     91.00%
 175  HOUSE2722_9153     0.00%    passed     97.32%
 176  HOUSE16_11530      0.00%    passed     94.80%
 177  HOUSE3932_3891     0.00%    passed     87.12%
 178  HOUSE419_12888     0.00%    passed     70.39%
 179  HOUSE1882_13971    0.00%    passed     80.13%
 180  HOUSE1078_1047     0.00%    passed     84.58%
 181  HOUSE4537_4487     0.00%    passed     84.33%
 182  HOUSE2194_14694    0.00%    passed     99.25%
 183  HOUSE2393_6891     0.00%    passed     98.96%
 184  HOUSE6019_12998    0.00%    passed     99.57%
 185  HOUSE2146_16592    0.00%    passed     96.22%
 186  HOUSE1814_13102    0.00%    passed     99.51%
 187  HOUSE4913_11095    0.00%    passed     96.54%
 188  HOUSE4101_12127    0.00%    passed     99.85%
 189  HOUSE86_9122       0.00%    passed     99.05%
 190  HOUSE2469_11019    0.00%    passed     99.15%
 191  HOUSE3230_12157    0.00%    passed     99.72%
 192  HOUSE1771_14119    0.00%    passed     95.68%
 193  HOUSE947_13540     0.00%    passed     99.53%
 194  HOUSE430_415       0.00%    passed     82.33%
 195  HOUSE623_13553     0.00%    passed     93.62%
 196  HOUSE565_10407     0.00%    passed     98.50%
 197  HOUSE424_11835     0.00%    passed     93.54%
 198  HOUSE621_10116     0.00%    passed     92.61%
 199  HOUSE621_10442     0.00%    passed     99.60%
 200  HOUSE5242_5215     0.00%    passed     91.13%
 201  HOUSE1508_14308    0.00%    passed     87.79%
 202  HOUSE5038_5010     0.00%    passed     97.03%
 203  HOUSE6019_13015    0.00%    passed     93.76%
 204  HOUSE584_11013     0.00%    passed     98.60%
 205  HOUSE84_16427      0.00%    passed     97.17%
 206  HOUSE1001_12129    0.00%    passed     98.79%
 207  HOUSE5029_9348     0.00%    passed     96.30%
 208  HOUSE1552_9654     0.00%    passed     94.84%
 209  HOUSE2284_12266    0.00%    passed     92.86%
 210  HOUSE2047_2048     0.00%    passed     96.04%
 211  HOUSE534_8707      0.00%    passed     85.65%
 212  HOUSE5118_5083     0.00%    passed     79.70%
 213  HOUSE1692_13558    0.00%    passed     80.50%
 214  HOUSE2644_11786    0.00%    passed     97.41%
 215  HOUSE1485_12579    0.00%    passed     97.30%
 216  HOUSE2126_10578    0.00%    passed     99.35%
 217  HOUSE6019_14710    0.00%    passed     96.23%
 218  HOUSE2126_2139     0.00%    passed     97.87%
 219  HOUSE1445_11109    0.00%    passed     97.90%
 220  HOUSE3203_10202    0.00%    passed     99.93%
 221  HOUSE1853_12732    0.00%    passed     99.65%
 222  HOUSE708_7306      0.00%    passed     98.39%
 223  HOUSE3582_12193    0.00%    passed     94.39%
 224  HOUSE2557_2569     0.00%    passed     94.72%
 225  HOUSE599_9190      0.00%    passed     99.90%
 226  HOUSE3527_7405     0.00%    passed     98.27%
 227  HOUSE361_11872     0.00%    passed     88.65%
 228  HOUSE1333_14737    0.00%    passed     82.02%
 229  HOUSE2464_13875    0.00%    passed     89.36%
 230  HOUSE1561_11657    0.00%    passed     67.15%
 231  HOUSE6019_14333    0.00%    passed     48.38%
 232  HOUSE1523_14895    0.00%    passed     48.89%
 233  HOUSE5502_11278    0.00%    passed     75.41%
 234  HOUSE2156_2172     0.00%    passed     82.36%
 235  HOUSE2156_8836     0.00%    passed     83.01%
 236  HOUSE3241_8073     0.00%    passed     93.83%
 237  HOUSE155_7749      0.00%    passed     83.35%
 238  HOUSE155_14138     0.00%    passed     88.46%
 239  HOUSE2925_14890    0.00%    passed     78.46%
 240  HOUSE825_803       0.00%    passed     83.11%
 241  HOUSE2752_2752     0.00%    passed     76.86%
 242  HOUSE1356_10437    0.00%    passed     79.48%
 243  HOUSE4936_8698     0.00%    passed     79.32%
 244  HOUSE3848_3807     0.00%    passed     84.38%
 245  HOUSE3509_11007    0.00%    passed     96.77%
 246  HOUSE1165_1133     0.00%    passed     90.36%
 247  HOUSE757_12561     0.00%    passed     85.67%
 248  HOUSE3949_6952     0.00%    passed     98.08%
 249  HOUSE6019_10427    0.00%    passed     95.44%
 250  HOUSE592_11637     0.00%    passed     93.51%
 251  HOUSE4364_15247    0.00%    passed     91.74%
 252  HOUSE2887_12243    0.00%    passed     55.99%
 253  HOUSE4995_4969     0.00%    passed     79.95%
 254  HOUSE152_9297      0.00%    passed     84.80%
 255  HOUSE1503_11037    0.00%    passed     86.23%
 256  HOUSE4120_10691    0.00%    passed     84.02%
 257  HOUSE256_11743     0.00%    passed     98.42%
 258  HOUSE1825_10853    0.00%    passed     97.13%
 259  HOUSE335_319       0.00%    passed     97.96%
 260  HOUSE6019_10910    0.00%    passed     99.42%
 261  HOUSE5669_9382     0.00%    passed     95.68%
 262  HOUSE1319_9526     0.00%    passed     99.79%
 263  HOUSE1319_1299     0.00%    passed     97.89%
 264  HOUSE1146_8884     0.00%    passed     98.26%
 265  HOUSE4047_7221     0.00%    passed     98.00%
 266  HOUSE860_10234     0.00%    passed     96.94%
 267  HOUSE2140_11978    0.00%    passed     95.60%
 268  HOUSE1076_14019    0.00%    passed     90.75%
 269  HOUSE941_924       0.00%    passed     77.04%
 270  HOUSE2565_12759    0.00%    passed     96.33%
 271  HOUSE2902_13178    0.00%    passed     96.72%
 272  HOUSE1584_1568     0.00%    passed     98.86%
 273  HOUSE1584_1569     0.00%    passed     94.19%
 274  HOUSE1484_6677     0.00%    passed     64.90%
 275  HOUSE4812_10339    0.00%    passed     86.82%
 276  HOUSE2203_10722    0.00%    passed     92.00%
 277  HOUSE6019_14078    0.00%    passed     83.55%
 278  HOUSE180_13205     0.00%    passed     83.32%
 279  HOUSE5123_12840    0.00%    passed     84.94%
 280  HOUSE6019_12235    0.00%    passed     96.83%
 281  HOUSE5600_5595     0.00%    passed     98.23%
 282  HOUSE3664_10807    0.00%    passed     90.59%
 283  HOUSE4791_6550     0.00%    passed     99.81%
 284  HOUSE1434_15134    0.00%    passed     99.89%
 285  HOUSE4844_4809     0.00%    passed     79.75%
 286  HOUSE2221_12365    0.00%    passed     82.43%
 287  HOUSE3981_12533    0.00%    passed     87.40%
 288  HOUSE3981_12490    0.00%    passed     80.72%
 289  HOUSE1349_8745     0.00%    passed     95.96%
 290  HOUSE4651_13770    0.00%    passed     91.87%
 291  HOUSE2691_12309    0.00%    passed     83.79%
 292  HOUSE2541_10186    0.00%    passed     81.49%
 293  HOUSE4807_4773     0.00%    passed     91.66%
 294  HOUSE880_11272     0.00%    passed     86.28%
 295  HOUSE5981_5957     0.00%    passed     91.81%
 296  HOUSE84_10849      0.00%    passed     95.18%
 297  HOUSE4456_4423     0.00%    passed     97.99%
 298  HOUSE6019_9690     0.00%    passed     81.50%
 299  HOUSE979_963       0.00%    passed     96.29%
 300  HOUSE5544_12789    0.00%    passed     63.26%
 301  HOUSE1900_9825     0.00%    passed     46.92%
 302  HOUSE5601_11369    0.00%    passed     95.41%
 303  HOUSE5197_14727    0.00%    passed     83.95%
 304  HOUSE5354_5329     0.00%    passed     90.91%
 305  HOUSE6019_13674    0.00%    passed     98.39%
 306  HOUSE4480_4446     0.00%    passed     99.34%
 307  HOUSE1526_15178    0.00%    passed     99.50%
 308  HOUSE4436_14908    0.00%    passed     98.72%
 309  HOUSE1217_13332    0.00%    passed     98.70%
 310  HOUSE3725_11425    0.00%    passed     97.46%
 311  HOUSE366_12486     0.00%    passed     90.72%
 312  HOUSE6019_6177     0.00%    passed     98.25%
 313  HOUSE3312_3267     0.00%    passed     96.25%
 314  HOUSE1485_11922    0.00%    passed     90.98%
 315  HOUSE4234_9697     0.00%    passed     92.84%
 316  HOUSE1621_9562     0.00%    passed     83.08%
 317  HOUSE768_8672      0.00%    passed     99.66%
 318  HOUSE4037_3996     0.00%    passed     98.82%
 319  HOUSE3289_9632     0.00%    passed     81.81%
 320  HOUSE1069_9267     0.00%    passed     96.40%
 321  HOUSE6019_12480    0.00%    passed     96.62%
 322  HOUSE1088_14469    0.00%    passed     94.81%
 323  HOUSE1088_14648    0.00%    passed     90.60%
 324  HOUSE1780_1784     0.00%    passed     96.11%
 325  HOUSE2529_2543     0.00%    passed     98.97%
 326  HOUSE5461_5445     0.00%    passed     97.39%
 327  HOUSE1315_1293     0.00%    passed     98.29%
 328  HOUSE3775_3734     0.00%    passed     88.65%
 329  HOUSE3506_3451     0.00%    passed     99.39%
 330  HOUSE1094_13996    0.00%    passed     96.88%
 331  HOUSE4601_4551     0.00%    passed     96.75%
 332  HOUSE2205_11601    0.00%    passed     96.18%
 333  HOUSE5538_5532     0.00%    passed     92.60%
 334  HOUSE4376_10122    0.00%    passed     92.12%
 335  HOUSE1167_13497    0.00%    passed     96.26%
 336  HOUSE3451_9591     0.00%    passed     98.58%
 337  HOUSE2864_11797    0.00%    passed     76.55%
 338  HOUSE1205_1182     0.00%    passed     83.69%
 339  HOUSE1205_1183     0.00%    passed     72.29%
 340  HOUSE6002_5980     0.00%    passed     99.51%
 341  HOUSE4120_11076    0.00%    passed     87.07%
 342  HOUSE6019_9788     0.00%    passed     97.92%
 343  HOUSE264_12444     0.00%    passed     87.20%
 344  HOUSE2986_2975     0.00%    passed     98.11%
 345  HOUSE181_15737     0.00%    passed     97.39%
 346  HOUSE12_8894       0.00%    passed     69.81%
 347  HOUSE737_12737     0.00%    passed     50.93%
 348  HOUSE5288_5266     0.00%    passed     64.99%
 349  HOUSE2312_12334    0.00%    passed     54.10%
 350  HOUSE5783_12458    0.00%    passed     60.76%
 351  HOUSE5783_13617    0.00%    passed     77.04%
 352  HOUSE5028_9721     0.00%    passed     68.08%
 353  HOUSE4046_6931     0.00%    passed     99.90%
 354  HOUSE1758_12384    0.00%    passed     92.02%
 355  HOUSE3100_13454    0.00%    passed     99.22%
 356  HOUSE5720_11473    0.00%    passed     96.15%
 357  HOUSE3300_7022     0.00%    passed     97.38%
 358  HOUSE897_11553     0.00%    passed     94.20%
 359  HOUSE1657_1649     0.00%    passed     98.84%
 360  HOUSE2537_2555     0.00%    passed     91.75%
 361  HOUSE2649_8220     0.00%    passed     99.15%
 362  HOUSE2056_8863     0.00%    passed     93.80%
 363  HOUSE2746_2751     0.00%    passed     85.85%
 364  HOUSE1559_7119     0.00%    passed     98.92%
 365  HOUSE5694_14994    0.00%    passed     92.66%
 366  HOUSE3987_3944     0.00%    passed     98.76%
 367  HOUSE3594_3544     0.00%    passed     99.82%
 368  HOUSE5995_5972     0.00%    passed     87.58%
 369  HOUSE671_10481     0.00%    passed     92.63%
 370  HOUSE582_11985     0.00%    passed     91.13%
 371  HOUSE5473_9844     0.00%    passed     96.13%
 372  HOUSE6019_14329    0.00%    passed     78.11%
 373  HOUSE5797_13638    0.00%    passed     84.22%
 374  HOUSE1407_13809    0.00%    passed     92.53%
 375  HOUSE5175_5144     0.00%    passed     99.58%
 376  HOUSE528_10890     0.00%    passed     96.84%
 377  HOUSE394_378       0.00%    passed     92.94%
 378  HOUSE3728_12605    0.00%    passed     97.20%
 379  HOUSE4965_4944     0.00%    passed     94.21%
 380  HOUSE3698_3638     0.00%    passed     96.24%
 381  HOUSE1838_1834     0.00%    passed     99.65%
 382  HOUSE1635_13070    0.00%    passed     96.91%
 383  HOUSE2919_12293    0.00%    passed     61.46%
 384  HOUSE4366_11354    0.00%    passed     98.87%
 385  HOUSE569_538       0.00%    passed     98.62%
 386  HOUSE1037_12985    0.00%    passed     95.26%
 387  HOUSE183_164       0.00%    passed     99.16%
 388  HOUSE5539_14580    0.00%    passed     87.26%
 389  HOUSE5539_16339    0.00%    passed     89.15%
 390  HOUSE1004_12667    0.00%    passed     98.56%
 391  HOUSE4128_14847    0.00%    passed     97.49%
 392  HOUSE5338_5316     0.00%    passed     99.65%
 393  HOUSE4608_12990    0.00%    passed     99.40%
 394  HOUSE4608_12400    0.00%    passed     98.04%
 395  HOUSE192_10763     0.00%    passed     99.31%
 396  HOUSE266_9084      0.00%    passed     96.61%
 397  HOUSE3567_11781    0.00%    passed     93.23%
 398  HOUSE2939_15483    0.00%    passed     85.71%
 399  HOUSE520_10618     0.00%    passed     94.06%
 400  HOUSE1387_1369     0.00%    passed     77.78%
 401  HOUSE85_10287      0.00%    passed     95.85%
 402  HOUSE5863_5841     0.00%    passed     99.81%
 403  HOUSE301_11115     0.00%    passed     98.65%
 404  HOUSE1592_9869     0.00%    passed     88.30%
 405  HOUSE5629_8943     0.00%    passed     96.45%
 406  HOUSE5658_8531     0.00%    passed     97.00%
 407  HOUSE3245_3205     0.00%    passed     96.40%
 408  HOUSE2574_11843    0.00%    passed     98.35%
 409  HOUSE4826_4796     0.00%    passed     92.74%
 410  HOUSE4372_4334     0.00%    passed     99.23%
 411  HOUSE1682_1683     0.00%    passed     98.71%
 412  HOUSE6019_13319    0.00%    passed     88.78%
 413  HOUSE554_7046      0.00%    passed     96.67%
 414  HOUSE4946_4921     0.00%    passed     98.40%
 415  HOUSE3541_8395     0.00%    passed     96.19%
 416  HOUSE281_256       0.00%    passed     98.09%
 417  HOUSE4285_10091    0.00%    passed     99.15%
 418  HOUSE5854_5835     0.00%    passed     98.57%
 419  HOUSE2422_14095    0.00%    passed     93.81%
 420  HOUSE5959_7408     0.00%    passed     83.10%
 421  HOUSE1946_12779    0.00%    passed     93.97%
 422  HOUSE4201_4155     0.00%    passed     97.94%
 423  HOUSE846_9738      0.00%    passed     95.02%
 424  HOUSE2510_11753    0.00%    passed     99.67%
 425  HOUSE335_318       0.00%    passed     86.04%
 426  HOUSE1281_6581     0.00%    passed     92.16%
 427  HOUSE4268_4226     0.00%    passed     60.37%
 428  HOUSE3525_13740    0.00%    passed     78.65%
 429  HOUSE4879_13577    0.00%    passed     89.72%
 430  HOUSE4879_11891    0.00%    passed     65.56%
 431  HOUSE4766_8783     0.00%    passed     88.00%
 432  HOUSE4766_10113    0.00%    passed     84.49%
 433  HOUSE3633_3576     0.00%    passed     67.48%
 434  HOUSE2032_10066    0.00%    passed     82.83%
 435  HOUSE498_10612     0.00%    passed     99.54%
 436  HOUSE5301_5283     0.00%    passed     85.49%
 437  HOUSE4156_4116     0.00%    passed     97.23%
 438  HOUSE2675_11243    0.00%    passed     94.20%
 439  HOUSE533_9957      0.00%    passed     98.02%
 440  HOUSE222_15811     0.00%    passed     97.56%
 441  HOUSE1749_8170     0.00%    passed     90.92%
 442  HOUSE3960_14849    0.00%    passed     89.43%
 443  HOUSE3352_10051    0.00%    passed     93.98%
 444  HOUSE6019_13466    0.00%    passed     99.30%
 445  HOUSE2507_13223    0.00%    passed     81.28%
 446  HOUSE4937_4910     0.00%    passed     97.22%
 447  HOUSE6019_12049    0.00%    passed     93.89%
 448  HOUSE764_745       0.00%    passed     93.58%
 449  HOUSE1357_7832     0.00%    passed     93.10%
 450  HOUSE1357_8042     0.00%    passed     83.75%
 451  HOUSE2149_2160     0.00%    passed     96.64%
 452  HOUSE344_329       0.00%    passed     99.81%
 453  HOUSE1525_13640    0.00%    passed     98.33%
 454  HOUSE5599_8110     0.00%    passed     98.33%
 455  HOUSE880_867       0.00%    passed     71.34%
 456  HOUSE5812_8857     0.00%    passed     37.72%
 457  HOUSE5812_5795     0.00%    passed     51.53%
 458  HOUSE6019_6001     0.00%    passed     88.74%
 459  HOUSE2038_12788    0.00%    passed     86.86%
 460  HOUSE2038_15246    0.00%    passed     90.84%
 461  HOUSE3373_3321     0.00%    passed     98.50%
 462  HOUSE1915_12357    0.00%    passed     79.17%
 463  HOUSE6019_14393    0.00%    passed     81.91%
 464  HOUSE5200_12238    0.00%    passed     92.86%
 465  HOUSE2353_12216    0.00%    passed     99.44%
 466  HOUSE452_12764     0.00%    passed     92.16%
 467  HOUSE705_14100     0.00%    passed     99.12%
 468  HOUSE5298_11627    0.00%    passed     98.55%
 469  HOUSE2198_7389     0.00%    passed     83.00%
 470  HOUSE2515_6675     0.00%    passed     48.24%
 471  HOUSE3996_3953     0.00%    passed     94.94%
 472  HOUSE4386_13447    0.00%    passed     87.32%
 473  HOUSE3415_8465     0.00%    passed     99.08%
 474  HOUSE2729_15456    0.00%    passed     97.54%
 475  HOUSE1686_11556    0.00%    passed     96.36%
 476  HOUSE2513_12096    0.00%    passed     93.98%
 477  HOUSE4830_9725     0.00%    passed     72.99%
 478  HOUSE336_11716     0.00%    passed     86.02%
 479  HOUSE6019_9525     0.00%    passed     98.98%
 480  HOUSE2471_16402    0.00%    passed     76.74%
 481  HOUSE649_12055     0.00%    passed     95.58%
 482  HOUSE465_13623     0.00%    passed     99.37%
 483  HOUSE4242_4195     0.00%    passed     97.34%
 484  HOUSE3732_3676     0.00%    passed     86.96%
 485  HOUSE3732_3677     0.00%    passed     99.25%
 486  HOUSE2289_7705     0.00%    passed     95.44%
 487  HOUSE5_13139       0.00%    passed     98.62%
 488  HOUSE978_10830     0.00%    passed     98.93%
 489  HOUSE484_11807     0.00%    passed     97.01%
 490  HOUSE127_12714     0.00%    passed     98.75%
 491  HOUSE5537_5531     0.00%    passed     95.99%
 492  HOUSE194_174       0.00%    passed     68.82%
 493  HOUSE194_175       0.00%    passed     86.72%
 494  HOUSE2279_10762    0.00%    passed     93.33%
 495  HOUSE2234_12710    0.00%    passed     98.45%
 496  HOUSE2909_7941     0.00%    passed     97.06%
 497  HOUSE827_12487     0.00%    passed     99.21%
 498  HOUSE4066_4019     0.00%    passed     99.94%
 499  HOUSE547_12849     0.00%    passed     95.38%
 500  HOUSE547_13244     0.00%    passed     99.26%
 501  HOUSE1901_13523    0.00%    passed     86.60%
 502  HOUSE6019_14453    0.00%    passed     82.45%
 503  HOUSE76_61         0.00%    passed     97.47%
 504  HOUSE3416_9142     0.00%    passed     99.52%
 505  HOUSE1203_9043     0.00%    passed     88.85%
 506  HOUSE1355_9329     0.00%    passed     93.68%
 507  HOUSE4654_11641    0.00%    passed     65.32%
 508  HOUSE3007_13878    0.00%    passed     78.35%
 509  HOUSE5775_5762     0.00%    passed     80.54%
 510  HOUSE981_10752     0.00%    passed     79.04%
 511  HOUSE304_10556     0.00%    passed     72.42%
 512  HOUSE5592_11984    0.00%    passed     70.11%
 513  HOUSE2279_15535    0.00%    passed     73.62%
 514  HOUSE2751_14472    0.00%    passed     82.82%
 515  HOUSE1406_11547    0.00%    passed     87.97%
 516  HOUSE2895_17037    0.00%    passed     81.82%
 517  HOUSE2143_2151     0.00%    passed     86.77%
 518  HOUSE4422_8020     0.00%    passed     49.65%
 519  HOUSE186_166       0.00%    passed     98.42%
 520  HOUSE5805_13742    0.00%    passed     98.96%
 521  HOUSE5964_9066     0.00%    passed     99.98%
 522  HOUSE1678_10487    0.00%    passed     96.42%
 523  HOUSE1330_10653    0.00%    passed     86.45%
 524  HOUSE220_201       0.00%    passed     89.32%
 525  HOUSE6019_10869    0.00%    passed     90.83%
 526  HOUSE2214_2238     0.00%    passed     99.96%
 527  HOUSE4977_11282    0.00%    passed     99.77%
 528  HOUSE1350_1328     0.00%    passed     96.84%
 529  HOUSE1858_1847     0.00%    passed     98.59%
 530  HOUSE3171_3129     0.00%    passed     97.33%
 531  HOUSE1456_15110    0.00%    passed     94.60%
 532  HOUSE3827_3783     0.00%    passed     97.63%
 533  HOUSE491_465       0.00%    passed     98.60%
 534  HOUSE2202_12333    0.00%    passed     99.12%
 535  HOUSE1244_14789    0.00%    passed     99.26%
 536  HOUSE172_13716     0.00%    passed     94.15%
 537  HOUSE172_14269     0.00%    passed     97.16%
 538  HOUSE2073_13675    0.00%    passed     93.35%
 539  HOUSE2164_2182     0.00%    passed     93.31%
 540  HOUSE1250_13260    0.00%    passed     93.43%
 541  HOUSE2356_14714    0.00%    passed     99.90%
 542  HOUSE3975_15057    0.00%    passed     93.33%
 543  HOUSE891_12819     0.00%    passed     89.66%
 544  HOUSE2450_12328    0.00%    passed     92.81%
 545  HOUSE1055_7944     0.00%    passed     79.61%
 546  HOUSE5646_5629     0.00%    passed     91.21%
 547  HOUSE1801_12968    0.00%    passed     98.73%
 548  HOUSE1801_1807     0.00%    passed     94.90%
 549  HOUSE3495_3443     0.00%    passed     96.75%
 550  HOUSE4444_7784     0.00%    passed     80.72%
 551  HOUSE4158_4120     0.00%    passed     99.14%
 552  HOUSE879_7368      0.00%    passed     67.18%
 553  HOUSE879_13151     0.00%    passed     48.17%
 554  HOUSE9_9           0.00%    passed     81.87%
 555  HOUSE6019_6185     0.00%    passed     90.89%
 556  HOUSE344_328       0.00%    passed     89.31%
 557  HOUSE3746_3698     0.00%    passed     94.02%
 558  HOUSE306_281       0.00%    passed     98.74%
 559  HOUSE1642_13707    0.00%    passed     96.83%
 560  HOUSE388_13665     0.00%    passed     95.43%
 561  HOUSE2435_14209    0.00%    passed     94.18%
 562  HOUSE2117_14620    0.00%    passed     95.58%
 563  HOUSE2117_14468    0.00%    passed     98.74%
 564  HOUSE457_15229     0.00%    passed     98.32%
 565  HOUSE549_9553      0.00%    passed     99.05%
 566  HOUSE2564_12397    0.00%    passed     99.37%
 567  HOUSE5915_5897     0.00%    passed     97.11%
 568  HOUSE3730_3672     0.00%    passed     95.98%
 569  HOUSE3730_3673     0.00%    passed     98.79%
 570  HOUSE4552_13181    0.00%    passed     87.08%
 571  HOUSE1015_10744    0.00%    passed     89.07%
 572  HOUSE6019_15647    0.00%    passed     91.76%
 573  HOUSE1147_13022    0.00%    passed     94.74%
 574  HOUSE1693_11894    0.00%    passed     83.55%
 575  HOUSE1693_12261    0.00%    passed     88.81%
 576  HOUSE4801_4764     0.00%    passed     80.37%
 577  HOUSE2569_13890    0.00%    passed     79.46%
 578  HOUSE2569_13275    0.00%    passed     79.01%
 579  HOUSE1532_10303    0.00%    passed     97.23%
 580  HOUSE2064_12831    0.00%    passed     98.20%
 581  HOUSE1685_12082    0.00%    passed     91.14%
 582  HOUSE4419_8782     0.00%    passed     89.82%
 583  HOUSE736_11508     0.00%    passed     81.66%
 584  HOUSE1314_16379    0.00%    passed     89.39%
 585  HOUSE1314_15872    0.00%    passed     85.76%
 586  HOUSE1854_10565    0.00%    passed     73.21%
 587  HOUSE6019_14259    0.00%    passed     95.29%
 588  HOUSE3145_8281     0.00%    passed     87.96%
 589  HOUSE577_14855     0.00%    passed     88.74%
 590  HOUSE967_11771     0.00%    passed     99.94%
 591  HOUSE62_50         0.00%    passed     94.55%
 592  HOUSE1360_12198    0.00%    passed     92.83%
 593  HOUSE5392_9978     0.00%    passed     81.61%
 594  HOUSE4688_9186     0.00%    passed     94.23%
 595  HOUSE106_95        0.00%    passed     78.51%
 596  HOUSE275_14787     0.00%    passed     92.69%
 597  HOUSE1343_6464     0.00%    passed     95.59%
 598  HOUSE2975_7258     0.00%    passed     94.82%
 599  HOUSE958_11275     0.00%    passed     99.49%
 600  HOUSE3673_8567     0.00%    passed     97.08%
 601  HOUSE1928_12541    0.00%    passed     99.56%
 602  HOUSE3385_3333     0.00%    passed     91.73%
 603  HOUSE5253_13159    0.00%    passed     98.67%
 604  HOUSE308_13183     0.00%    passed     92.47%
 605  HOUSE2034_12113    0.00%    passed     99.69%
 606  HOUSE6019_12690    0.00%    passed     91.02%
 607  HOUSE1427_6452     0.00%    passed     94.47%
 608  HOUSE72_13889      0.00%    passed     99.96%
 609  HOUSE487_7043      0.00%    passed     99.58%
 610  HOUSE669_13571     0.00%    passed     99.10%
 611  HOUSE5179_13883    0.00%    passed     84.19%
 612  HOUSE1301_1278     0.00%    passed     96.11%
 613  HOUSE1944_10220    0.00%    passed     73.56%
 614  HOUSE1944_11233    0.00%    passed     81.71%
 615  HOUSE6019_11138    0.00%    passed     84.30%
 616  HOUSE5994_5970     0.00%    passed     89.29%
 617  HOUSE152_136       0.00%    passed     98.27%
 618  HOUSE4152_7071     0.00%    passed     93.03%
 619  HOUSE2020_10465    0.00%    passed     99.42%
 620  HOUSE5485_5473     0.00%    passed     82.39%
 621  HOUSE2664_2675     0.00%    passed     94.31%
 622  HOUSE119_7427      0.00%    passed     98.26%
 623  HOUSE3645_3588     0.00%    passed     99.46%
 624  HOUSE135_13391     0.00%    passed     89.68%
 625  HOUSE5827_11686    0.00%    passed     99.82%
 626  HOUSE4716_4689     0.00%    passed     98.41%
 627  HOUSE1910_6435     0.00%    passed     83.14%
 628  HOUSE1910_1905     0.00%    passed     87.35%
 629  HOUSE1688_6498     0.00%    passed     97.99%
 630  HOUSE1065_12586    0.00%    passed     97.19%
 631  HOUSE1435_12828    0.00%    passed     98.59%
 632  HOUSE1435_8805     0.00%    passed     99.17%
 633  HOUSE4403_4368     0.00%    passed     99.26%
 634  HOUSE2092_2100     0.00%    passed     97.40%
 635  HOUSE2304_2317     0.00%    passed     89.77%
 636  HOUSE5100_8040     0.00%    passed     98.92%
 637  HOUSE3390_6758     0.00%    passed     98.67%
 638  HOUSE2818_2811     0.00%    passed     98.59%
 639  HOUSE980_8454      0.00%    passed     92.76%
 640  HOUSE980_10784     0.00%    passed     94.31%
 641  HOUSE1087_10131    0.00%    passed     91.62%
 642  HOUSE3075_3052     0.00%    passed     99.34%
 643  HOUSE311_290       0.00%    passed     98.10%
 644  HOUSE6019_10985    0.00%    passed     90.54%
 645  HOUSE2314_13398    0.00%    passed     97.79%
 646  HOUSE2976_11147    0.00%    passed     99.51%
 647  HOUSE889_883       0.00%    passed     96.34%
 648  HOUSE889_10953     0.00%    passed     91.90%
 649  HOUSE3626_3568     0.00%    passed     86.14%
 650  HOUSE1869_1859     0.00%    passed     95.37%
 651  HOUSE5974_10705    0.00%    passed     98.82%
 652  HOUSE1407_9797     0.00%    passed     64.28%
 653  HOUSE2724_9247     0.00%    passed     87.58%
 654  HOUSE1457_10936    0.00%    passed     87.62%
 655  HOUSE1457_15928    0.00%    passed     86.11%
 656  HOUSE239_220       0.00%    passed     99.36%
 657  HOUSE3838_3797     0.00%    passed     99.47%
 658  HOUSE5569_11676    0.00%    passed     95.44%
 659  HOUSE6019_13621    0.00%    passed     94.68%
 660  HOUSE760_11145     0.00%    passed     94.06%
 661  HOUSE6019_13152    0.00%    passed     94.02%
 662  HOUSE2371_10802    0.00%    passed     86.54%
 663  HOUSE2144_2153     0.00%    passed     97.67%
 664  HOUSE645_11549     0.00%    passed     97.04%
 665  HOUSE645_13514     0.00%    passed     99.24%
 666  HOUSE2455_2475     0.00%    passed     98.41%
 667  HOUSE4545_10412    0.00%    passed     98.07%
 668  HOUSE5023_4997     0.00%    passed     99.33%
 669  HOUSE2694_10258    0.00%    passed     99.39%
 670  HOUSE2106_2121     0.00%    passed     99.36%
 671  HOUSE1585_12147    0.00%    passed     96.36%
 672  HOUSE3278_3238     0.00%    passed     88.18%
 673  HOUSE2706_13020    0.00%    passed     93.97%
 674  HOUSE2906_2902     0.00%    passed     97.69%
 675  HOUSE5050_5025     0.00%    passed     99.85%
 676  HOUSE4997_4970     0.00%    passed     44.05%
 677  HOUSE4997_9440     0.00%    passed     73.34%
 678  HOUSE1002_10965    0.00%    passed     98.24%
 679  HOUSE3572_10924    0.00%    passed     94.42%
 680  HOUSE1337_7480     0.00%    passed     77.79%
 681  HOUSE216_14707     0.00%    passed     79.50%
 682  HOUSE2604_2617     0.00%    passed     83.44%
 683  HOUSE3233_15367    0.00%    passed     91.18%
 684  HOUSE5835_8412     0.00%    passed     85.98%
 685  HOUSE1750_1744     0.00%    passed     88.49%
 686  HOUSE3607_6598     0.00%    passed     80.08%
 687  HOUSE2213_2236     0.00%    passed     69.53%
 688  HOUSE2105_2119     0.00%    passed     76.28%
 689  HOUSE3111_3082     0.00%    passed     97.01%
 690  HOUSE5019_4992     0.00%    passed     95.47%
 691  HOUSE55_13750      0.00%    passed     91.49%
 692  HOUSE4115_10677    0.00%    passed     96.92%
 693  HOUSE3997_11394    0.00%    passed     96.50%
 694  HOUSE1962_14873    0.00%    passed     96.01%
 695  HOUSE1102_13534    0.00%    passed     98.71%
 696  HOUSE169_6998      0.00%    passed     69.26%
 697  HOUSE5746_8923     0.00%    passed     99.38%
 698  HOUSE4337_10631    0.00%    passed     90.65%
 699  HOUSE6019_12481    0.00%    passed     76.47%
 700  HOUSE1090_13749    0.00%    passed     89.65%
 701  HOUSE1523_13321    0.00%    passed     85.09%
 702  HOUSE6019_12359    0.00%    passed     72.67%
 703  HOUSE4310_11361    0.00%    passed     82.83%
 704  HOUSE3006_2997     0.00%    passed     94.00%
 705  HOUSE2188_16658    0.00%    passed     96.26%
 706  HOUSE2415_15184    0.00%    passed     96.28%
 707  HOUSE4509_12873    0.00%    passed     94.83%
 708  HOUSE3892_12656    0.00%    passed     78.72%
 709  HOUSE2649_7293     0.00%    passed     99.82%
 710  HOUSE2201_15670    0.00%    passed     96.82%
 711  HOUSE1401_6604     0.00%    passed     96.85%
 712  HOUSE2649_12352    0.00%    passed     94.29%
 713  HOUSE6019_15944    0.00%    passed     95.44%
 714  HOUSE2500_15966    0.00%    passed     96.81%
 715  HOUSE5547_11052    0.00%    passed     91.29%
 716  HOUSE2489_13165    0.00%    passed     97.09%
 717  HOUSE2533_14414    0.00%    passed     88.40%
 718  HOUSE2955_2946     0.00%    passed     72.13%
 719  HOUSE1741_1732     0.00%    passed     75.27%
 720  HOUSE2599_8596     0.00%    passed     98.66%
 721  HOUSE961_10430     0.00%    passed     96.13%
 722  HOUSE3787_11067    0.00%    passed     99.84%
 723  HOUSE485_14311     0.00%    passed     98.02%
 724  HOUSE3841_12969    0.00%    passed     90.49%
 725  HOUSE3728_12874    0.00%    passed     99.68%
 726  HOUSE2001_13855    0.00%    passed     99.01%
 727  HOUSE1565_13581    0.00%    passed     83.12%
 728  HOUSE2865_11217    0.00%    passed     85.59%
 729  HOUSE2190_10735    0.00%    passed     92.77%
 730  HOUSE3943_7756     0.00%    passed     83.27%
 731  HOUSE5755_14289    0.00%    passed     99.56%
 732  HOUSE473_14146     0.00%    passed     97.38%
 733  HOUSE2108_12047    0.00%    passed     65.63%
 734  HOUSE2108_11600    0.00%    passed     68.19%
 735  HOUSE3771_9360     0.00%    passed     62.31%
 736  HOUSE326_11496     0.00%    passed     95.65%
 737  HOUSE3816_13170    0.00%    passed     90.83%
 738  HOUSE56_8607       0.00%    passed     96.84%
 739  HOUSE2655_2658     0.00%    passed     88.80%
 740  HOUSE4809_14603    0.00%    passed     93.40%
 741  HOUSE11_15507      0.00%    passed     99.02%
 742  HOUSE493_10894     0.00%    passed     95.39%
 743  HOUSE2223_6902     0.00%    passed     74.92%
 744  HOUSE6019_6143     0.00%    passed     71.26%
 745  HOUSE2348_10903    0.00%    passed     74.41%
 746  HOUSE1446_13602    0.00%    passed     73.26%
 747  HOUSE6019_11204    0.00%    passed     89.99%
 748  HOUSE3788_11388    0.00%    passed     72.08%
 749  HOUSE3516_6397     0.00%    passed     78.76%
 750  HOUSE3516_10509    0.00%    passed     72.05%
 751  HOUSE560_8962      0.00%    passed     77.88%
 752  HOUSE1349_13039    0.00%    passed     83.27%
 753  HOUSE2626_12500    0.00%    passed     96.40%
 754  HOUSE689_656       0.00%    passed     91.02%
 755  HOUSE1943_9225     0.00%    passed     98.97%
 756  HOUSE1943_1941     0.00%    passed     96.78%
 757  HOUSE3027_11580    0.00%    passed     87.01%
 758  HOUSE216_9630      0.00%    passed     89.43%
 759  HOUSE66_11796      0.00%    passed     94.12%
 760  HOUSE6019_10191    0.00%    passed     97.54%
 761  HOUSE505_12653     0.00%    passed     93.77%
 762  HOUSE1313_14266    0.00%    passed     85.10%
 763  HOUSE5435_13402    0.00%    passed     96.81%
 764  HOUSE1158_11253    0.00%    passed     91.65%
 765  HOUSE2986_14315    0.00%    passed     91.66%
 766  HOUSE6019_12915    0.00%    passed     89.05%
 767  HOUSE4496_4460     0.00%    passed     98.23%
 768  HOUSE4547_4495     0.00%    passed     93.64%
 769  HOUSE2050_11031    0.00%    passed     84.07%
 770  HOUSE253_232       0.00%    passed     88.60%
 771  HOUSE3647_3591     0.00%    passed     82.16%
 772  HOUSE4005_11093    0.00%    passed     98.12%
 773  HOUSE1412_9181     0.00%    passed     78.27%
 774  HOUSE5383_8667     0.00%    passed     88.00%
 775  HOUSE427_11754     0.00%    passed     87.24%
 776  HOUSE3704_11714    0.00%    passed     80.64%
 777  HOUSE2930_11715    0.00%    passed     78.54%
 778  HOUSE6019_12758    0.00%    passed     68.73%
 779  HOUSE512_11224     0.00%    passed     54.25%
 780  HOUSE2732_2732     0.00%    passed     98.32%
 781  HOUSE3871_3829     0.00%    passed     92.95%
 782  HOUSE3359_7060     0.00%    passed     60.61%
 783  HOUSE2831_11015    0.00%    passed     84.43%
 784  HOUSE1431_13888    0.00%    passed     59.17%
 785  HOUSE4254_4212     0.00%    passed     53.47%
 786  HOUSE1052_7805     0.00%    passed     76.41%
 787  HOUSE1052_12827    0.00%    passed     85.28%
 788  HOUSE6019_12734    0.00%    passed     86.85%
 789  HOUSE1999_11188    0.00%    passed     94.61%
 790  HOUSE1385_12733    0.00%    passed     89.81%
 791  HOUSE912_10883     0.00%    passed     91.43%
 792  HOUSE2573_13308    0.00%    passed     94.23%
 793  HOUSE4302_11665    0.00%    passed     89.26%
 794  HOUSE1903_1895     0.00%    passed     72.46%
 795  HOUSE538_13592     0.00%    passed     57.76%
 796  HOUSE4918_8324     0.00%    passed     85.66%
 797  HOUSE2926_10865    0.00%    passed     75.53%
 798  HOUSE2926_12581    0.00%    passed     89.52%
 799  HOUSE656_13810     0.00%    passed     59.41%
 800  HOUSE5303_10454    0.00%    passed     56.90%
 801  HOUSE1879_10745    0.00%    passed     68.01%
 802  HOUSE2068_13550    0.00%    passed     64.26%
 803  HOUSE479_9312      0.00%    passed     74.17%
 804  HOUSE2347_12360    0.00%    passed     73.90%
 805  HOUSE1396_1374     0.00%    passed     91.33%
 806  HOUSE307_15766     0.00%    passed     93.08%
 807  HOUSE307_11802     0.00%    passed     92.18%
 808  HOUSE5822_5800     0.00%    passed     94.64%
 809  HOUSE2387_13976    0.00%    passed     90.76%
 810  HOUSE6019_13113    0.00%    passed     93.53%
 811  HOUSE938_14068     0.00%    passed     83.99%
 812  HOUSE2029_2028     0.00%    passed     94.43%
 813  HOUSE5332_9538     0.00%    passed     94.90%
 814  HOUSE5794_10697    0.00%    passed     69.49%
 815  HOUSE3450_10826    0.00%    passed     82.93%
 816  HOUSE557_528       0.00%    passed     88.77%
 817  HOUSE5008_8359     0.00%    passed     62.28%
 818  HOUSE2645_13651    0.00%    passed     76.61%
 819  HOUSE2645_8926     0.00%    passed     69.86%
 820  HOUSE2380_2395     0.00%    passed     69.04%
 821  HOUSE2314_10163    0.00%    passed     69.69%
 822  HOUSE1196_1168     0.00%    passed     77.69%
 823  HOUSE1196_1169     0.00%    passed     86.63%
 824  HOUSE6019_9737     0.00%    passed     73.68%
 825  HOUSE1384_12787    0.00%    passed     78.05%
 826  HOUSE4165_8063     0.00%    passed     50.56%
 827  HOUSE5077_5044     0.00%    passed     82.75%
 828  HOUSE873_10396     0.00%    passed     95.62%
 829  HOUSE1119_7620     0.00%    passed     53.21%
 830  HOUSE5617_5607     0.00%    passed     99.31%
 831  HOUSE3549_9071     0.00%    passed     93.87%
 832  HOUSE1894_11386    0.00%    passed     92.99%
 833  HOUSE4858_4826     0.00%    passed     93.87%
 834  HOUSE2889_12992    0.00%    passed     97.97%
 835  HOUSE5832_6357     0.00%    passed     95.74%
 836  HOUSE3067_3042     0.00%    passed     94.33%
 837  HOUSE3354_13029    0.00%    passed     97.35%
 838  HOUSE1487_1467     0.00%    passed     98.94%
 839  HOUSE3243_14316    0.00%    passed     97.34%
 840  HOUSE2979_8690     0.00%    passed     92.98%
 841  HOUSE3047_11392    0.00%    passed     99.76%
 842  HOUSE4438_12001    0.00%    passed     99.57%
 843  HOUSE2421_2438     0.00%    passed     77.75%
 844  HOUSE2421_2439     0.00%    passed     78.65%
 845  HOUSE6019_11546    0.00%    passed     47.31%
 846  HOUSE3978_7640     0.00%    passed     55.23%
 847  HOUSE54_15117      0.00%    passed     57.67%
 848  HOUSE6019_12696    0.00%    passed     57.08%
 849  HOUSE849_14408     0.00%    passed     67.12%
 850  HOUSE2741_2745     0.00%    passed     82.77%
 851  HOUSE167_15780     0.00%    passed     77.56%
 852  HOUSE756_734       0.00%    passed     67.24%
 853  HOUSE999_12158     0.00%    passed     50.75%
 854  HOUSE5705_7085     0.00%    passed     32.83%
 855  HOUSE1858_12902    0.00%    passed     72.65%
 856  HOUSE373_10386     0.00%    passed     91.25%
 857  HOUSE3604_11210    0.00%    passed     96.74%
 858  HOUSE1597_9007     0.00%    passed     94.92%
 859  HOUSE3707_8240     0.00%    passed     98.17%
 860  HOUSE1180_11898    0.00%    passed     86.57%
 861  HOUSE1829_1828     0.00%    passed     91.39%
 862  HOUSE1829_9883     0.00%    passed     84.80%
 863  HOUSE1417_1403     0.00%    passed     99.51%
 864  HOUSE1504_14594    0.00%    passed     99.91%
 865  HOUSE5969_5943     0.00%    passed     98.98%
 866  HOUSE5969_5942     0.00%    passed     99.70%
 867  HOUSE2687_11604    0.00%    passed     95.90%
 868  HOUSE2179_15138    0.00%    passed     94.73%
 869  HOUSE169_14970     0.00%    passed     94.14%
 870  HOUSE2768_11727    0.00%    passed     97.30%
 871  HOUSE4659_4627     0.00%    passed     87.01%
 872  HOUSE1765_1764     0.00%    passed     95.31%
 873  HOUSE4373_6280     0.00%    passed     99.34%
 874  HOUSE5756_5742     0.00%    passed     95.16%
 875  HOUSE958_8823      0.00%    passed     95.25%
 876  HOUSE2698_9493     0.00%    passed     98.36%
 877  HOUSE4430_14877    0.00%    passed     94.12%
 878  HOUSE3059_13216    0.00%    passed     94.46%
 879  HOUSE436_12760     0.00%    passed     89.30%
 880  HOUSE385_371       0.00%    passed     94.90%
 881  HOUSE1225_10622    0.00%    passed     90.04%
 882  HOUSE1573_12017    0.00%    passed     99.43%
 883  HOUSE2296_8443     0.00%    passed     96.63%
 884  HOUSE495_10710     0.00%    passed     99.62%
 885  HOUSE105_14821     0.00%    passed     99.78%
 886  HOUSE105_12613     0.00%    passed     99.35%
 887  HOUSE2350_2363     0.00%    passed     99.38%
 888  HOUSE6019_11750    0.00%    passed     97.27%
 889  HOUSE3955_12966    0.00%    passed     99.29%
 890  HOUSE3061_3040     0.00%    passed     98.97%
 891  HOUSE4184_8912     0.00%    passed     66.65%
 892  HOUSE1874_8262     0.00%    passed     95.92%
 893  HOUSE5267_7566     0.00%    passed     95.08%
 894  HOUSE5267_5242     0.00%    passed     92.77%
 895  HOUSE5891_7331     0.00%    passed     92.75%
 896  HOUSE231_10915     0.00%    passed     97.84%
 897  HOUSE2999_12052    0.00%    passed     91.10%
 898  HOUSE431_9405      0.00%    passed     93.91%
 899  HOUSE2471_2494     0.00%    passed     98.32%
 900  HOUSE2471_11458    0.00%    passed     84.87%
 901  HOUSE4827_4799     0.00%    passed     98.46%
 902  HOUSE3852_7067     0.00%    passed     98.12%
 903  HOUSE3852_11855    0.00%    passed     96.45%
 904  HOUSE5164_5130     0.00%    passed     98.53%
 905  HOUSE4015_3970     0.00%    passed     94.92%
 906  HOUSE1595_13161    0.00%    passed     99.61%
 907  HOUSE1920_10563    0.00%    passed     98.90%
 908  HOUSE2321_10753    0.00%    passed     99.69%
 909  HOUSE281_11896     0.00%    passed     96.87%
 910  HOUSE526_8436      0.00%    passed     96.65%
 911  HOUSE158_8980      0.00%    passed     96.82%
 912  HOUSE1646_9782     0.00%    passed     96.95%
 913  HOUSE4457_12907    0.00%    passed     93.41%
 914  HOUSE2472_14310    0.00%    passed     94.68%
 915  HOUSE5396_13091    0.00%    passed     96.01%
 916  HOUSE375_8482      0.00%    passed     99.88%
 917  HOUSE318_12296     0.00%    passed     99.30%
 918  HOUSE6019_7554     0.00%    passed     99.35%
 919  HOUSE976_13802     0.00%    passed     98.92%
 920  HOUSE2590_10723    0.00%    passed     97.60%
 921  HOUSE2703_10492    0.00%    passed     71.87%
 922  HOUSE1300_14546    0.00%    passed     69.66%
 923  HOUSE5244_11077    0.00%    passed     51.11%
 924  HOUSE116_6270      0.00%    passed     92.64%
 925  HOUSE5401_12454    0.00%    passed     95.36%
 926  HOUSE5401_5382     0.00%    passed     97.81%
 927  HOUSE3443_13780    0.00%    passed     99.22%
 928  HOUSE4862_12626    0.00%    passed     98.68%
 929  HOUSE4862_4832     0.00%    passed     96.37%
 930  HOUSE1049_10299    0.00%    passed     97.20%
 931  HOUSE4180_4141     0.00%    passed     99.49%
 932  HOUSE5464_13591    0.00%    passed     98.72%
 933  HOUSE1043_1017     0.00%    passed     89.88%
 934  HOUSE595_14162     0.00%    passed     87.83%
 935  HOUSE3500_3444     0.00%    passed     95.68%
 936  HOUSE5578_16388    0.00%    passed     88.29%
 937  HOUSE1305_1282     0.00%    passed     90.58%
 938  HOUSE4860_14665    0.00%    passed     97.99%
 939  HOUSE3874_10000    0.00%    passed     96.53%
 940  HOUSE5870_12156    0.00%    passed     95.85%
 941  HOUSE3965_3922     0.00%    passed     97.53%
 942  HOUSE2610_13105    0.00%    passed     99.13%
 943  HOUSE915_9675      0.00%    passed     97.99%
 944  HOUSE2837_2833     0.00%    passed     98.94%
 945  HOUSE221_13194     0.00%    passed     88.33%
 946  HOUSE221_203       0.00%    passed     93.82%
 947  HOUSE2078_12310    0.00%    passed     96.75%
 948  HOUSE5664_6966     0.00%    passed     99.36%
 949  HOUSE3807_3759     0.00%    passed     96.43%
 950  HOUSE5921_14036    0.00%    passed     85.71%
 951  HOUSE2598_8757     0.00%    passed     90.53%
 952  HOUSE5456_10566    0.00%    passed     99.41%
 953  HOUSE922_12768     0.00%    passed     97.19%
 954  HOUSE2989_13288    0.00%    passed     91.82%
 955  HOUSE1023_9679     0.00%    passed     84.84%
 956  HOUSE1439_11382    0.00%    passed     94.67%
 957  HOUSE1395_11847    0.00%    passed     96.20%
****  TOTAL              0.00%  0 sequences failed composition chi2 test (p-value<5%; df=3)

Reading partition gag (model=GTR+R20, aln=, seq=DNA, pos=1-1479) ...
957 sequences and 1479 sites extracted

Reading partition pol (model=GTR+R20, aln=, seq=DNA, pos=1480-4479) ...
957 sequences and 3000 sites extracted

Reading partition env (model=GTR+R20, aln=, seq=DNA, pos=4480-6987) ...
957 sequences and 2508 sites extracted
Degree of missing data: 0.000


Create initial parsimony tree by phylogenetic likelihood library (PLL)... 3.622 seconds

NOTE: 2884 MB RAM is required!
Estimate model parameters (epsilon = 0.100)
Initial log-likelihood: -843315.054
Current log-likelihood at step 1: -831635.835
Current log-likelihood at step 2: -830303.083
Current log-likelihood at step 3: -829744.634
Current log-likelihood at step 4: -829585.049
Current log-likelihood at step 5: -829533.729
Current log-likelihood at step 6: -829519.232
Current log-likelihood at step 7: -829506.844
Current log-likelihood at step 8: -829497.085
Current log-likelihood at step 9: -829487.447
Current log-likelihood at step 10: -829483.087
Current log-likelihood at step 11: -829462.071
Current log-likelihood at step 12: -829433.159
Current log-likelihood at step 13: -829432.309
Current log-likelihood at step 14: -829431.692
Current log-likelihood at step 15: -829430.862
Current log-likelihood at step 16: -829428.228
Current log-likelihood at step 17: -829421.968
Current log-likelihood at step 18: -829421.499
Current log-likelihood at step 19: -829421.080
Current log-likelihood at step 20: -829372.900
Current log-likelihood at step 21: -829360.404
Current log-likelihood at step 22: -829350.085
Current log-likelihood at step 23: -829339.259
Current log-likelihood at step 24: -829335.374
Current log-likelihood at step 25: -829325.759
Current log-likelihood at step 26: -829325.023
Current log-likelihood at step 27: -829324.715
Current log-likelihood at step 28: -829323.828
Current log-likelihood at step 29: -829316.927
Current log-likelihood at step 30: -829314.832
Current log-likelihood at step 31: -829313.484
Current log-likelihood at step 32: -829313.199
Current log-likelihood at step 33: -829312.297
Current log-likelihood at step 34: -829311.486
Current log-likelihood at step 35: -829308.158
Current log-likelihood at step 36: -829303.108
Current log-likelihood at step 37: -829301.260
Current log-likelihood at step 38: -829296.088
Current log-likelihood at step 39: -829290.024
Current log-likelihood at step 40: -829287.805
Current log-likelihood at step 41: -829287.412
Current log-likelihood at step 42: -829286.957
Current log-likelihood at step 43: -829286.686
Current log-likelihood at step 44: -829286.500
Current log-likelihood at step 45: -829286.318
Current log-likelihood at step 46: -829286.144
Current log-likelihood at step 47: -829285.893
Current log-likelihood at step 48: -829285.713
Current log-likelihood at step 49: -829285.541
Current log-likelihood at step 50: -829285.377
Current log-likelihood at step 51: -829285.201
Current log-likelihood at step 52: -829285.034
Current log-likelihood at step 53: -829284.861
Current log-likelihood at step 54: -829280.217
Current log-likelihood at step 55: -829279.092
Current log-likelihood at step 56: -829278.648
Current log-likelihood at step 57: -829278.334
Current log-likelihood at step 58: -829277.692
Current log-likelihood at step 59: -829274.395
Current log-likelihood at step 60: -829273.199
Current log-likelihood at step 61: -829272.937
Current log-likelihood at step 62: -829272.772
Current log-likelihood at step 63: -829272.636
Current log-likelihood at step 64: -829272.511
Current log-likelihood at step 65: -829272.397
Current log-likelihood at step 66: -829272.293
Current log-likelihood at step 67: -829271.970
Current log-likelihood at step 68: -829271.707
Current log-likelihood at step 69: -829271.600
Current log-likelihood at step 70: -829271.500
Partition-specific rates:  0.824 0.783 1.364
Parameters optimization took 69 rounds (7965.860 sec)

7973.025 seconds (logl: -829271.500)
Generating 99 parsimony trees... (0 duplicated parsimony trees)
Time: 359.815
Computing logl of parsimony trees ... 
Average wall time for computing logl of 1 parsimony tree: 12.337

Optimizing top parsimony trees with NNI...
Iteration 1 / LogL: -828865.675 / Time: 2h:40m:40s
Estimate model parameters (epsilon = 0.100)
Initial log-likelihood: -828865.675
Current log-likelihood at step 1: -828865.553
Current log-likelihood at step 2: -828865.452
Current log-likelihood at step 3: -828865.360
Partition-specific rates:  0.824 0.782 1.364
Parameters optimization took 2 rounds (234.730 sec)

238.952 seconds (logl: -828865.360)
BETTER TREE FOUND at iteration 1: -828865.360
Iteration 2 / LogL: -828909.420 / Time: 2h:45m:53s
Iteration 3 / LogL: -828903.935 / Time: 2h:47m:7s
Iteration 4 / LogL: -828862.499 / Time: 2h:48m:32s
Estimate model parameters (epsilon = 0.100)
Initial log-likelihood: -828862.499
Current log-likelihood at step 1: -828862.387
Current log-likelihood at step 2: -828862.291
Partition-specific rates:  0.824 0.782 1.364
Parameters optimization took 1 rounds (156.291 sec)

160.197 seconds (logl: -828862.291)
BETTER TREE FOUND at iteration 4: -828862.291
Iteration 5 / LogL: -828869.878 / Time: 2h:52m:33s
Iteration 6 / LogL: -828895.049 / Time: 2h:53m:56s
Iteration 7 / LogL: -828904.360 / Time: 2h:55m:12s
Iteration 8 / LogL: -828869.868 / Time: 2h:56m:32s
Iteration 9 / LogL: -828863.804 / Time: 2h:57m:57s
Iteration 10 / LogL: -828869.422 / Time: 2h:59m:23s
Iteration 11 / LogL: -828900.652 / Time: 3h:0m:46s
Iteration 12 / LogL: -828862.078 / Time: 3h:2m:13s
Estimate model parameters (epsilon = 0.100)
Initial log-likelihood: -828862.078
Current log-likelihood at step 1: -828861.796
Current log-likelihood at step 2: -828859.836
Current log-likelihood at step 3: -828859.302
Current log-likelihood at step 4: -828859.174
Current log-likelihood at step 5: -828859.058
Current log-likelihood at step 6: -828858.676
Current log-likelihood at step 7: -828858.091
Current log-likelihood at step 8: -828857.914
Current log-likelihood at step 9: -828857.807
Current log-likelihood at step 10: -828857.652
Current log-likelihood at step 11: -828857.550
Current log-likelihood at step 12: -828857.448
Current log-likelihood at step 13: -828857.352
Partition-specific rates:  0.809 0.785 1.370
Parameters optimization took 12 rounds (1133.774 sec)

1137.935 seconds (logl: -828857.352)
BETTER TREE FOUND at iteration 12: -828857.352
Iteration 13 / LogL: -828861.692 / Time: 3h:22m:35s
Iteration 14 / LogL: -828857.734 / Time: 3h:23m:57s
Iteration 15 / LogL: -828920.735 / Time: 3h:25m:14s
Iteration 16 / LogL: -828857.221 / Time: 3h:26m:39s
Estimate model parameters (epsilon = 0.100)
Initial log-likelihood: -828857.221
Current log-likelihood at step 1: -828857.151
Partition-specific rates:  0.809 0.785 1.370
Parameters optimization took 0 rounds (78.104 sec)

82.057 seconds (logl: -828857.151)
BETTER TREE FOUND at iteration 16: -828857.151
Iteration 17 / LogL: -828872.495 / Time: 3h:29m:22s
Iteration 18 / LogL: -828901.105 / Time: 3h:30m:39s
Iteration 19 / LogL: -828868.492 / Time: 3h:32m:7s
Iteration 20 / LogL: -828874.445 / Time: 3h:33m:29s
Average CPU time for 1 NNI search: 160.666
Finish initializing candidate tree set. Number of distinct locally optimal trees: 20
Current best tree score: -828857.151 / CPU time: 4793.021
Estimate model parameters (epsilon = 0.001)
Initial log-likelihood: -828855.760
Current log-likelihood at step 1: -828855.478
Current log-likelihood at step 2: -828855.412
Current log-likelihood at step 3: -828855.339
Current log-likelihood at step 4: -828855.281
Current log-likelihood at step 5: -828855.223
Current log-likelihood at step 6: -828840.971
Current log-likelihood at step 7: -828840.408
Current log-likelihood at step 8: -828839.428
Current log-likelihood at step 9: -828839.242
Current log-likelihood at step 10: -828839.176
Current log-likelihood at step 11: -828839.123
Current log-likelihood at step 12: -828839.065
Current log-likelihood at step 13: -828836.458
Current log-likelihood at step 14: -828835.764
Current log-likelihood at step 15: -828835.637
Current log-likelihood at step 16: -828835.459
Current log-likelihood at step 17: -828835.401
Current log-likelihood at step 18: -828835.337
Current log-likelihood at step 19: -828835.266
Current log-likelihood at step 20: -828835.209
Current log-likelihood at step 21: -828835.162
Current log-likelihood at step 22: -828834.882
Current log-likelihood at step 23: -828834.685
Current log-likelihood at step 24: -828832.334
Current log-likelihood at step 25: -828831.242
Current log-likelihood at step 26: -828829.659
Current log-likelihood at step 27: -828829.627
Current log-likelihood at step 28: -828829.584
Current log-likelihood at step 29: -828829.539
Current log-likelihood at step 30: -828829.496
Current log-likelihood at step 31: -828829.451
Current log-likelihood at step 32: -828829.392
Current log-likelihood at step 33: -828829.325
Current log-likelihood at step 34: -828829.266
Current log-likelihood at step 35: -828828.192
Current log-likelihood at step 36: -828827.836
Current log-likelihood at step 37: -828827.138
Current log-likelihood at step 38: -828827.099
Current log-likelihood at step 39: -828827.030
Current log-likelihood at step 40: -828826.991
Current log-likelihood at step 41: -828826.927
Current log-likelihood at step 42: -828826.893
Current log-likelihood at step 43: -828826.860
Current log-likelihood at step 44: -828826.829
Current log-likelihood at step 45: -828826.799
Current log-likelihood at step 46: -828826.769
Current log-likelihood at step 47: -828826.740
Current log-likelihood at step 48: -828826.709
Current log-likelihood at step 49: -828826.678
Current log-likelihood at step 50: -828826.651
Current log-likelihood at step 51: -828826.624
Current log-likelihood at step 52: -828826.594
Current log-likelihood at step 53: -828826.568
Current log-likelihood at step 54: -828826.533
Current log-likelihood at step 55: -828826.509
Current log-likelihood at step 56: -828826.486
Current log-likelihood at step 57: -828826.460
Current log-likelihood at step 58: -828826.435
Current log-likelihood at step 59: -828826.412
Current log-likelihood at step 60: -828826.388
Current log-likelihood at step 61: -828826.366
Current log-likelihood at step 62: -828826.231
Current log-likelihood at step 63: -828826.205
Current log-likelihood at step 64: -828826.180
Current log-likelihood at step 65: -828826.102
Current log-likelihood at step 66: -828826.071
Current log-likelihood at step 67: -828826.032
Current log-likelihood at step 68: -828825.999
Current log-likelihood at step 69: -828825.978
Current log-likelihood at step 70: -828825.957
Current log-likelihood at step 71: -828825.937
Current log-likelihood at step 72: -828825.915
Current log-likelihood at step 73: -828825.897
Current log-likelihood at step 74: -828825.876
Current log-likelihood at step 75: -828825.856
Current log-likelihood at step 76: -828825.835
Current log-likelihood at step 77: -828825.813
Current log-likelihood at step 78: -828825.792
Current log-likelihood at step 79: -828825.773
Current log-likelihood at step 80: -828825.754
Current log-likelihood at step 81: -828825.744
Current log-likelihood at step 82: -828825.705
Current log-likelihood at step 83: -828825.680
Current log-likelihood at step 84: -828825.653
Current log-likelihood at step 85: -828825.629
Current log-likelihood at step 86: -828825.604
Current log-likelihood at step 87: -828825.582
Current log-likelihood at step 88: -828825.561
Current log-likelihood at step 89: -828825.539
Current log-likelihood at step 90: -828825.516
Current log-likelihood at step 91: -828825.496
Current log-likelihood at step 92: -828825.472
Current log-likelihood at step 93: -828825.447
Current log-likelihood at step 94: -828825.424
Current log-likelihood at step 95: -828825.403
Current log-likelihood at step 96: -828825.383
Current log-likelihood at step 97: -828825.359
Current log-likelihood at step 98: -828823.895
Current log-likelihood at step 99: -828823.367
Partition-specific rates:  0.781 0.784 1.388
Parameters optimization took 99 rounds (8220.253 sec)

8224.902 seconds (logl: -828823.367)
BETTER TREE FOUND at iteration 22: -828823.367 / CPU time: 21286s
Estimate model parameters (epsilon = 0.001)
Initial log-likelihood: -828818.260
Current log-likelihood at step 1: -828818.235
Current log-likelihood at step 2: -828818.218
Current log-likelihood at step 3: -828818.196
Current log-likelihood at step 4: -828818.174
Current log-likelihood at step 5: -828817.481
Current log-likelihood at step 6: -828817.462
Current log-likelihood at step 7: -828817.444
Current log-likelihood at step 8: -828817.427
Current log-likelihood at step 9: -828817.410
Current log-likelihood at step 10: -828817.386
Current log-likelihood at step 11: -828817.365
Current log-likelihood at step 12: -828817.350
Current log-likelihood at step 13: -828817.337
Current log-likelihood at step 14: -828817.316
Current log-likelihood at step 15: -828817.303
Current log-likelihood at step 16: -828817.284
Current log-likelihood at step 17: -828817.270
Current log-likelihood at step 18: -828817.254
Current log-likelihood at step 19: -828817.238
Current log-likelihood at step 20: -828817.221
Current log-likelihood at step 21: -828817.206
Current log-likelihood at step 22: -828817.190
Current log-likelihood at step 23: -828817.175
Current log-likelihood at step 24: -828817.159
Current log-likelihood at step 25: -828817.146
Current log-likelihood at step 26: -828817.135
Current log-likelihood at step 27: -828817.122
Current log-likelihood at step 28: -828817.074
Current log-likelihood at step 29: -828817.065
Current log-likelihood at step 30: -828817.052
Current log-likelihood at step 31: -828816.984
Current log-likelihood at step 32: -828816.973
Current log-likelihood at step 33: -828816.943
Current log-likelihood at step 34: -828816.931
Current log-likelihood at step 35: -828816.923
Current log-likelihood at step 36: -828816.914
Current log-likelihood at step 37: -828816.900
Current log-likelihood at step 38: -828816.891
Current log-likelihood at step 39: -828816.882
Current log-likelihood at step 40: -828816.875
Current log-likelihood at step 41: -828816.866
Current log-likelihood at step 42: -828816.859
Current log-likelihood at step 43: -828816.851
Current log-likelihood at step 44: -828816.844
Current log-likelihood at step 45: -828816.837
Current log-likelihood at step 46: -828816.830
Current log-likelihood at step 47: -828816.823
Current log-likelihood at step 48: -828816.816
Current log-likelihood at step 49: -828816.809
Current log-likelihood at step 50: -828816.802
Current log-likelihood at step 51: -828816.796
Current log-likelihood at step 52: -828816.789
Current log-likelihood at step 53: -828816.697
Current log-likelihood at step 54: -828816.570
Current log-likelihood at step 55: -828816.523
Current log-likelihood at step 56: -828815.971
Current log-likelihood at step 57: -828815.924
Current log-likelihood at step 58: -828815.771
Current log-likelihood at step 59: -828815.757
Current log-likelihood at step 60: -828815.643
Current log-likelihood at step 61: -828815.622
Current log-likelihood at step 62: -828815.615
Current log-likelihood at step 63: -828815.607
Current log-likelihood at step 64: -828815.600
Current log-likelihood at step 65: -828815.593
Current log-likelihood at step 66: -828815.587
Current log-likelihood at step 67: -828815.581
Current log-likelihood at step 68: -828815.577
Current log-likelihood at step 69: -828815.569
Current log-likelihood at step 70: -828815.560
Current log-likelihood at step 71: -828815.543
Current log-likelihood at step 72: -828815.530
Current log-likelihood at step 73: -828815.497
Current log-likelihood at step 74: -828815.487
Current log-likelihood at step 75: -828815.479
Current log-likelihood at step 76: -828815.472
Current log-likelihood at step 77: -828815.465
Current log-likelihood at step 78: -828815.459
Current log-likelihood at step 79: -828815.453
Current log-likelihood at step 80: -828815.447
Current log-likelihood at step 81: -828815.442
Current log-likelihood at step 82: -828815.437
Current log-likelihood at step 83: -828815.431
Current log-likelihood at step 84: -828815.427
Current log-likelihood at step 85: -828815.421
Current log-likelihood at step 86: -828815.416
Current log-likelihood at step 87: -828815.411
Current log-likelihood at step 88: -828815.406
Current log-likelihood at step 89: -828815.401
Current log-likelihood at step 90: -828815.397
Current log-likelihood at step 91: -828815.392
Current log-likelihood at step 92: -828815.387
Current log-likelihood at step 93: -828815.383
Current log-likelihood at step 94: -828815.379
Current log-likelihood at step 95: -828815.374
Current log-likelihood at step 96: -828815.369
Current log-likelihood at step 97: -828815.348
Current log-likelihood at step 98: -828815.343
Current log-likelihood at step 99: -828815.335
Partition-specific rates:  0.781 0.781 1.391
Parameters optimization took 99 rounds (7734.672 sec)

7738.742 seconds (logl: -828815.335)
BETTER TREE FOUND at iteration 23: -828815.335 / CPU time: 29168s
Iteration 30 / LogL: -828813.412 / Time: 8h:25m:32s (27h:0m:54s left)
Estimate model parameters (epsilon = 0.001)
Initial log-likelihood: -828813.411
Current log-likelihood at step 1: -828813.406
Current log-likelihood at step 2: -828813.400
Current log-likelihood at step 3: -828813.395
Current log-likelihood at step 4: -828813.389
Current log-likelihood at step 5: -828813.384
Current log-likelihood at step 6: -828813.378
Current log-likelihood at step 7: -828813.374
Current log-likelihood at step 8: -828813.370
Current log-likelihood at step 9: -828813.365
Current log-likelihood at step 10: -828813.357
Current log-likelihood at step 11: -828813.351
Current log-likelihood at step 12: -828813.345
Current log-likelihood at step 13: -828813.341
Current log-likelihood at step 14: -828813.336
Current log-likelihood at step 15: -828813.332
Current log-likelihood at step 16: -828813.326
Current log-likelihood at step 17: -828813.320
Current log-likelihood at step 18: -828812.736
Current log-likelihood at step 19: -828812.729
Current log-likelihood at step 20: -828812.720
Current log-likelihood at step 21: -828812.715
Current log-likelihood at step 22: -828812.603
Current log-likelihood at step 23: -828812.598
Current log-likelihood at step 24: -828812.592
Current log-likelihood at step 25: -828812.587
Current log-likelihood at step 26: -828812.582
Current log-likelihood at step 27: -828812.578
Current log-likelihood at step 28: -828812.573
Current log-likelihood at step 29: -828812.569
Current log-likelihood at step 30: -828812.563
Current log-likelihood at step 31: -828812.558
Current log-likelihood at step 32: -828812.554
Current log-likelihood at step 33: -828812.550
Current log-likelihood at step 34: -828812.545
Current log-likelihood at step 35: -828812.541
Current log-likelihood at step 36: -828812.535
Current log-likelihood at step 37: -828812.529
Current log-likelihood at step 38: -828812.523
Current log-likelihood at step 39: -828812.518
Current log-likelihood at step 40: -828812.512
Current log-likelihood at step 41: -828812.507
Current log-likelihood at step 42: -828812.501
Current log-likelihood at step 43: -828812.495
Current log-likelihood at step 44: -828812.489
Current log-likelihood at step 45: -828812.483
Current log-likelihood at step 46: -828812.476
Current log-likelihood at step 47: -828812.470
Current log-likelihood at step 48: -828812.464
Current log-likelihood at step 49: -828812.458
Current log-likelihood at step 50: -828812.452
Current log-likelihood at step 51: -828812.446
Current log-likelihood at step 52: -828812.440
Current log-likelihood at step 53: -828812.434
Current log-likelihood at step 54: -828812.428
Current log-likelihood at step 55: -828812.422
Current log-likelihood at step 56: -828812.416
Current log-likelihood at step 57: -828812.412
Current log-likelihood at step 58: -828812.407
Current log-likelihood at step 59: -828812.402
Current log-likelihood at step 60: -828812.397
Current log-likelihood at step 61: -828812.393
Current log-likelihood at step 62: -828812.387
Current log-likelihood at step 63: -828812.383
Current log-likelihood at step 64: -828812.378
Current log-likelihood at step 65: -828812.373
Current log-likelihood at step 66: -828812.368
Current log-likelihood at step 67: -828812.362
Current log-likelihood at step 68: -828812.356
Current log-likelihood at step 69: -828812.351
Current log-likelihood at step 70: -828812.346
Current log-likelihood at step 71: -828812.342
Current log-likelihood at step 72: -828812.336
Current log-likelihood at step 73: -828812.332
Current log-likelihood at step 74: -828812.327
Current log-likelihood at step 75: -828812.322
Current log-likelihood at step 76: -828812.316
Current log-likelihood at step 77: -828812.310
Current log-likelihood at step 78: -828812.305
Current log-likelihood at step 79: -828812.301
Current log-likelihood at step 80: -828812.295
Current log-likelihood at step 81: -828812.290
Current log-likelihood at step 82: -828812.283
Current log-likelihood at step 83: -828812.278
Current log-likelihood at step 84: -828812.272
Current log-likelihood at step 85: -828812.267
Current log-likelihood at step 86: -828812.261
Current log-likelihood at step 87: -828812.256
Current log-likelihood at step 88: -828812.250
Current log-likelihood at step 89: -828812.245
Current log-likelihood at step 90: -828812.239
Current log-likelihood at step 91: -828812.234
Current log-likelihood at step 92: -828812.229
Current log-likelihood at step 93: -828812.225
Current log-likelihood at step 94: -828812.220
Current log-likelihood at step 95: -828812.214
Current log-likelihood at step 96: -828812.209
Current log-likelihood at step 97: -828812.205
Current log-likelihood at step 98: -828812.200
Current log-likelihood at step 99: -828812.196
Partition-specific rates:  0.776 0.782 1.392
Parameters optimization took 99 rounds (7655.240 sec)

7659.277 seconds (logl: -828812.196)
BETTER TREE FOUND at iteration 30: -828812.196 / CPU time: 37886s
Estimate model parameters (epsilon = 0.001)
Initial log-likelihood: -828812.189
Current log-likelihood at step 1: -828812.184
Current log-likelihood at step 2: -828812.179
Current log-likelihood at step 3: -828812.174
Current log-likelihood at step 4: -828812.170
Current log-likelihood at step 5: -828812.165
Current log-likelihood at step 6: -828812.161
Current log-likelihood at step 7: -828812.152
Current log-likelihood at step 8: -828803.438
Current log-likelihood at step 9: -828803.416
Current log-likelihood at step 10: -828803.119
Current log-likelihood at step 11: -828803.106
Current log-likelihood at step 12: -828803.095
Current log-likelihood at step 13: -828803.078
Current log-likelihood at step 14: -828803.065
Current log-likelihood at step 15: -828803.055
Current log-likelihood at step 16: -828803.046
Current log-likelihood at step 17: -828803.036
Current log-likelihood at step 18: -828803.028
Current log-likelihood at step 19: -828803.020
Current log-likelihood at step 20: -828803.013
Current log-likelihood at step 21: -828803.004
Current log-likelihood at step 22: -828802.997
Current log-likelihood at step 23: -828802.989
Current log-likelihood at step 24: -828802.983
Current log-likelihood at step 25: -828802.976
Current log-likelihood at step 26: -828802.968
Current log-likelihood at step 27: -828802.964
Current log-likelihood at step 28: -828802.958
Current log-likelihood at step 29: -828802.953
Current log-likelihood at step 30: -828802.949
Current log-likelihood at step 31: -828802.944
Current log-likelihood at step 32: -828802.939
Current log-likelihood at step 33: -828802.936
Current log-likelihood at step 34: -828802.932
Current log-likelihood at step 35: -828802.927
Current log-likelihood at step 36: -828802.923
Current log-likelihood at step 37: -828802.918
Current log-likelihood at step 38: -828802.914
Current log-likelihood at step 39: -828802.911
Current log-likelihood at step 40: -828802.907
Current log-likelihood at step 41: -828802.903
Current log-likelihood at step 42: -828802.899
Current log-likelihood at step 43: -828802.715
Current log-likelihood at step 44: -828802.707
Current log-likelihood at step 45: -828802.694
Current log-likelihood at step 46: -828802.688
Current log-likelihood at step 47: -828802.684
Current log-likelihood at step 48: -828802.677
Current log-likelihood at step 49: -828802.673
Current log-likelihood at step 50: -828802.669
Current log-likelihood at step 51: -828802.665
Current log-likelihood at step 52: -828802.661
Current log-likelihood at step 53: -828802.658
Current log-likelihood at step 54: -828802.654
Current log-likelihood at step 55: -828802.651
Current log-likelihood at step 56: -828802.647
Current log-likelihood at step 57: -828802.644
Current log-likelihood at step 58: -828802.640
Current log-likelihood at step 59: -828802.636
Current log-likelihood at step 60: -828802.601
Current log-likelihood at step 61: -828802.591
Current log-likelihood at step 62: -828802.568
Current log-likelihood at step 63: -828802.562
Current log-likelihood at step 64: -828802.549
Current log-likelihood at step 65: -828802.543
Current log-likelihood at step 66: -828802.528
Current log-likelihood at step 67: -828802.522
Current log-likelihood at step 68: -828802.518
Current log-likelihood at step 69: -828802.514
Current log-likelihood at step 70: -828802.511
Current log-likelihood at step 71: -828802.505
Current log-likelihood at step 72: -828802.502
Current log-likelihood at step 73: -828802.496
Current log-likelihood at step 74: -828802.492
Current log-likelihood at step 75: -828802.489
Current log-likelihood at step 76: -828802.486
Current log-likelihood at step 77: -828802.482
Current log-likelihood at step 78: -828802.480
Current log-likelihood at step 79: -828802.475
Current log-likelihood at step 80: -828802.471
Current log-likelihood at step 81: -828802.451
Current log-likelihood at step 82: -828802.447
Current log-likelihood at step 83: -828802.444
Current log-likelihood at step 84: -828802.440
Current log-likelihood at step 85: -828802.436
Current log-likelihood at step 86: -828802.433
Current log-likelihood at step 87: -828802.429
Current log-likelihood at step 88: -828802.426
Current log-likelihood at step 89: -828802.422
Current log-likelihood at step 90: -828802.418
Current log-likelihood at step 91: -828802.415
Current log-likelihood at step 92: -828802.411
Current log-likelihood at step 93: -828802.407
Current log-likelihood at step 94: -828802.403
Current log-likelihood at step 95: -828802.400
Current log-likelihood at step 96: -828802.397
Current log-likelihood at step 97: -828802.394
Current log-likelihood at step 98: -828802.390
Current log-likelihood at step 99: -828802.387
Partition-specific rates:  0.780 0.774 1.401
Parameters optimization took 99 rounds (7789.905 sec)

7793.816 seconds (logl: -828802.387)
UPDATE BEST LOG-LIKELIHOOD: -828802.387 / CPU time: 46431s
Iteration 40 / LogL: -829002.370 / Time: 13h:9m:6s (30h:20m:46s left)
Iteration 50 / LogL: -828815.571 / Time: 13h:35m:26s (22h:11m:9s left)
Iteration 60 / LogL: -828816.250 / Time: 14h:2m:37s (16h:39m:36s left)
Iteration 70 / LogL: -828839.595 / Time: 14h:28m:18s (12h:34m:57s left)
Iteration 80 / LogL: -828815.010 / Time: 14h:54m:15s (9h:25m:55s left)
Iteration 90 / LogL: -828819.193 / Time: 15h:20m:51s (6h:53m:49s left)
Iteration 100 / LogL: -829425.435 / Time: 15h:49m:33s (4h:47m:42s left)
Iteration 110 / LogL: -828802.396 / Time: 16h:15m:17s (2h:58m:56s left)
Iteration 120 / LogL: -828802.398 / Time: 16h:42m:4s (1h:24m:11s left)
Iteration 130 / LogL: -828972.644 / Time: 17h:8m:2s (0h:0m:0s left)
Performs final model parameters optimization
Estimate model parameters (epsilon = 0.001)
Initial log-likelihood: -828802.387
Current log-likelihood at step 1: -828802.384
Current log-likelihood at step 2: -828802.381
Current log-likelihood at step 3: -828802.377
Current log-likelihood at step 4: -828802.373
Current log-likelihood at step 5: -828802.370
Current log-likelihood at step 6: -828802.367
Current log-likelihood at step 7: -828802.363
Current log-likelihood at step 8: -828802.360
Current log-likelihood at step 9: -828802.357
Current log-likelihood at step 10: -828802.353
Current log-likelihood at step 11: -828802.351
Current log-likelihood at step 12: -828802.347
Current log-likelihood at step 13: -828802.344
Current log-likelihood at step 14: -828802.340
Current log-likelihood at step 15: -828802.337
Current log-likelihood at step 16: -828802.334
Current log-likelihood at step 17: -828802.331
Current log-likelihood at step 18: -828802.328
Current log-likelihood at step 19: -828802.325
Current log-likelihood at step 20: -828802.322
Current log-likelihood at step 21: -828802.319
Current log-likelihood at step 22: -828802.315
Current log-likelihood at step 23: -828802.310
Current log-likelihood at step 24: -828802.308
Current log-likelihood at step 25: -828802.238
Current log-likelihood at step 26: -828802.230
Current log-likelihood at step 27: -828802.226
Current log-likelihood at step 28: -828802.221
Current log-likelihood at step 29: -828802.211
Current log-likelihood at step 30: -828802.207
Current log-likelihood at step 31: -828802.202
Current log-likelihood at step 32: -828802.198
Current log-likelihood at step 33: -828802.194
Current log-likelihood at step 34: -828802.190
Current log-likelihood at step 35: -828802.186
Current log-likelihood at step 36: -828802.183
Current log-likelihood at step 37: -828802.179
Current log-likelihood at step 38: -828802.176
Current log-likelihood at step 39: -828802.173
Current log-likelihood at step 40: -828802.170
Current log-likelihood at step 41: -828802.166
Current log-likelihood at step 42: -828802.163
Current log-likelihood at step 43: -828802.160
Current log-likelihood at step 44: -828802.156
Current log-likelihood at step 45: -828802.153
Current log-likelihood at step 46: -828802.148
Current log-likelihood at step 47: -828802.145
Current log-likelihood at step 48: -828802.139
Current log-likelihood at step 49: -828802.135
Current log-likelihood at step 50: -828802.132
Current log-likelihood at step 51: -828802.129
Current log-likelihood at step 52: -828802.126
Current log-likelihood at step 53: -828802.123
Current log-likelihood at step 54: -828802.118
Current log-likelihood at step 55: -828802.113
Current log-likelihood at step 56: -828802.110
Current log-likelihood at step 57: -828802.108
Current log-likelihood at step 58: -828802.105
Current log-likelihood at step 59: -828802.102
Current log-likelihood at step 60: -828802.099
Current log-likelihood at step 61: -828802.096
Current log-likelihood at step 62: -828802.093
Current log-likelihood at step 63: -828802.090
Current log-likelihood at step 64: -828802.087
Current log-likelihood at step 65: -828802.084
Current log-likelihood at step 66: -828802.081
Current log-likelihood at step 67: -828802.078
Current log-likelihood at step 68: -828802.075
Current log-likelihood at step 69: -828802.073
Current log-likelihood at step 70: -828802.070
Current log-likelihood at step 71: -828802.066
Current log-likelihood at step 72: -828802.064
Current log-likelihood at step 73: -828802.061
Current log-likelihood at step 74: -828802.058
Current log-likelihood at step 75: -828802.055
Current log-likelihood at step 76: -828802.053
Current log-likelihood at step 77: -828802.050
Current log-likelihood at step 78: -828802.047
Current log-likelihood at step 79: -828802.045
Current log-likelihood at step 80: -828802.042
Current log-likelihood at step 81: -828802.039
Current log-likelihood at step 82: -828802.036
Current log-likelihood at step 83: -828802.033
Current log-likelihood at step 84: -828802.031
Current log-likelihood at step 85: -828802.028
Current log-likelihood at step 86: -828802.025
Current log-likelihood at step 87: -828802.023
Current log-likelihood at step 88: -828802.020
Current log-likelihood at step 89: -828802.017
Current log-likelihood at step 90: -828802.002
Current log-likelihood at step 91: -828801.995
Current log-likelihood at step 92: -828801.991
Current log-likelihood at step 93: -828801.983
Current log-likelihood at step 94: -828801.976
Current log-likelihood at step 95: -828801.973
Current log-likelihood at step 96: -828801.970
Current log-likelihood at step 97: -828801.967
Current log-likelihood at step 98: -828801.964
Current log-likelihood at step 99: -828801.961
Partition-specific rates:  0.780 0.773 1.401
Parameters optimization took 99 rounds (7630.312 sec)

7634.800 seconds (logl: -828801.961)
BEST SCORE FOUND : -828801.961
Total tree length: 29.593

CPU time used for tree search: 53258.562 sec (14h:47m:38s)
Wall-clock time used for tree search: 53703.341 sec (14h:55m:3s)
Total CPU time used: 68855.027 sec (19h:7m:35s)
Total wall-clock time used: 69317.369 sec (19h:15m:17s)

Analysis results written to: 
  IQ-TREE report:                vill_1_gene_r20.iqtree
  Maximum-likelihood tree:       vill_1_gene_r20.treefile
  Screen log file:               vill_1_gene_r20.log

Date and Time: Fri Jun 26 08:32:45 2015
