IQ-TREE multicore version 1.3.2 for Mac OS X 64-bit built Jun 11 2015
Copyright (c) 2011-2015 Nguyen Lam Tung, Olga Chernomor, Arndt von Haeseler and Bui Quang Minh.

Host:    vetmac06.vet.cam.ac.uk (AVX, 64 GB RAM)
Command: iqtree-omp -nt 1 -s ../../data/vill_train.phy -spp vill_partition_gene_r20.nex -pre vill_train_gene_r20
Seed:    3142 (Using SPRNG - Scalable Parallel Random Number Generator)
Time:    Wed Jun 24 23:35:38 2015
Kernel:  AVX - 1 threads (16 CPU cores detected)

Reading partition model file vill_partition_gene_r20.nex ...
Reading alignment file ../../data/vill_train.phy ... Phylip format detected
Alignment most likely contains DNA/RNA sequences
Alignment has 984 sequences with 6987 columns and 4824 patterns (4630 informative sites)
                 Gap/Ambiguity  Composition  p-value
   1  HOUSE2308_11180    0.00%    passed     97.00%
   2  HOUSE1092_16633    0.00%    passed     84.21%
   3  HOUSE3776_6969     0.00%    passed     78.35%
   4  HOUSE660_14791     0.00%    passed     88.32%
   5  HOUSE1492_11556    0.00%    passed     88.65%
   6  HOUSE713_15113     0.00%    passed     99.55%
   7  HOUSE4256_16741    0.00%    passed     97.27%
   8  HOUSE2116_7615     0.00%    passed     98.39%
   9  HOUSE345_9899      0.00%    passed     95.60%
  10  HOUSE3272_3228     0.00%    passed     91.21%
  11  HOUSE2372_10541    0.00%    passed     99.95%
  12  HOUSE3352_13462    0.00%    passed     96.76%
  13  HOUSE1680_11297    0.00%    passed     97.29%
  14  HOUSE3568_17196    0.00%    passed     93.14%
  15  HOUSE4630_4595     0.00%    passed     99.71%
  16  HOUSE1029_1003     0.00%    passed     99.73%
  17  HOUSE2638_13111    0.00%    passed     98.44%
  18  HOUSE3296_3257     0.00%    passed     92.53%
  19  HOUSE6019_14504    0.00%    passed     98.27%
  20  HOUSE2637_14364    0.00%    passed     90.85%
  21  HOUSE3539_12331    0.00%    passed     99.75%
  22  HOUSE3320_16449    0.00%    passed     98.50%
  23  HOUSE166_14724     0.00%    passed     97.72%
  24  HOUSE2103_8026     0.00%    passed     98.41%
  25  HOUSE1035_14232    0.00%    passed     92.51%
  26  HOUSE1368_14070    0.00%    passed     94.96%
  27  HOUSE4578_4527     0.00%    passed     90.83%
  28  HOUSE5392_6679     0.00%    passed     95.08%
  29  HOUSE4210_13416    0.00%    passed     98.28%
  30  HOUSE4636_4601     0.00%    passed     96.47%
  31  HOUSE2399_9185     0.00%    passed     96.34%
  32  HOUSE4205_11676    0.00%    passed     95.88%
  33  HOUSE581_16125     0.00%    passed     99.32%
  34  HOUSE6019_15224    0.00%    passed     99.36%
  35  HOUSE6019_15886    0.00%    passed     95.88%
  36  HOUSE4279_8494     0.00%    passed     82.54%
  37  HOUSE6019_9474     0.00%    passed     92.50%
  38  HOUSE143_10948     0.00%    passed     98.34%
  39  HOUSE1301_11769    0.00%    passed     92.75%
  40  HOUSE1130_14086    0.00%    passed     80.77%
  41  HOUSE1130_15705    0.00%    passed     96.14%
  42  HOUSE1958_1953     0.00%    passed     81.46%
  43  HOUSE1861_1850     0.00%    passed     71.82%
  44  HOUSE3113_14097    0.00%    passed     97.47%
  45  HOUSE2378_15749    0.00%    passed     84.41%
  46  HOUSE891_17540     0.00%    passed     84.23%
  47  HOUSE1924_15742    0.00%    passed     98.40%
  48  HOUSE845_9622      0.00%    passed     99.99%
  49  HOUSE3607_10470    0.00%    passed     98.22%
  50  HOUSE3699_10529    0.00%    passed     99.30%
  51  HOUSE2946_8000     0.00%    passed     89.44%
  52  HOUSE5491_12706    0.00%    passed     84.99%
  53  HOUSE2160_11959    0.00%    passed     94.64%
  54  HOUSE521_13174     0.00%    passed     95.01%
  55  HOUSE1955_1948     0.00%    passed     95.31%
  56  HOUSE1159_11547    0.00%    passed     80.81%
  57  HOUSE19_13495      0.00%    passed     91.55%
  58  HOUSE3666_3607     0.00%    passed     97.28%
  59  HOUSE957_12275     0.00%    passed     98.13%
  60  HOUSE957_10717     0.00%    passed     99.80%
  61  HOUSE3924_11165    0.00%    passed     87.25%
  62  HOUSE5288_10107    0.00%    passed     97.60%
  63  HOUSE5288_5267     0.00%    passed     94.24%
  64  HOUSE3055_9661     0.00%    passed     98.42%
  65  HOUSE520_6549      0.00%    passed     95.08%
  66  HOUSE5526_12611    0.00%    passed     97.65%
  67  HOUSE3426_6776     0.00%    passed     98.13%
  68  HOUSE52_13410      0.00%    passed     54.28%
  69  HOUSE52_15556      0.00%    passed     57.44%
  70  HOUSE426_12572     0.00%    passed     89.31%
  71  HOUSE2929_9586     0.00%    passed     99.45%
  72  HOUSE84_69         0.00%    passed     97.79%
  73  HOUSE3519_14710    0.00%    passed     94.96%
  74  HOUSE1536_12423    0.00%    passed     81.27%
  75  HOUSE1030_8610     0.00%    passed     99.83%
  76  HOUSE489_14584     0.00%    passed     90.48%
  77  HOUSE2226_10959    0.00%    passed     99.21%
  78  HOUSE6019_13440    0.00%    passed     95.53%
  79  HOUSE494_471       0.00%    passed     96.05%
  80  HOUSE1596_10277    0.00%    passed     97.87%
  81  HOUSE2898_10821    0.00%    passed     98.49%
  82  HOUSE3326_13133    0.00%    passed     99.70%
  83  HOUSE5701_5693     0.00%    passed     93.80%
  84  HOUSE751_10598     0.00%    passed     97.92%
  85  HOUSE751_11067     0.00%    passed     99.59%
  86  HOUSE3814_12265    0.00%    passed     91.27%
  87  HOUSE4446_6470     0.00%    passed     92.24%
  88  HOUSE5039_14945    0.00%    passed     96.03%
  89  HOUSE4318_4275     0.00%    passed     95.01%
  90  HOUSE1239_14524    0.00%    passed     93.88%
  91  HOUSE3246_3207     0.00%    passed     98.65%
  92  HOUSE2998_12582    0.00%    passed     97.71%
  93  HOUSE2246_14730    0.00%    passed     97.90%
  94  HOUSE4432_13532    0.00%    passed     95.48%
  95  HOUSE5468_5457     0.00%    passed     98.17%
  96  HOUSE2654_2657     0.00%    passed     99.97%
  97  HOUSE6019_12016    0.00%    passed     99.19%
  98  HOUSE2547_2565     0.00%    passed     98.31%
  99  HOUSE1094_14341    0.00%    passed     94.35%
 100  HOUSE5839_13559    0.00%    passed     96.12%
 101  HOUSE2099_11916    0.00%    passed     99.15%
 102  HOUSE2614_8055     0.00%    passed     98.95%
 103  HOUSE499_476       0.00%    passed     98.98%
 104  HOUSE5187_9396     0.00%    passed     63.25%
 105  HOUSE4681_10310    0.00%    passed     75.00%
 106  HOUSE1517_16729    0.00%    passed     76.81%
 107  HOUSE4469_9229     0.00%    passed     99.91%
 108  HOUSE816_17467     0.00%    passed     99.85%
 109  HOUSE2118_2128     0.00%    passed     74.68%
 110  HOUSE326_11976     0.00%    passed     98.74%
 111  HOUSE1151_11334    0.00%    passed     98.39%
 112  HOUSE1151_15179    0.00%    passed     89.56%
 113  HOUSE4380_4344     0.00%    passed     96.92%
 114  HOUSE3726_3666     0.00%    passed     97.75%
 115  HOUSE5990_6497     0.00%    passed     92.71%
 116  HOUSE980_14219     0.00%    passed     88.18%
 117  HOUSE980_17739     0.00%    passed     85.45%
 118  HOUSE2555_11537    0.00%    passed     81.62%
 119  HOUSE6019_16222    0.00%    passed     75.62%
 120  HOUSE1361_15931    0.00%    passed     70.83%
 121  HOUSE4328_4283     0.00%    passed     66.28%
 122  HOUSE2471_2495     0.00%    passed     94.02%
 123  HOUSE27_13493      0.00%    passed     96.14%
 124  HOUSE2072_16943    0.00%    passed     94.03%
 125  HOUSE6019_13650    0.00%    passed     97.45%
 126  HOUSE1239_13660    0.00%    passed     90.82%
 127  HOUSE3421_15160    0.00%    passed     90.28%
 128  HOUSE3451_12354    0.00%    passed     98.47%
 129  HOUSE717_11054     0.00%    passed     66.95%
 130  HOUSE964_11143     0.00%    passed     93.06%
 131  HOUSE96_15731      0.00%    passed     98.54%
 132  HOUSE651_16368     0.00%    passed     91.69%
 133  HOUSE655_15527     0.00%    passed     93.84%
 134  HOUSE131_11260     0.00%    passed     67.28%
 135  HOUSE1217_1199     0.00%    passed     85.80%
 136  HOUSE5485_14936    0.00%    passed     88.99%
 137  HOUSE94_14636      0.00%    passed     91.29%
 138  HOUSE1916_16429    0.00%    passed     94.43%
 139  HOUSE492_13938     0.00%    passed     99.02%
 140  HOUSE869_855       0.00%    passed     86.80%
 141  HOUSE5995_5973     0.00%    passed     94.46%
 142  HOUSE418_6270      0.00%    passed     67.53%
 143  HOUSE3263_3223     0.00%    passed     81.86%
 144  HOUSE3977_11590    0.00%    passed     92.04%
 145  HOUSE4603_14583    0.00%    passed     85.14%
 146  HOUSE4603_15590    0.00%    passed     94.16%
 147  HOUSE5366_15134    0.00%    passed     97.14%
 148  HOUSE4634_4599     0.00%    passed     56.79%
 149  HOUSE3137_12892    0.00%    passed     99.97%
 150  HOUSE592_14212     0.00%    passed     91.38%
 151  HOUSE1232_12548    0.00%    passed     86.57%
 152  HOUSE2917_16003    0.00%    passed     71.36%
 153  HOUSE503_14834     0.00%    passed     72.24%
 154  HOUSE1937_14301    0.00%    passed     76.69%
 155  HOUSE4473_4442     0.00%    passed     94.89%
 156  HOUSE790_14285     0.00%    passed     71.52%
 157  HOUSE2560_2573     0.00%    passed     98.61%
 158  HOUSE4647_14136    0.00%    passed     98.59%
 159  HOUSE4647_16988    0.00%    passed     98.99%
 160  HOUSE251_15834     0.00%    passed     97.03%
 161  HOUSE1829_11195    0.00%    passed     95.38%
 162  HOUSE3745_12501    0.00%    passed     96.33%
 163  HOUSE2030_14776    0.00%    passed     91.86%
 164  HOUSE2600_13232    0.00%    passed     97.83%
 165  HOUSE5678_13009    0.00%    passed     89.67%
 166  HOUSE2098_16043    0.00%    passed     98.69%
 167  HOUSE4068_16020    0.00%    passed     98.73%
 168  HOUSE2309_11300    0.00%    passed     99.66%
 169  HOUSE1659_9823     0.00%    passed     83.02%
 170  HOUSE1636_14339    0.00%    passed     94.43%
 171  HOUSE1512_16486    0.00%    passed     95.43%
 172  HOUSE4994_13422    0.00%    passed     88.28%
 173  HOUSE3896_11817    0.00%    passed     90.84%
 174  HOUSE6019_10637    0.00%    passed     89.02%
 175  HOUSE5451_14832    0.00%    passed     97.41%
 176  HOUSE5875_14888    0.00%    passed     75.66%
 177  HOUSE4899_17760    0.00%    passed     50.93%
 178  HOUSE1805_10930    0.00%    passed     88.20%
 179  HOUSE1610_13326    0.00%    passed     87.48%
 180  HOUSE1703_13876    0.00%    passed     98.23%
 181  HOUSE6019_13432    0.00%    passed     93.90%
 182  HOUSE2533_11370    0.00%    passed     80.01%
 183  HOUSE1505_16250    0.00%    passed     80.42%
 184  HOUSE6019_12884    0.00%    passed     98.78%
 185  HOUSE4962_11968    0.00%    passed     87.14%
 186  HOUSE3402_9573     0.00%    passed     84.49%
 187  HOUSE2668_2678     0.00%    passed     97.65%
 188  HOUSE2827_2823     0.00%    passed     99.95%
 189  HOUSE4518_6457     0.00%    passed     86.63%
 190  HOUSE1911_9520     0.00%    passed     98.77%
 191  HOUSE5285_9968     0.00%    passed     93.04%
 192  HOUSE2682_15831    0.00%    passed     99.13%
 193  HOUSE3846_15726    0.00%    passed     93.00%
 194  HOUSE2775_12474    0.00%    passed     83.29%
 195  HOUSE2775_14211    0.00%    passed     88.20%
 196  HOUSE4548_10834    0.00%    passed     59.70%
 197  HOUSE2370_13770    0.00%    passed     62.75%
 198  HOUSE2954_17201    0.00%    passed     67.97%
 199  HOUSE2638_14018    0.00%    passed     89.72%
 200  HOUSE1905_1897     0.00%    passed     89.10%
 201  HOUSE650_11495     0.00%    passed     99.54%
 202  HOUSE258_13150     0.00%    passed     99.26%
 203  HOUSE2177_11719    0.00%    passed     98.23%
 204  HOUSE552_7373      0.00%    passed    100.00%
 205  HOUSE3192_3145     0.00%    passed     96.85%
 206  HOUSE516_9165      0.00%    passed     99.78%
 207  HOUSE461_8057      0.00%    passed     98.75%
 208  HOUSE806_10759     0.00%    passed     97.14%
 209  HOUSE2101_2112     0.00%    passed     91.88%
 210  HOUSE6019_14023    0.00%    passed     96.01%
 211  HOUSE1637_12421    0.00%    passed     99.96%
 212  HOUSE2831_14042    0.00%    passed     94.42%
 213  HOUSE1302_8487     0.00%    passed     94.74%
 214  HOUSE5515_13328    0.00%    passed     99.55%
 215  HOUSE5051_11834    0.00%    passed     99.20%
 216  HOUSE2177_17031    0.00%    passed     94.91%
 217  HOUSE5465_8708     0.00%    passed     82.99%
 218  HOUSE2437_15438    0.00%    passed     93.00%
 219  HOUSE972_13179     0.00%    passed     85.22%
 220  HOUSE5454_5440     0.00%    passed     64.23%
 221  HOUSE5454_5441     0.00%    passed     87.41%
 222  HOUSE2127_10118    0.00%    passed     94.87%
 223  HOUSE647_608       0.00%    passed     67.21%
 224  HOUSE2508_11951    0.00%    passed     95.62%
 225  HOUSE2322_13909    0.00%    passed     99.78%
 226  HOUSE4466_4434     0.00%    passed     93.41%
 227  HOUSE5826_5808     0.00%    passed     61.29%
 228  HOUSE875_863       0.00%    passed     87.44%
 229  HOUSE3679_3620     0.00%    passed     89.17%
 230  HOUSE1355_11069    0.00%    passed     99.57%
 231  HOUSE979_13496     0.00%    passed     99.26%
 232  HOUSE979_15413     0.00%    passed     92.51%
 233  HOUSE4164_9734     0.00%    passed     97.19%
 234  HOUSE2348_12986    0.00%    passed     83.32%
 235  HOUSE695_6547      0.00%    passed     86.64%
 236  HOUSE4622_4582     0.00%    passed     98.64%
 237  HOUSE4622_14293    0.00%    passed     99.09%
 238  HOUSE1300_6237     0.00%    passed     92.69%
 239  HOUSE241_12802     0.00%    passed     99.20%
 240  HOUSE6019_15632    0.00%    passed     99.26%
 241  HOUSE4997_14313    0.00%    passed     97.35%
 242  HOUSE5851_5833     0.00%    passed     98.29%
 243  HOUSE38_12000      0.00%    passed     96.91%
 244  HOUSE139_13313     0.00%    passed     95.79%
 245  HOUSE4853_4821     0.00%    passed     71.19%
 246  HOUSE2593_14336    0.00%    passed     85.45%
 247  HOUSE1528_14651    0.00%    passed     77.44%
 248  HOUSE5202_7563     0.00%    passed     71.57%
 249  HOUSE98_11973      0.00%    passed     96.41%
 250  HOUSE1487_14061    0.00%    passed     96.44%
 251  HOUSE5216_10777    0.00%    passed     94.99%
 252  HOUSE5757_5744     0.00%    passed     99.69%
 253  HOUSE2391_15641    0.00%    passed     89.40%
 254  HOUSE4060_4013     0.00%    passed     98.13%
 255  HOUSE616_10254     0.00%    passed     93.20%
 256  HOUSE4620_13504    0.00%    passed     99.20%
 257  HOUSE4620_17046    0.00%    passed     98.55%
 258  HOUSE4788_4752     0.00%    passed     82.42%
 259  HOUSE2889_2884     0.00%    passed     96.36%
 260  HOUSE1384_10055    0.00%    passed     94.73%
 261  HOUSE5379_14257    0.00%    passed     99.11%
 262  HOUSE877_15128     0.00%    passed     99.23%
 263  HOUSE213_16547     0.00%    passed     95.22%
 264  HOUSE5078_6251     0.00%    passed     66.61%
 265  HOUSE684_12043     0.00%    passed     95.81%
 266  HOUSE1662_11912    0.00%    passed     92.91%
 267  HOUSE3011_16456    0.00%    passed     90.61%
 268  HOUSE3021_11360    0.00%    passed     83.03%
 269  HOUSE2374_13036    0.00%    passed     87.56%
 270  HOUSE3831_11287    0.00%    passed     95.37%
 271  HOUSE3831_11401    0.00%    passed     90.77%
 272  HOUSE6019_14746    0.00%    passed     85.80%
 273  HOUSE5194_5162     0.00%    passed     86.64%
 274  HOUSE1560_12443    0.00%    passed     83.55%
 275  HOUSE1255_13388    0.00%    passed     76.88%
 276  HOUSE4568_12740    0.00%    passed     82.32%
 277  HOUSE4983_9983     0.00%    passed     99.84%
 278  HOUSE1119_14054    0.00%    passed     99.70%
 279  HOUSE6019_14278    0.00%    passed     95.05%
 280  HOUSE1162_6359     0.00%    passed     97.49%
 281  HOUSE1364_1345     0.00%    passed     97.29%
 282  HOUSE2376_9371     0.00%    passed     92.76%
 283  HOUSE133_11735     0.00%    passed     98.72%
 284  HOUSE5671_13771    0.00%    passed     96.38%
 285  HOUSE3727_15191    0.00%    passed     89.06%
 286  HOUSE348_333       0.00%    passed     76.55%
 287  HOUSE2822_7948     0.00%    passed     95.46%
 288  HOUSE1551_13463    0.00%    passed     98.08%
 289  HOUSE2000_15205    0.00%    passed     97.67%
 290  HOUSE3401_11490    0.00%    passed     94.81%
 291  HOUSE1127_6849     0.00%    passed     87.54%
 292  HOUSE394_14517     0.00%    passed     96.17%
 293  HOUSE6019_11896    0.00%    passed     98.50%
 294  HOUSE4649_13710    0.00%    passed     97.27%
 295  HOUSE2675_12968    0.00%    passed     99.01%
 296  HOUSE1951_14420    0.00%    passed     97.13%
 297  HOUSE1951_12564    0.00%    passed     93.21%
 298  HOUSE1771_11708    0.00%    passed     99.36%
 299  HOUSE3548_11336    0.00%    passed     94.04%
 300  HOUSE1430_7831     0.00%    passed     99.31%
 301  HOUSE6019_14656    0.00%    passed     95.75%
 302  HOUSE426_10180     0.00%    passed     97.19%
 303  HOUSE2491_16079    0.00%    passed     94.65%
 304  HOUSE2569_8721     0.00%    passed     98.29%
 305  HOUSE435_421       0.00%    passed     94.23%
 306  HOUSE3728_15170    0.00%    passed     90.21%
 307  HOUSE84_68         0.00%    passed     92.22%
 308  HOUSE403_10918     0.00%    passed     97.68%
 309  HOUSE824_12164     0.00%    passed     94.37%
 310  HOUSE4042_11608    0.00%    passed     98.40%
 311  HOUSE2864_10993    0.00%    passed     73.36%
 312  HOUSE6019_12138    0.00%    passed     81.65%
 313  HOUSE5964_14327    0.00%    passed     70.94%
 314  HOUSE5964_7093     0.00%    passed     93.69%
 315  HOUSE1910_15242    0.00%    passed     94.73%
 316  HOUSE5144_9585     0.00%    passed     99.47%
 317  HOUSE4590_8952     0.00%    passed     98.72%
 318  HOUSE5667_10715    0.00%    passed     96.59%
 319  HOUSE5667_5653     0.00%    passed     97.44%
 320  HOUSE6019_14434    0.00%    passed     98.75%
 321  HOUSE6019_15464    0.00%    passed     98.46%
 322  HOUSE3921_3881     0.00%    passed     96.80%
 323  HOUSE913_9612      0.00%    passed     99.12%
 324  HOUSE4556_4505     0.00%    passed     94.67%
 325  HOUSE5586_8203     0.00%    passed     99.30%
 326  HOUSE6019_15887    0.00%    passed     93.54%
 327  HOUSE2080_17267    0.00%    passed     80.72%
 328  HOUSE3510_3456     0.00%    passed     94.96%
 329  HOUSE1831_1831     0.00%    passed     99.00%
 330  HOUSE4701_14789    0.00%    passed     74.38%
 331  HOUSE3350_15171    0.00%    passed     82.42%
 332  HOUSE1608_14449    0.00%    passed     96.92%
 333  HOUSE294_13492     0.00%    passed     85.40%
 334  HOUSE6019_11486    0.00%    passed     97.44%
 335  HOUSE901_12527     0.00%    passed     86.51%
 336  HOUSE886_14829     0.00%    passed     88.42%
 337  HOUSE1971_17351    0.00%    passed     66.05%
 338  HOUSE3713_3656     0.00%    passed     70.55%
 339  HOUSE901_14183     0.00%    passed     90.13%
 340  HOUSE1459_9241     0.00%    passed     91.60%
 341  HOUSE121_103       0.00%    passed     78.77%
 342  HOUSE202_13988     0.00%    passed     92.74%
 343  HOUSE1048_13393    0.00%    passed     85.68%
 344  HOUSE1082_10397    0.00%    passed     93.28%
 345  HOUSE519_495       0.00%    passed     82.51%
 346  HOUSE4692_4662     0.00%    passed     87.56%
 347  HOUSE4692_4663     0.00%    passed     92.89%
 348  HOUSE5095_10922    0.00%    passed     94.91%
 349  HOUSE220_17098     0.00%    passed     95.58%
 350  HOUSE2458_2479     0.00%    passed     96.94%
 351  HOUSE1110_9203     0.00%    passed     80.80%
 352  HOUSE1681_13131    0.00%    passed     92.73%
 353  HOUSE5810_7449     0.00%    passed     97.69%
 354  HOUSE5810_15222    0.00%    passed     96.12%
 355  HOUSE4125_7154     0.00%    passed     90.50%
 356  HOUSE5508_5498     0.00%    passed     95.45%
 357  HOUSE3111_16536    0.00%    passed     95.03%
 358  HOUSE5523_11591    0.00%    passed     93.96%
 359  HOUSE5523_17175    0.00%    passed     89.19%
 360  HOUSE4216_13748    0.00%    passed     97.28%
 361  HOUSE4216_13740    0.00%    passed     92.32%
 362  HOUSE5772_9961     0.00%    passed     99.43%
 363  HOUSE3343_9858     0.00%    passed     86.01%
 364  HOUSE1677_17449    0.00%    passed     83.15%
 365  HOUSE5654_17176    0.00%    passed     81.39%
 366  HOUSE303_15487     0.00%    passed     86.89%
 367  HOUSE6019_14640    0.00%    passed     95.87%
 368  HOUSE5268_11056    0.00%    passed     89.42%
 369  HOUSE6019_15398    0.00%    passed     83.41%
 370  HOUSE3364_14031    0.00%    passed     94.24%
 371  HOUSE2472_15214    0.00%    passed     97.81%
 372  HOUSE4811_12544    0.00%    passed     95.81%
 373  HOUSE835_10551     0.00%    passed     89.64%
 374  HOUSE6019_13078    0.00%    passed     96.78%
 375  HOUSE4888_7788     0.00%    passed     87.88%
 376  HOUSE4158_10645    0.00%    passed     99.77%
 377  HOUSE1898_13452    0.00%    passed     95.81%
 378  HOUSE5474_8691     0.00%    passed     96.21%
 379  HOUSE5474_7968     0.00%    passed     95.72%
 380  HOUSE4780_8062     0.00%    passed     89.30%
 381  HOUSE4780_9467     0.00%    passed     95.39%
 382  HOUSE3112_3085     0.00%    passed     97.22%
 383  HOUSE3535_3482     0.00%    passed     97.30%
 384  HOUSE824_801       0.00%    passed     96.24%
 385  HOUSE6019_8344     0.00%    passed     98.31%
 386  HOUSE2995_14842    0.00%    passed     87.43%
 387  HOUSE5115_5077     0.00%    passed     87.71%
 388  HOUSE1026_10292    0.00%    passed     96.77%
 389  HOUSE160_14797     0.00%    passed     88.65%
 390  HOUSE5167_15993    0.00%    passed     93.96%
 391  HOUSE5167_17006    0.00%    passed     81.62%
 392  HOUSE3554_14994    0.00%    passed     89.55%
 393  HOUSE565_12042     0.00%    passed     97.54%
 394  HOUSE6019_10919    0.00%    passed     96.94%
 395  HOUSE10_11788      0.00%    passed     96.68%
 396  HOUSE2952_10915    0.00%    passed     87.92%
 397  HOUSE4719_10083    0.00%    passed     97.88%
 398  HOUSE4719_9939     0.00%    passed     97.57%
 399  HOUSE3004_8706     0.00%    passed     89.51%
 400  HOUSE4336_12361    0.00%    passed     95.40%
 401  HOUSE3529_13977    0.00%    passed     95.83%
 402  HOUSE1484_16783    0.00%    passed     68.56%
 403  HOUSE1845_10613    0.00%    passed     80.78%
 404  HOUSE5856_12303    0.00%    passed     85.73%
 405  HOUSE4451_9619     0.00%    passed     84.13%
 406  HOUSE607_15408     0.00%    passed     88.01%
 407  HOUSE5248_5222     0.00%    passed     94.20%
 408  HOUSE5248_13497    0.00%    passed     94.49%
 409  HOUSE2746_13548    0.00%    passed     97.90%
 410  HOUSE6019_17161    0.00%    passed     98.36%
 411  HOUSE1007_17069    0.00%    passed     97.73%
 412  HOUSE1103_13863    0.00%    passed     96.19%
 413  HOUSE2182_15670    0.00%    passed     96.06%
 414  HOUSE1800_1805     0.00%    passed     94.36%
 415  HOUSE2664_2675     0.00%    passed     99.37%
 416  HOUSE1640_14627    0.00%    passed     97.86%
 417  HOUSE950_11039     0.00%    passed     94.83%
 418  HOUSE969_14903     0.00%    passed     93.62%
 419  HOUSE190_16497     0.00%    passed     99.28%
 420  HOUSE6019_14513    0.00%    passed     97.32%
 421  HOUSE1316_1294     0.00%    passed     97.06%
 422  HOUSE610_15484     0.00%    passed     97.74%
 423  HOUSE3291_8437     0.00%    passed     91.54%
 424  HOUSE3291_9850     0.00%    passed     83.44%
 425  HOUSE4192_14407    0.00%    passed     81.60%
 426  HOUSE580_13676     0.00%    passed     61.63%
 427  HOUSE649_11161     0.00%    passed     67.15%
 428  HOUSE649_9235      0.00%    passed     48.84%
 429  HOUSE5419_5398     0.00%    passed     74.35%
 430  HOUSE231_211       0.00%    passed     71.36%
 431  HOUSE621_17399     0.00%    passed     73.74%
 432  HOUSE3481_3433     0.00%    passed     98.57%
 433  HOUSE4021_3980     0.00%    passed     98.99%
 434  HOUSE5693_13298    0.00%    passed     68.94%
 435  HOUSE5693_18277    0.00%    passed     72.66%
 436  HOUSE2597_7877     0.00%    passed     84.12%
 437  HOUSE6001_14457    0.00%    passed     72.08%
 438  HOUSE986_10311     0.00%    passed     75.38%
 439  HOUSE93_80         0.00%    passed     72.42%
 440  HOUSE207_188       0.00%    passed     81.40%
 441  HOUSE5902_15647    0.00%    passed     79.72%
 442  HOUSE2499_6972     0.00%    passed     96.34%
 443  HOUSE4858_4827     0.00%    passed     97.36%
 444  HOUSE5959_12090    0.00%    passed     98.81%
 445  HOUSE2635_15017    0.00%    passed     98.49%
 446  HOUSE1157_12730    0.00%    passed     72.66%
 447  HOUSE3738_8707     0.00%    passed     86.49%
 448  HOUSE5017_7400     0.00%    passed     99.32%
 449  HOUSE6019_12766    0.00%    passed     98.93%
 450  HOUSE6019_17315    0.00%    passed     88.18%
 451  HOUSE1730_12058    0.00%    passed     90.54%
 452  HOUSE3685_3624     0.00%    passed     86.91%
 453  HOUSE3685_15699    0.00%    passed     72.83%
 454  HOUSE367_11932     0.00%    passed     72.76%
 455  HOUSE367_12448     0.00%    passed     52.89%
 456  HOUSE407_393       0.00%    passed     69.25%
 457  HOUSE3728_9403     0.00%    passed     62.94%
 458  HOUSE300_10889     0.00%    passed     83.24%
 459  HOUSE2227_13446    0.00%    passed     93.04%
 460  HOUSE938_12030     0.00%    passed     99.93%
 461  HOUSE5484_15871    0.00%    passed     96.77%
 462  HOUSE4238_14147    0.00%    passed     95.24%
 463  HOUSE1094_15142    0.00%    passed     88.29%
 464  HOUSE2983_12297    0.00%    passed     84.48%
 465  HOUSE2426_14915    0.00%    passed     92.05%
 466  HOUSE2326_2344     0.00%    passed     96.85%
 467  HOUSE2254_2275     0.00%    passed     83.67%
 468  HOUSE1308_9500     0.00%    passed     97.01%
 469  HOUSE221_9519      0.00%    passed     91.72%
 470  HOUSE1236_1221     0.00%    passed     98.49%
 471  HOUSE265_12046     0.00%    passed     94.29%
 472  HOUSE353_14997     0.00%    passed     87.68%
 473  HOUSE353_16018     0.00%    passed     98.66%
 474  HOUSE4460_6877     0.00%    passed     67.50%
 475  HOUSE5346_10179    0.00%    passed     99.11%
 476  HOUSE5346_10375    0.00%    passed     93.87%
 477  HOUSE5554_17025    0.00%    passed     97.77%
 478  HOUSE4796_6461     0.00%    passed     97.79%
 479  HOUSE2912_9628     0.00%    passed     93.14%
 480  HOUSE960_11479     0.00%    passed     93.93%
 481  HOUSE4366_12257    0.00%    passed     92.71%
 482  HOUSE2049_12805    0.00%    passed     97.29%
 483  HOUSE1908_1901     0.00%    passed     93.22%
 484  HOUSE848_13147     0.00%    passed     98.76%
 485  HOUSE2870_8123     0.00%    passed     97.46%
 486  HOUSE2870_8425     0.00%    passed     87.00%
 487  HOUSE3408_11974    0.00%    passed     84.12%
 488  HOUSE5237_10309    0.00%    passed     99.40%
 489  HOUSE5237_9767     0.00%    passed     99.41%
 490  HOUSE6019_13333    0.00%    passed     93.12%
 491  HOUSE2973_13370    0.00%    passed     95.73%
 492  HOUSE1607_10926    0.00%    passed     88.35%
 493  HOUSE730_12255     0.00%    passed     88.14%
 494  HOUSE2830_12607    0.00%    passed     99.11%
 495  HOUSE5163_13001    0.00%    passed     90.97%
 496  HOUSE5310_13297    0.00%    passed     87.89%
 497  HOUSE2948_8991     0.00%    passed     97.38%
 498  HOUSE2606_8003     0.00%    passed     96.69%
 499  HOUSE2269_11630    0.00%    passed     97.28%
 500  HOUSE1204_12388    0.00%    passed     96.26%
 501  HOUSE6019_6137     0.00%    passed     98.89%
 502  HOUSE3307_12683    0.00%    passed     97.03%
 503  HOUSE1779_16509    0.00%    passed     93.53%
 504  HOUSE2243_12013    0.00%    passed     99.12%
 505  HOUSE3424_9656     0.00%    passed     99.98%
 506  HOUSE5158_7618     0.00%    passed     98.06%
 507  HOUSE66_9979       0.00%    passed     98.96%
 508  HOUSE5643_6450     0.00%    passed     97.79%
 509  HOUSE2859_13773    0.00%    passed     96.69%
 510  HOUSE2351_13093    0.00%    passed     88.46%
 511  HOUSE1859_13503    0.00%    passed     96.42%
 512  HOUSE4247_12998    0.00%    passed     96.55%
 513  HOUSE2583_13564    0.00%    passed     94.45%
 514  HOUSE2030_9532     0.00%    passed     93.78%
 515  HOUSE1016_13507    0.00%    passed     90.07%
 516  HOUSE1016_14531    0.00%    passed     96.72%
 517  HOUSE3482_10131    0.00%    passed     92.02%
 518  HOUSE1242_10194    0.00%    passed     86.48%
 519  HOUSE2278_2291     0.00%    passed     89.99%
 520  HOUSE3668_8720     0.00%    passed     98.91%
 521  HOUSE800_12772     0.00%    passed     89.53%
 522  HOUSE4868_4843     0.00%    passed     90.40%
 523  HOUSE2124_12694    0.00%    passed     90.40%
 524  HOUSE2418_15679    0.00%    passed     89.05%
 525  HOUSE2418_13201    0.00%    passed     88.94%
 526  HOUSE6019_12235    0.00%    passed     73.10%
 527  HOUSE1647_14527    0.00%    passed     76.01%
 528  HOUSE1436_16980    0.00%    passed     75.81%
 529  HOUSE5836_7971     0.00%    passed     86.94%
 530  HOUSE4034_8195     0.00%    passed     84.12%
 531  HOUSE188_11364     0.00%    passed     88.44%
 532  HOUSE2834_9178     0.00%    passed     97.59%
 533  HOUSE4776_12314    0.00%    passed     99.47%
 534  HOUSE2_15256       0.00%    passed     85.30%
 535  HOUSE3542_3493     0.00%    passed     83.32%
 536  HOUSE3542_3492     0.00%    passed     95.42%
 537  HOUSE5410_5385     0.00%    passed     74.39%
 538  HOUSE2078_11940    0.00%    passed     75.77%
 539  HOUSE722_12194     0.00%    passed     97.27%
 540  HOUSE4613_16526    0.00%    passed     99.30%
 541  HOUSE2881_16059    0.00%    passed     75.73%
 542  HOUSE3213_8194     0.00%    passed     97.28%
 543  HOUSE3620_3566     0.00%    passed     98.96%
 544  HOUSE206_12657     0.00%    passed     93.31%
 545  HOUSE206_12622     0.00%    passed     92.31%
 546  HOUSE1726_13261    0.00%    passed     96.81%
 547  HOUSE356_344       0.00%    passed     96.15%
 548  HOUSE2680_9527     0.00%    passed     94.55%
 549  HOUSE1881_1869     0.00%    passed     97.03%
 550  HOUSE158_16174     0.00%    passed     96.54%
 551  HOUSE1377_11989    0.00%    passed     88.48%
 552  HOUSE2174_14077    0.00%    passed     94.21%
 553  HOUSE6019_17503    0.00%    passed     94.79%
 554  HOUSE1188_12284    0.00%    passed     98.38%
 555  HOUSE1188_12102    0.00%    passed     93.97%
 556  HOUSE5309_5291     0.00%    passed     99.39%
 557  HOUSE297_15728     0.00%    passed     96.07%
 558  HOUSE999_14359     0.00%    passed     99.49%
 559  HOUSE4402_13381    0.00%    passed     99.47%
 560  HOUSE885_17036     0.00%    passed     93.65%
 561  HOUSE637_17996     0.00%    passed     91.14%
 562  HOUSE1392_13661    0.00%    passed     99.81%
 563  HOUSE4872_14876    0.00%    passed     99.04%
 564  HOUSE1813_6442     0.00%    passed     97.89%
 565  HOUSE5580_15200    0.00%    passed     93.52%
 566  HOUSE6019_11480    0.00%    passed     91.44%
 567  HOUSE2466_8358     0.00%    passed     90.64%
 568  HOUSE6019_13685    0.00%    passed     93.65%
 569  HOUSE2779_14288    0.00%    passed     99.63%
 570  HOUSE532_8773      0.00%    passed     85.96%
 571  HOUSE2026_2024     0.00%    passed     96.96%
 572  HOUSE3425_8454     0.00%    passed     88.39%
 573  HOUSE6019_13264    0.00%    passed     98.13%
 574  HOUSE4109_12893    0.00%    passed     96.76%
 575  HOUSE4109_13345    0.00%    passed     92.72%
 576  HOUSE5559_8154     0.00%    passed     98.30%
 577  HOUSE2426_7204     0.00%    passed     97.80%
 578  HOUSE2664_17154    0.00%    passed     98.19%
 579  HOUSE509_14756     0.00%    passed     99.48%
 580  HOUSE4867_8921     0.00%    passed     97.10%
 581  HOUSE2636_9089     0.00%    passed     99.74%
 582  HOUSE1002_12817    0.00%    passed     97.50%
 583  HOUSE6019_14904    0.00%    passed     99.99%
 584  HOUSE1539_10831    0.00%    passed     87.07%
 585  HOUSE863_14851     0.00%    passed     91.32%
 586  HOUSE698_15021     0.00%    passed     99.04%
 587  HOUSE3402_11240    0.00%    passed     88.90%
 588  HOUSE2092_13318    0.00%    passed     95.96%
 589  HOUSE3541_11463    0.00%    passed     97.32%
 590  HOUSE5543_16739    0.00%    passed     89.95%
 591  HOUSE444_11584     0.00%    passed     90.56%
 592  HOUSE1790_13929    0.00%    passed     94.73%
 593  HOUSE391_14821     0.00%    passed     93.64%
 594  HOUSE2673_12066    0.00%    passed     90.52%
 595  HOUSE369_16443     0.00%    passed     92.94%
 596  HOUSE3154_12248    0.00%    passed     79.69%
 597  HOUSE2109_14166    0.00%    passed     91.41%
 598  HOUSE180_160       0.00%    passed     87.19%
 599  HOUSE5010_14284    0.00%    passed     99.32%
 600  HOUSE2753_17893    0.00%    passed     98.23%
 601  HOUSE1682_8354     0.00%    passed     93.02%
 602  HOUSE249_14741     0.00%    passed     92.52%
 603  HOUSE2739_16501    0.00%    passed     94.30%
 604  HOUSE3313_7814     0.00%    passed     99.31%
 605  HOUSE6019_14223    0.00%    passed     99.85%
 606  HOUSE970_12155     0.00%    passed     99.14%
 607  HOUSE898_15286     0.00%    passed     78.40%
 608  HOUSE707_14371     0.00%    passed     95.42%
 609  HOUSE4592_11237    0.00%    passed     99.33%
 610  HOUSE1877_14615    0.00%    passed     99.82%
 611  HOUSE2241_17022    0.00%    passed     99.90%
 612  HOUSE2978_8450     0.00%    passed     99.82%
 613  HOUSE648_10304     0.00%    passed     99.94%
 614  HOUSE637_12107     0.00%    passed     83.80%
 615  HOUSE1844_1841     0.00%    passed     92.16%
 616  HOUSE2168_11988    0.00%    passed     98.15%
 617  HOUSE2011_14403    0.00%    passed     89.73%
 618  HOUSE768_13319     0.00%    passed     74.20%
 619  HOUSE768_14545     0.00%    passed     85.53%
 620  HOUSE694_12920     0.00%    passed     58.11%
 621  HOUSE2057_12440    0.00%    passed     61.66%
 622  HOUSE1688_16000    0.00%    passed     75.16%
 623  HOUSE5887_14292    0.00%    passed     71.89%
 624  HOUSE2811_15838    0.00%    passed     98.84%
 625  HOUSE1476_14744    0.00%    passed     95.19%
 626  HOUSE3357_13087    0.00%    passed     99.41%
 627  HOUSE1187_10485    0.00%    passed     93.58%
 628  HOUSE4392_11367    0.00%    passed     91.53%
 629  HOUSE77_12843      0.00%    passed     80.50%
 630  HOUSE4392_10420    0.00%    passed     92.48%
 631  HOUSE485_15063     0.00%    passed     65.35%
 632  HOUSE5432_13582    0.00%    passed     70.48%
 633  HOUSE364_15813     0.00%    passed     99.17%
 634  HOUSE2867_12886    0.00%    passed     98.82%
 635  HOUSE1388_1371     0.00%    passed     97.57%
 636  HOUSE2331_11517    0.00%    passed     99.36%
 637  HOUSE163_9282      0.00%    passed     87.63%
 638  HOUSE1556_1537     0.00%    passed     76.32%
 639  HOUSE2856_12118    0.00%    passed     98.54%
 640  HOUSE2381_11291    0.00%    passed     99.88%
 641  HOUSE406_391       0.00%    passed     93.34%
 642  HOUSE5031_10657    0.00%    passed     96.36%
 643  HOUSE705_13920     0.00%    passed     89.77%
 644  HOUSE8_14204       0.00%    passed     85.48%
 645  HOUSE4597_16176    0.00%    passed     98.69%
 646  HOUSE2610_12957    0.00%    passed     97.89%
 647  HOUSE2716_16859    0.00%    passed     88.92%
 648  HOUSE4364_12914    0.00%    passed     85.15%
 649  HOUSE3583_7716     0.00%    passed     93.86%
 650  HOUSE4840_9633     0.00%    passed     82.91%
 651  HOUSE3740_10265    0.00%    passed     98.78%
 652  HOUSE5680_9694     0.00%    passed     93.71%
 653  HOUSE524_16549     0.00%    passed     98.44%
 654  HOUSE351_338       0.00%    passed     89.22%
 655  HOUSE4687_14753    0.00%    passed     98.12%
 656  HOUSE1473_1455     0.00%    passed     90.79%
 657  HOUSE4733_12254    0.00%    passed     97.78%
 658  HOUSE581_10883     0.00%    passed     71.61%
 659  HOUSE716_11315     0.00%    passed     90.02%
 660  HOUSE1488_9509     0.00%    passed     98.24%
 661  HOUSE4554_7757     0.00%    passed     92.41%
 662  HOUSE6019_12198    0.00%    passed     96.14%
 663  HOUSE2590_14447    0.00%    passed     96.06%
 664  HOUSE247_10475     0.00%    passed     96.46%
 665  HOUSE2208_12891    0.00%    passed     97.56%
 666  HOUSE281_15743     0.00%    passed     96.66%
 667  HOUSE3224_3174     0.00%    passed     89.76%
 668  HOUSE3224_3175     0.00%    passed     89.01%
 669  HOUSE3616_13391    0.00%    passed     97.37%
 670  HOUSE3128_3096     0.00%    passed     95.51%
 671  HOUSE380_11709     0.00%    passed     93.75%
 672  HOUSE2563_14110    0.00%    passed     93.26%
 673  HOUSE2537_10045    0.00%    passed     89.37%
 674  HOUSE5430_12193    0.00%    passed     96.10%
 675  HOUSE4444_7668     0.00%    passed     97.78%
 676  HOUSE5437_5421     0.00%    passed     95.98%
 677  HOUSE3089_14408    0.00%    passed     57.52%
 678  HOUSE3243_3200     0.00%    passed     96.76%
 679  HOUSE1266_10115    0.00%    passed     97.67%
 680  HOUSE1561_1541     0.00%    passed     84.57%
 681  HOUSE1641_11481    0.00%    passed     95.81%
 682  HOUSE3955_14310    0.00%    passed     95.77%
 683  HOUSE5175_9775     0.00%    passed     79.71%
 684  HOUSE3754_8996     0.00%    passed     99.59%
 685  HOUSE3714_3658     0.00%    passed     90.78%
 686  HOUSE2582_7559     0.00%    passed     91.43%
 687  HOUSE5413_6889     0.00%    passed     94.45%
 688  HOUSE5149_11160    0.00%    passed     97.97%
 689  HOUSE663_13756     0.00%    passed     92.45%
 690  HOUSE2473_11902    0.00%    passed     74.32%
 691  HOUSE2047_13350    0.00%    passed     98.69%
 692  HOUSE6019_16217    0.00%    passed     98.82%
 693  HOUSE4355_10594    0.00%    passed     99.73%
 694  HOUSE635_15427     0.00%    passed     99.55%
 695  HOUSE2961_9228     0.00%    passed     95.63%
 696  HOUSE4076_11816    0.00%    passed     96.40%
 697  HOUSE2673_12323    0.00%    passed     97.69%
 698  HOUSE866_9124      0.00%    passed     88.49%
 699  HOUSE3429_3381     0.00%    passed     92.31%
 700  HOUSE604_9157      0.00%    passed     99.83%
 701  HOUSE2284_12431    0.00%    passed     89.89%
 702  HOUSE2715_11897    0.00%    passed     96.29%
 703  HOUSE2715_11923    0.00%    passed     77.80%
 704  HOUSE2029_10621    0.00%    passed     92.35%
 705  HOUSE4483_10426    0.00%    passed     98.74%
 706  HOUSE5669_5656     0.00%    passed     86.61%
 707  HOUSE5948_11243    0.00%    passed     80.88%
 708  HOUSE6019_13034    0.00%    passed     96.01%
 709  HOUSE1612_15137    0.00%    passed     83.12%
 710  HOUSE2201_14491    0.00%    passed     81.33%
 711  HOUSE3124_13058    0.00%    passed     88.59%
 712  HOUSE43_33         0.00%    passed     74.95%
 713  HOUSE6019_17172    0.00%    passed     65.64%
 714  HOUSE1448_13810    0.00%    passed     93.88%
 715  HOUSE5082_16792    0.00%    passed     42.00%
 716  HOUSE4686_14439    0.00%    passed     88.95%
 717  HOUSE2568_12621    0.00%    passed     62.42%
 718  HOUSE3527_3472     0.00%    passed     67.97%
 719  HOUSE699_14881     0.00%    passed     82.13%
 720  HOUSE5208_10824    0.00%    passed     89.90%
 721  HOUSE2894_12935    0.00%    passed     87.13%
 722  HOUSE1965_7622     0.00%    passed     98.96%
 723  HOUSE1148_10280    0.00%    passed     99.88%
 724  HOUSE4438_6639     0.00%    passed     88.08%
 725  HOUSE1460_13063    0.00%    passed     81.24%
 726  HOUSE1398_13547    0.00%    passed     85.20%
 727  HOUSE1862_16880    0.00%    passed     81.92%
 728  HOUSE5681_5670     0.00%    passed     83.11%
 729  HOUSE5075_5043     0.00%    passed     62.13%
 730  HOUSE400_13533     0.00%    passed     90.71%
 731  HOUSE3025_14287    0.00%    passed     72.02%
 732  HOUSE1111_1084     0.00%    passed     76.02%
 733  HOUSE3384_11838    0.00%    passed     51.54%
 734  HOUSE2467_12699    0.00%    passed     53.98%
 735  HOUSE4421_14207    0.00%    passed     67.06%
 736  HOUSE2931_11532    0.00%    passed     44.36%
 737  HOUSE5845_5825     0.00%    passed     86.16%
 738  HOUSE5845_5824     0.00%    passed     59.25%
 739  HOUSE2206_12710    0.00%    passed     74.61%
 740  HOUSE4624_4587     0.00%    passed     82.67%
 741  HOUSE2180_6998     0.00%    passed     91.62%
 742  HOUSE30_12647      0.00%    passed     84.91%
 743  HOUSE30_13475      0.00%    passed     79.60%
 744  HOUSE3575_12236    0.00%    passed     90.47%
 745  HOUSE3575_13752    0.00%    passed     90.09%
 746  HOUSE3495_3443     0.00%    passed     91.22%
 747  HOUSE5862_6895     0.00%    passed     82.63%
 748  HOUSE567_14279     0.00%    passed     97.41%
 749  HOUSE4909_4882     0.00%    passed     89.07%
 750  HOUSE1529_9670     0.00%    passed     94.84%
 751  HOUSE672_11925     0.00%    passed     92.63%
 752  HOUSE26_15700      0.00%    passed     75.27%
 753  HOUSE1373_14101    0.00%    passed     97.69%
 754  HOUSE3303_10882    0.00%    passed     99.06%
 755  HOUSE2615_13508    0.00%    passed     99.00%
 756  HOUSE6019_11784    0.00%    passed     98.64%
 757  HOUSE2286_6358     0.00%    passed     99.73%
 758  HOUSE3264_8591     0.00%    passed     70.86%
 759  HOUSE2908_11327    0.00%    passed     94.30%
 760  HOUSE1291_1265     0.00%    passed     91.25%
 761  HOUSE5398_10548    0.00%    passed     91.69%
 762  HOUSE5398_5379     0.00%    passed     94.36%
 763  HOUSE105_15686     0.00%    passed     91.68%
 764  HOUSE6019_12021    0.00%    passed     85.64%
 765  HOUSE1772_10497    0.00%    passed     79.09%
 766  HOUSE2619_9786     0.00%    passed     70.81%
 767  HOUSE1058_12174    0.00%    passed     99.55%
 768  HOUSE4173_7515     0.00%    passed     96.88%
 769  HOUSE3790_10893    0.00%    passed     89.49%
 770  HOUSE1779_11015    0.00%    passed     81.14%
 771  HOUSE1378_15018    0.00%    passed     73.96%
 772  HOUSE1378_14436    0.00%    passed     73.37%
 773  HOUSE3742_3690     0.00%    passed     46.08%
 774  HOUSE3742_3691     0.00%    passed     61.06%
 775  HOUSE3994_13912    0.00%    passed     88.95%
 776  HOUSE4700_4666     0.00%    passed     91.60%
 777  HOUSE125_14224     0.00%    passed     89.10%
 778  HOUSE208_9733      0.00%    passed     92.78%
 779  HOUSE2970_15173    0.00%    passed     96.15%
 780  HOUSE1047_11397    0.00%    passed     91.38%
 781  HOUSE1047_1021     0.00%    passed     85.38%
 782  HOUSE2119_6308     0.00%    passed     95.94%
 783  HOUSE191_12283     0.00%    passed     93.02%
 784  HOUSE127_14509     0.00%    passed     98.11%
 785  HOUSE3302_13307    0.00%    passed     67.05%
 786  HOUSE3302_3261     0.00%    passed     86.67%
 787  HOUSE1414_12912    0.00%    passed     89.81%
 788  HOUSE457_12356     0.00%    passed     94.84%
 789  HOUSE2377_11975    0.00%    passed     77.13%
 790  HOUSE1785_14992    0.00%    passed     86.06%
 791  HOUSE4310_4264     0.00%    passed     99.75%
 792  HOUSE1176_13406    0.00%    passed     96.12%
 793  HOUSE4750_8480     0.00%    passed     98.99%
 794  HOUSE3424_9471     0.00%    passed     98.04%
 795  HOUSE2365_15766    0.00%    passed     74.26%
 796  HOUSE2365_10320    0.00%    passed     89.11%
 797  HOUSE5893_5872     0.00%    passed     84.89%
 798  HOUSE3901_3862     0.00%    passed     90.73%
 799  HOUSE4255_11739    0.00%    passed     90.55%
 800  HOUSE4255_11649    0.00%    passed     73.45%
 801  HOUSE3120_14305    0.00%    passed     73.10%
 802  HOUSE559_13119     0.00%    passed     87.25%
 803  HOUSE2692_13717    0.00%    passed     93.73%
 804  HOUSE344_17263     0.00%    passed     87.08%
 805  HOUSE1961_9354     0.00%    passed     95.59%
 806  HOUSE2731_14200    0.00%    passed     95.72%
 807  HOUSE5795_15265    0.00%    passed     90.82%
 808  HOUSE915_9813      0.00%    passed     94.89%
 809  HOUSE3158_3124     0.00%    passed     93.23%
 810  HOUSE150_14614     0.00%    passed     98.91%
 811  HOUSE2315_11685    0.00%    passed     98.31%
 812  HOUSE2519_14909    0.00%    passed     99.60%
 813  HOUSE1469_13048    0.00%    passed     98.26%
 814  HOUSE1182_11851    0.00%    passed     95.77%
 815  HOUSE152_136       0.00%    passed     94.69%
 816  HOUSE2171_14906    0.00%    passed     97.83%
 817  HOUSE1036_14344    0.00%    passed     90.07%
 818  HOUSE5386_11677    0.00%    passed     85.79%
 819  HOUSE5524_10595    0.00%    passed     90.10%
 820  HOUSE2164_11957    0.00%    passed     87.06%
 821  HOUSE5738_5719     0.00%    passed     67.65%
 822  HOUSE2742_12707    0.00%    passed     59.75%
 823  HOUSE6019_15544    0.00%    passed     76.63%
 824  HOUSE4029_3990     0.00%    passed     88.67%
 825  HOUSE864_14767     0.00%    passed     69.93%
 826  HOUSE2595_11578    0.00%    passed     74.21%
 827  HOUSE3448_13843    0.00%    passed     82.61%
 828  HOUSE1491_12849    0.00%    passed     99.43%
 829  HOUSE2804_9967     0.00%    passed     99.92%
 830  HOUSE293_12122     0.00%    passed     85.78%
 831  HOUSE2627_2637     0.00%    passed     99.18%
 832  HOUSE346_11220     0.00%    passed     96.61%
 833  HOUSE1559_10789    0.00%    passed     96.04%
 834  HOUSE2593_8800     0.00%    passed     80.67%
 835  HOUSE5083_11076    0.00%    passed     97.13%
 836  HOUSE4494_11585    0.00%    passed     91.15%
 837  HOUSE896_884       0.00%    passed     95.09%
 838  HOUSE4091_13421    0.00%    passed     97.62%
 839  HOUSE2439_14581    0.00%    passed     57.82%
 840  HOUSE1767_16747    0.00%    passed     71.13%
 841  HOUSE4598_12490    0.00%    passed     87.54%
 842  HOUSE3681_3623     0.00%    passed     80.91%
 843  HOUSE2251_8913     0.00%    passed     93.14%
 844  HOUSE2061_11339    0.00%    passed     99.24%
 845  HOUSE48_14052      0.00%    passed     97.72%
 846  HOUSE5318_5298     0.00%    passed     96.36%
 847  HOUSE954_12705     0.00%    passed     98.47%
 848  HOUSE6019_15623    0.00%    passed     98.99%
 849  HOUSE387_9115      0.00%    passed     96.48%
 850  HOUSE2783_6585     0.00%    passed     98.94%
 851  HOUSE22_13028      0.00%    passed     98.67%
 852  HOUSE926_11807     0.00%    passed     92.81%
 853  HOUSE3619_3564     0.00%    passed     84.91%
 854  HOUSE3123_9671     0.00%    passed     98.14%
 855  HOUSE3109_3081     0.00%    passed     93.84%
 856  HOUSE2558_13489    0.00%    passed     94.62%
 857  HOUSE2475_10691    0.00%    passed     99.85%
 858  HOUSE3942_15281    0.00%    passed     80.40%
 859  HOUSE3775_14035    0.00%    passed     89.18%
 860  HOUSE691_13853     0.00%    passed     99.08%
 861  HOUSE6019_11301    0.00%    passed     97.07%
 862  HOUSE815_15631     0.00%    passed     98.78%
 863  HOUSE1319_1298     0.00%    passed     94.33%
 864  HOUSE5130_8912     0.00%    passed     88.07%
 865  HOUSE6019_15096    0.00%    passed     92.88%
 866  HOUSE5377_14476    0.00%    passed     91.02%
 867  HOUSE942_10065     0.00%    passed     74.44%
 868  HOUSE939_8802      0.00%    passed     99.55%
 869  HOUSE243_225       0.00%    passed     92.05%
 870  HOUSE2759_12907    0.00%    passed     86.92%
 871  HOUSE3824_3778     0.00%    passed     90.23%
 872  HOUSE2357_2368     0.00%    passed     98.93%
 873  HOUSE2357_2369     0.00%    passed     98.97%
 874  HOUSE430_8359      0.00%    passed     96.43%
 875  HOUSE2354_9972     0.00%    passed     98.99%
 876  HOUSE202_9337      0.00%    passed     99.68%
 877  HOUSE3089_15308    0.00%    passed     97.89%
 878  HOUSE5136_6686     0.00%    passed     99.39%
 879  HOUSE5554_7521     0.00%    passed     95.54%
 880  HOUSE5554_7601     0.00%    passed     99.16%
 881  HOUSE1712_10084    0.00%    passed     93.22%
 882  HOUSE1293_11888    0.00%    passed     86.75%
 883  HOUSE4744_7074     0.00%    passed     97.04%
 884  HOUSE2591_12553    0.00%    passed     67.93%
 885  HOUSE4293_6848     0.00%    passed     94.33%
 886  HOUSE1912_12428    0.00%    passed     99.13%
 887  HOUSE1436_10109    0.00%    passed     86.63%
 888  HOUSE4233_4185     0.00%    passed     72.70%
 889  HOUSE5595_5588     0.00%    passed     82.40%
 890  HOUSE6019_15957    0.00%    passed     76.59%
 891  HOUSE668_10232     0.00%    passed     91.84%
 892  HOUSE86_73         0.00%    passed     87.11%
 893  HOUSE2767_14738    0.00%    passed     70.41%
 894  HOUSE4398_12410    0.00%    passed     96.24%
 895  HOUSE3840_8805     0.00%    passed     73.25%
 896  HOUSE1793_11714    0.00%    passed     91.24%
 897  HOUSE1551_1535     0.00%    passed     85.02%
 898  HOUSE2831_12057    0.00%    passed     79.45%
 899  HOUSE1656_15053    0.00%    passed     73.57%
 900  HOUSE3649_13543    0.00%    passed     78.11%
 901  HOUSE5863_5840     0.00%    passed     98.78%
 902  HOUSE5863_6220     0.00%    passed     98.49%
 903  HOUSE5462_14167    0.00%    passed     94.13%
 904  HOUSE226_208       0.00%    passed     97.17%
 905  HOUSE1244_15139    0.00%    passed     96.31%
 906  HOUSE2013_2007     0.00%    passed     92.70%
 907  HOUSE936_12818     0.00%    passed     93.61%
 908  HOUSE3694_3634     0.00%    passed     99.14%
 909  HOUSE725_10005     0.00%    passed     99.80%
 910  HOUSE725_11098     0.00%    passed     97.41%
 911  HOUSE6019_14622    0.00%    passed     97.85%
 912  HOUSE2038_9602     0.00%    passed     99.95%
 913  HOUSE14_15759      0.00%    passed     99.93%
 914  HOUSE4065_10241    0.00%    passed     99.81%
 915  HOUSE3530_11850    0.00%    passed     99.56%
 916  HOUSE1441_1429     0.00%    passed     83.62%
 917  HOUSE6_14605       0.00%    passed     43.67%
 918  HOUSE1206_9528     0.00%    passed     91.49%
 919  HOUSE3212_13890    0.00%    passed     94.51%
 920  HOUSE6019_11025    0.00%    passed     93.41%
 921  HOUSE2794_15353    0.00%    passed     92.02%
 922  HOUSE1545_8884     0.00%    passed     92.12%
 923  HOUSE1528_9191     0.00%    passed     92.46%
 924  HOUSE946_11446     0.00%    passed     60.68%
 925  HOUSE1699_13906    0.00%    passed     91.24%
 926  HOUSE5552_8570     0.00%    passed     90.05%
 927  HOUSE3651_3595     0.00%    passed     99.79%
 928  HOUSE436_423       0.00%    passed     93.29%
 929  HOUSE1993_1981     0.00%    passed     99.43%
 930  HOUSE2317_10437    0.00%    passed     98.44%
 931  HOUSE6019_14747    0.00%    passed     92.33%
 932  HOUSE2689_2705     0.00%    passed     85.58%
 933  HOUSE4048_9924     0.00%    passed     99.71%
 934  HOUSE5440_5424     0.00%    passed     98.98%
 935  HOUSE213_8853      0.00%    passed     90.91%
 936  HOUSE4957_11691    0.00%    passed     96.21%
 937  HOUSE4425_11265    0.00%    passed     89.86%
 938  HOUSE930_9401      0.00%    passed     99.94%
 939  HOUSE3476_7434     0.00%    passed     96.48%
 940  HOUSE269_13719     0.00%    passed     96.14%
 941  HOUSE5013_4985     0.00%    passed     97.50%
 942  HOUSE1066_9744     0.00%    passed     76.99%
 943  HOUSE2068_11221    0.00%    passed     98.96%
 944  HOUSE2911_10966    0.00%    passed     96.15%
 945  HOUSE2307_2320     0.00%    passed     93.61%
 946  HOUSE253_14111     0.00%    passed     87.63%
 947  HOUSE2703_14607    0.00%    passed     78.77%
 948  HOUSE6019_16564    0.00%    passed     87.79%
 949  HOUSE3185_15459    0.00%    passed     79.91%
 950  HOUSE5352_14078    0.00%    passed     91.32%
 951  HOUSE5882_5860     0.00%    passed     95.56%
 952  HOUSE1100_6704     0.00%    passed     93.90%
 953  HOUSE1732_7485     0.00%    passed     84.20%
 954  HOUSE6019_12835    0.00%    passed     84.66%
 955  HOUSE1313_14267    0.00%    passed     95.01%
 956  HOUSE4179_6629     0.00%    passed     92.85%
 957  HOUSE5161_15445    0.00%    passed     95.01%
 958  HOUSE2553_13372    0.00%    passed     99.01%
 959  HOUSE5013_15964    0.00%    passed     95.21%
 960  HOUSE5815_9129     0.00%    passed     94.84%
 961  HOUSE1956_11018    0.00%    passed     91.50%
 962  HOUSE1181_13124    0.00%    passed     76.81%
 963  HOUSE2174_12981    0.00%    passed     57.09%
 964  HOUSE1894_10163    0.00%    passed     86.00%
 965  HOUSE59_12558      0.00%    passed     72.73%
 966  HOUSE4365_4331     0.00%    passed     76.69%
 967  HOUSE3481_12096    0.00%    passed     97.15%
 968  HOUSE663_12794     0.00%    passed     96.69%
 969  HOUSE1149_1113     0.00%    passed     93.52%
 970  HOUSE1149_16820    0.00%    passed     79.86%
 971  HOUSE1412_10139    0.00%    passed     98.18%
 972  HOUSE235_14512     0.00%    passed     71.03%
 973  HOUSE6019_17065    0.00%    passed     94.63%
 974  HOUSE1046_18085    0.00%    passed     93.47%
 975  HOUSE6019_15434    0.00%    passed     95.14%
 976  HOUSE5923_5908     0.00%    passed     94.06%
 977  HOUSE4288_4246     0.00%    passed     66.33%
 978  HOUSE5749_5734     0.00%    passed     91.40%
 979  HOUSE5749_5735     0.00%    passed     96.62%
 980  HOUSE2155_2171     0.00%    passed     99.70%
 981  HOUSE3495_3442     0.00%    passed     63.57%
 982  HOUSE3495_17301    0.00%    passed     72.21%
 983  HOUSE810_12704     0.00%    passed     93.42%
 984  HOUSE2838_10811    0.00%    passed     98.10%
****  TOTAL              0.00%  0 sequences failed composition chi2 test (p-value<5%; df=3)

Reading partition gag (model=GTR+R20, aln=, seq=DNA, pos=1-1479) ...
984 sequences and 1479 sites extracted

Reading partition pol (model=GTR+R20, aln=, seq=DNA, pos=1480-4479) ...
984 sequences and 3000 sites extracted

Reading partition env (model=GTR+R20, aln=, seq=DNA, pos=4480-6987) ...
984 sequences and 2508 sites extracted
Degree of missing data: 0.000


Create initial parsimony tree by phylogenetic likelihood library (PLL)... 3.611 seconds

NOTE: 2983 MB RAM is required!
Estimate model parameters (epsilon = 0.100)
Initial log-likelihood: -929589.539
Current log-likelihood at step 1: -918098.100
Current log-likelihood at step 2: -914917.871
Current log-likelihood at step 3: -914739.311
Current log-likelihood at step 4: -914570.209
Current log-likelihood at step 5: -914513.709
Current log-likelihood at step 6: -914428.375
Current log-likelihood at step 7: -914353.788
Current log-likelihood at step 8: -914342.986
Current log-likelihood at step 9: -914325.847
Current log-likelihood at step 10: -914320.689
Current log-likelihood at step 11: -914313.307
Current log-likelihood at step 12: -914311.062
Current log-likelihood at step 13: -914303.305
Current log-likelihood at step 14: -914295.560
Current log-likelihood at step 15: -914291.211
Current log-likelihood at step 16: -914290.437
Current log-likelihood at step 17: -914290.043
Current log-likelihood at step 18: -914289.681
Current log-likelihood at step 19: -914289.185
Current log-likelihood at step 20: -914288.846
Current log-likelihood at step 21: -914287.813
Current log-likelihood at step 22: -914287.511
Current log-likelihood at step 23: -914286.674
Current log-likelihood at step 24: -914286.214
Current log-likelihood at step 25: -914284.485
Current log-likelihood at step 26: -914283.492
Current log-likelihood at step 27: -914282.698
Current log-likelihood at step 28: -914282.253
Current log-likelihood at step 29: -914281.866
Current log-likelihood at step 30: -914281.505
Current log-likelihood at step 31: -914281.213
Current log-likelihood at step 32: -914278.963
Current log-likelihood at step 33: -914277.869
Current log-likelihood at step 34: -914269.063
Current log-likelihood at step 35: -914267.999
Current log-likelihood at step 36: -914267.287
Current log-likelihood at step 37: -914266.863
Current log-likelihood at step 38: -914266.554
Current log-likelihood at step 39: -914266.315
Current log-likelihood at step 40: -914266.115
Current log-likelihood at step 41: -914265.916
Current log-likelihood at step 42: -914265.697
Current log-likelihood at step 43: -914265.275
Current log-likelihood at step 44: -914261.419
Current log-likelihood at step 45: -914259.605
Current log-likelihood at step 46: -914258.377
Current log-likelihood at step 47: -914258.023
Current log-likelihood at step 48: -914257.760
Current log-likelihood at step 49: -914257.552
Current log-likelihood at step 50: -914257.339
Current log-likelihood at step 51: -914256.246
Current log-likelihood at step 52: -914255.332
Current log-likelihood at step 53: -914254.913
Current log-likelihood at step 54: -914254.296
Current log-likelihood at step 55: -914254.017
Current log-likelihood at step 56: -914253.688
Current log-likelihood at step 57: -914252.502
Current log-likelihood at step 58: -914250.572
Current log-likelihood at step 59: -914249.433
Current log-likelihood at step 60: -914249.272
Current log-likelihood at step 61: -914248.640
Current log-likelihood at step 62: -914248.196
Current log-likelihood at step 63: -914247.757
Current log-likelihood at step 64: -914247.573
Current log-likelihood at step 65: -914247.471
Current log-likelihood at step 66: -914247.384
Partition-specific rates:  1.129 0.816 1.144
Parameters optimization took 65 rounds (8463.398 sec)

8470.874 seconds (logl: -914247.384)
Generating 99 parsimony trees... (0 duplicated parsimony trees)
Time: 406.093
Computing logl of parsimony trees ... 
Average wall time for computing logl of 1 parsimony tree: 13.658

Optimizing top parsimony trees with NNI...
Iteration 1 / LogL: -913768.344 / Time: 2h:52m:2s
Estimate model parameters (epsilon = 0.100)
Initial log-likelihood: -913768.336
Current log-likelihood at step 1: -913768.186
Current log-likelihood at step 2: -913758.985
Current log-likelihood at step 3: -913757.584
Current log-likelihood at step 4: -913756.113
Current log-likelihood at step 5: -913755.514
Current log-likelihood at step 6: -913755.254
Current log-likelihood at step 7: -913753.706
Current log-likelihood at step 8: -913752.848
Current log-likelihood at step 9: -913752.392
Current log-likelihood at step 10: -913752.171
Current log-likelihood at step 11: -913751.697
Current log-likelihood at step 12: -913751.560
Current log-likelihood at step 13: -913750.977
Current log-likelihood at step 14: -913750.651
Current log-likelihood at step 15: -913750.472
Current log-likelihood at step 16: -913750.226
Current log-likelihood at step 17: -913749.994
Current log-likelihood at step 18: -913743.991
Current log-likelihood at step 19: -913742.619
Current log-likelihood at step 20: -913741.979
Current log-likelihood at step 21: -913741.777
Current log-likelihood at step 22: -913741.733
Partition-specific rates:  1.072 0.828 1.163
Parameters optimization took 21 rounds (2325.305 sec)

2330.165 seconds (logl: -913741.733)
BETTER TREE FOUND at iteration 1: -913741.733
Iteration 2 / LogL: -913769.181 / Time: 3h:32m:17s
Iteration 3 / LogL: -913738.407 / Time: 3h:33m:47s
Estimate model parameters (epsilon = 0.100)
Initial log-likelihood: -913738.387
Current log-likelihood at step 1: -913738.215
Current log-likelihood at step 2: -913738.107
Current log-likelihood at step 3: -913738.009
Partition-specific rates:  1.071 0.828 1.163
Parameters optimization took 2 rounds (278.979 sec)

283.268 seconds (logl: -913738.009)
BETTER TREE FOUND at iteration 3: -913738.009
Iteration 4 / LogL: -913768.824 / Time: 3h:39m:44s
Iteration 5 / LogL: -913755.146 / Time: 3h:41m:14s
Iteration 6 / LogL: -913774.721 / Time: 3h:42m:38s
Iteration 7 / LogL: -913746.296 / Time: 3h:44m:3s
Iteration 8 / LogL: -913769.666 / Time: 3h:45m:18s
Iteration 9 / LogL: -913762.785 / Time: 3h:46m:44s
Iteration 10 / LogL: -913747.408 / Time: 3h:48m:15s
Iteration 11 / LogL: -913770.566 / Time: 3h:49m:30s
Iteration 12 / LogL: -913771.889 / Time: 3h:50m:46s
Iteration 13 / LogL: -913766.966 / Time: 3h:52m:5s
Iteration 14 / LogL: -913771.609 / Time: 3h:53m:19s
Iteration 15 / LogL: -913762.396 / Time: 3h:54m:46s
Iteration 16 / LogL: -913768.237 / Time: 3h:56m:11s
Iteration 17 / LogL: -913765.952 / Time: 3h:57m:36s
Iteration 18 / LogL: -913772.993 / Time: 3h:58m:55s
Iteration 19 / LogL: -913759.439 / Time: 4h:0m:24s
Iteration 20 / LogL: -913800.764 / Time: 4h:1m:44s
Average CPU time for 1 NNI search: 211.677
Finish initializing candidate tree set. Number of distinct locally optimal trees: 20
Current best tree score: -913738.009 / CPU time: 5990.129
Estimate model parameters (epsilon = 0.001)
Initial log-likelihood: -913737.379
Current log-likelihood at step 1: -913737.302
Current log-likelihood at step 2: -913737.253
Current log-likelihood at step 3: -913731.890
Current log-likelihood at step 4: -913725.056
Current log-likelihood at step 5: -913724.671
Current log-likelihood at step 6: -913723.849
Current log-likelihood at step 7: -913723.792
Current log-likelihood at step 8: -913723.721
Current log-likelihood at step 9: -913723.668
Current log-likelihood at step 10: -913723.603
Current log-likelihood at step 11: -913721.560
Current log-likelihood at step 12: -913719.648
Current log-likelihood at step 13: -913719.502
Current log-likelihood at step 14: -913719.258
Current log-likelihood at step 15: -913718.659
Current log-likelihood at step 16: -913717.942
Current log-likelihood at step 17: -913717.478
Current log-likelihood at step 18: -913717.353
Current log-likelihood at step 19: -913717.327
Current log-likelihood at step 20: -913717.294
Current log-likelihood at step 21: -913717.259
Current log-likelihood at step 22: -913717.208
Current log-likelihood at step 23: -913716.890
Current log-likelihood at step 24: -913716.554
Current log-likelihood at step 25: -913715.027
Current log-likelihood at step 26: -913714.578
Current log-likelihood at step 27: -913714.470
Current log-likelihood at step 28: -913714.207
Current log-likelihood at step 29: -913712.800
Current log-likelihood at step 30: -913712.057
Current log-likelihood at step 31: -913711.677
Current log-likelihood at step 32: -913711.542
Current log-likelihood at step 33: -913711.509
Current log-likelihood at step 34: -913711.451
Current log-likelihood at step 35: -913711.387
Current log-likelihood at step 36: -913711.336
Current log-likelihood at step 37: -913711.257
Current log-likelihood at step 38: -913711.221
Current log-likelihood at step 39: -913711.195
Current log-likelihood at step 40: -913711.179
Current log-likelihood at step 41: -913711.149
Current log-likelihood at step 42: -913711.133
Current log-likelihood at step 43: -913711.115
Current log-likelihood at step 44: -913711.099
Current log-likelihood at step 45: -913709.620
Current log-likelihood at step 46: -913708.797
Current log-likelihood at step 47: -913708.574
Current log-likelihood at step 48: -913708.546
Current log-likelihood at step 49: -913708.519
Current log-likelihood at step 50: -913708.454
Current log-likelihood at step 51: -913708.424
Current log-likelihood at step 52: -913708.392
Current log-likelihood at step 53: -913708.371
Current log-likelihood at step 54: -913708.340
Current log-likelihood at step 55: -913708.320
Current log-likelihood at step 56: -913708.293
Current log-likelihood at step 57: -913707.910
Current log-likelihood at step 58: -913707.894
Current log-likelihood at step 59: -913707.871
Current log-likelihood at step 60: -913707.852
Current log-likelihood at step 61: -913707.832
Current log-likelihood at step 62: -913707.815
Current log-likelihood at step 63: -913707.801
Current log-likelihood at step 64: -913707.774
Current log-likelihood at step 65: -913707.750
Current log-likelihood at step 66: -913707.738
Current log-likelihood at step 67: -913707.723
Current log-likelihood at step 68: -913707.703
Current log-likelihood at step 69: -913707.681
Current log-likelihood at step 70: -913707.665
Current log-likelihood at step 71: -913707.649
Current log-likelihood at step 72: -913707.451
Current log-likelihood at step 73: -913707.435
Current log-likelihood at step 74: -913707.421
Current log-likelihood at step 75: -913707.404
Current log-likelihood at step 76: -913707.383
Current log-likelihood at step 77: -913707.369
Current log-likelihood at step 78: -913707.356
Current log-likelihood at step 79: -913707.339
Current log-likelihood at step 80: -913707.324
Current log-likelihood at step 81: -913707.309
Current log-likelihood at step 82: -913707.299
Current log-likelihood at step 83: -913707.288
Current log-likelihood at step 84: -913707.276
Current log-likelihood at step 85: -913707.263
Current log-likelihood at step 86: -913707.250
Current log-likelihood at step 87: -913707.232
Current log-likelihood at step 88: -913707.219
Current log-likelihood at step 89: -913707.204
Current log-likelihood at step 90: -913707.194
Current log-likelihood at step 91: -913707.182
Current log-likelihood at step 92: -913707.172
Current log-likelihood at step 93: -913707.163
Current log-likelihood at step 94: -913707.155
Current log-likelihood at step 95: -913707.142
Current log-likelihood at step 96: -913707.131
Current log-likelihood at step 97: -913707.117
Current log-likelihood at step 98: -913706.819
Current log-likelihood at step 99: -913706.799
Partition-specific rates:  1.025 0.824 1.195
Parameters optimization took 99 rounds (8979.729 sec)

8984.276 seconds (logl: -913706.799)
BETTER TREE FOUND at iteration 24: -913706.799 / CPU time: 24093s
Iteration 30 / LogL: -913722.711 / Time: 6h:59m:39s (22h:39m:58s left)
Iteration 40 / LogL: -913707.872 / Time: 7h:28m:20s (16h:5m:26s left)
Iteration 50 / LogL: -913827.691 / Time: 7h:59m:41s (12h:4m:17s left)
Iteration 60 / LogL: -913706.828 / Time: 8h:28m:18s (9h:11m:17s left)
Iteration 70 / LogL: -913720.641 / Time: 8h:56m:21s (6h:59m:41s left)
Iteration 80 / LogL: -913707.431 / Time: 9h:24m:41s (5h:14m:27s left)
Iteration 90 / LogL: -913731.866 / Time: 9h:52m:44s (3h:46m:24s left)
Iteration 100 / LogL: -913706.912 / Time: 10h:20m:52s (2h:30m:29s left)
Iteration 110 / LogL: -913706.805 / Time: 10h:48m:55s (1h:23m:20s left)
Iteration 120 / LogL: -913707.343 / Time: 11h:17m:22s (0h:22m:45s left)
Performs final model parameters optimization
Estimate model parameters (epsilon = 0.001)
Initial log-likelihood: -913706.799
Current log-likelihood at step 1: -913706.771
Current log-likelihood at step 2: -913706.758
Current log-likelihood at step 3: -913706.736
Current log-likelihood at step 4: -913706.723
Current log-likelihood at step 5: -913706.711
Current log-likelihood at step 6: -913706.699
Current log-likelihood at step 7: -913706.688
Current log-likelihood at step 8: -913706.676
Current log-likelihood at step 9: -913706.666
Current log-likelihood at step 10: -913706.654
Current log-likelihood at step 11: -913706.644
Current log-likelihood at step 12: -913706.634
Current log-likelihood at step 13: -913706.623
Current log-likelihood at step 14: -913706.612
Current log-likelihood at step 15: -913706.603
Current log-likelihood at step 16: -913706.593
Current log-likelihood at step 17: -913706.584
Current log-likelihood at step 18: -913706.573
Current log-likelihood at step 19: -913706.564
Current log-likelihood at step 20: -913706.554
Current log-likelihood at step 21: -913706.545
Current log-likelihood at step 22: -913706.535
Current log-likelihood at step 23: -913706.528
Current log-likelihood at step 24: -913706.516
Current log-likelihood at step 25: -913706.508
Current log-likelihood at step 26: -913706.489
Current log-likelihood at step 27: -913706.473
Current log-likelihood at step 28: -913706.453
Current log-likelihood at step 29: -913706.311
Current log-likelihood at step 30: -913706.300
Current log-likelihood at step 31: -913706.292
Current log-likelihood at step 32: -913706.285
Current log-likelihood at step 33: -913706.277
Current log-likelihood at step 34: -913706.268
Current log-likelihood at step 35: -913706.262
Current log-likelihood at step 36: -913706.255
Current log-likelihood at step 37: -913706.249
Current log-likelihood at step 38: -913706.243
Current log-likelihood at step 39: -913706.238
Current log-likelihood at step 40: -913706.227
Current log-likelihood at step 41: -913706.218
Current log-likelihood at step 42: -913706.210
Current log-likelihood at step 43: -913706.203
Current log-likelihood at step 44: -913706.196
Current log-likelihood at step 45: -913706.191
Current log-likelihood at step 46: -913706.183
Current log-likelihood at step 47: -913706.179
Current log-likelihood at step 48: -913706.171
Current log-likelihood at step 49: -913706.165
Current log-likelihood at step 50: -913706.158
Current log-likelihood at step 51: -913706.152
Current log-likelihood at step 52: -913706.146
Current log-likelihood at step 53: -913706.140
Current log-likelihood at step 54: -913706.134
Current log-likelihood at step 55: -913706.128
Current log-likelihood at step 56: -913706.122
Current log-likelihood at step 57: -913706.117
Current log-likelihood at step 58: -913706.111
Current log-likelihood at step 59: -913706.106
Current log-likelihood at step 60: -913706.100
Current log-likelihood at step 61: -913706.095
Current log-likelihood at step 62: -913706.089
Current log-likelihood at step 63: -913706.085
Current log-likelihood at step 64: -913706.079
Current log-likelihood at step 65: -913706.074
Current log-likelihood at step 66: -913706.069
Current log-likelihood at step 67: -913706.064
Current log-likelihood at step 68: -913706.059
Current log-likelihood at step 69: -913706.054
Current log-likelihood at step 70: -913706.049
Current log-likelihood at step 71: -913706.044
Current log-likelihood at step 72: -913706.039
Current log-likelihood at step 73: -913706.034
Current log-likelihood at step 74: -913706.029
Current log-likelihood at step 75: -913706.025
Current log-likelihood at step 76: -913706.020
Current log-likelihood at step 77: -913706.015
Current log-likelihood at step 78: -913706.010
Current log-likelihood at step 79: -913706.006
Current log-likelihood at step 80: -913706.001
Current log-likelihood at step 81: -913705.997
Current log-likelihood at step 82: -913705.992
Current log-likelihood at step 83: -913705.988
Current log-likelihood at step 84: -913705.983
Current log-likelihood at step 85: -913705.979
Current log-likelihood at step 86: -913705.974
Current log-likelihood at step 87: -913705.971
Current log-likelihood at step 88: -913705.966
Current log-likelihood at step 89: -913705.962
Current log-likelihood at step 90: -913705.957
Current log-likelihood at step 91: -913705.953
Current log-likelihood at step 92: -913705.949
Current log-likelihood at step 93: -913705.945
Current log-likelihood at step 94: -913705.940
Current log-likelihood at step 95: -913705.936
Current log-likelihood at step 96: -913705.932
Current log-likelihood at step 97: -913705.928
Current log-likelihood at step 98: -913705.924
Current log-likelihood at step 99: -913705.920
Partition-specific rates:  1.025 0.824 1.195
Parameters optimization took 99 rounds (7972.326 sec)

7977.172 seconds (logl: -913705.920)
BEST SCORE FOUND : -913705.920
Total tree length: 33.391

CPU time used for tree search: 32440.885 sec (9h:0m:40s)
Wall-clock time used for tree search: 32854.219 sec (9h:7m:34s)
Total CPU time used: 48876.577 sec (13h:34m:36s)
Total wall-clock time used: 49308.232 sec (13h:41m:48s)

Analysis results written to: 
  IQ-TREE report:                vill_train_gene_r20.iqtree
  Maximum-likelihood tree:       vill_train_gene_r20.treefile
  Screen log file:               vill_train_gene_r20.log

Date and Time: Thu Jun 25 13:17:27 2015
